ERROR - 2023-11-05 07:26:55 --> mysqli_sql_exception: Table 'student.stdbasicinfo2' doesn't exist in C:\xampp\htdocs\clgproject\system\Database\MySQLi\Connection.php:306
Stack trace:
#0 C:\xampp\htdocs\clgproject\system\Database\MySQLi\Connection.php(306): mysqli->query('SELECT *\nFROM `...', 0)
#1 C:\xampp\htdocs\clgproject\system\Database\BaseConnection.php(692): CodeIgniter\Database\MySQLi\Connection->execute('SELECT *\nFROM `...')
#2 C:\xampp\htdocs\clgproject\system\Database\BaseConnection.php(606): CodeIgniter\Database\BaseConnection->simpleQuery('SELECT *\nFROM `...')
#3 C:\xampp\htdocs\clgproject\system\Database\BaseBuilder.php(1615): CodeIgniter\Database\BaseConnection->query('SELECT *\nFROM `...', Array, false)
#4 C:\xampp\htdocs\clgproject\app\Models\stdview_model.php(19): CodeIgniter\Database\BaseBuilder->get()
#5 C:\xampp\htdocs\clgproject\app\Controllers\Stdview.php(16): App\Models\stdview_model->stdmodel2()
#6 C:\xampp\htdocs\clgproject\system\CodeIgniter.php(919): App\Controllers\Stdview->index()
#7 C:\xampp\htdocs\clgproject\system\CodeIgniter.php(494): CodeIgniter\CodeIgniter->runController(Object(App\Controllers\Stdview))
#8 C:\xampp\htdocs\clgproject\system\CodeIgniter.php(353): CodeIgniter\CodeIgniter->handleRequest(NULL, Object(Config\Cache), false)
#9 C:\xampp\htdocs\clgproject\index.php(79): CodeIgniter\CodeIgniter->run()
#10 {main}
CRITICAL - 2023-11-05 07:26:55 --> Table 'student.stdbasicinfo2' doesn't exist
in SYSTEMPATH\Database\BaseConnection.php on line 646.
 1 SYSTEMPATH\Database\BaseBuilder.php(1615): CodeIgniter\Database\BaseConnection->query('SELECT *
FROM `stdbasicinfo2`', [], false)
 2 APPPATH\Models\stdview_model.php(19): CodeIgniter\Database\BaseBuilder->get()
 3 APPPATH\Controllers\Stdview.php(16): App\Models\stdview_model->stdmodel2()
 4 SYSTEMPATH\CodeIgniter.php(919): App\Controllers\Stdview->index()
 5 SYSTEMPATH\CodeIgniter.php(494): CodeIgniter\CodeIgniter->runController(Object(App\Controllers\Stdview))
 6 SYSTEMPATH\CodeIgniter.php(353): CodeIgniter\CodeIgniter->handleRequest(null, Object(Config\Cache), false)
 7 FCPATH\index.php(79): CodeIgniter\CodeIgniter->run()
CRITICAL - 2023-11-05 07:36:08 --> Undefined array key "adno"
in APPPATH\Views\stdview_view.php on line 283.
 1 APPPATH\Views\stdview_view.php(283): CodeIgniter\Debug\Exceptions->errorHandler(2, 'Undefined array key "adno"', 'C:\\xampp\\htdocs\\clgproject\\app\\Views\\stdview_view.php', 283)
 2 SYSTEMPATH\View\View.php(226): include('C:\\xampp\\htdocs\\clgproject\\app\\Views\\stdview_view.php')
 3 SYSTEMPATH\View\View.php(229): CodeIgniter\View\View->CodeIgniter\View\{closure}()
 4 SYSTEMPATH\Common.php(1188): CodeIgniter\View\View->render('stdview_view', [], true)
 5 APPPATH\Controllers\Stdview.php(17): view('stdview_view', [...])
 6 SYSTEMPATH\CodeIgniter.php(919): App\Controllers\Stdview->index()
 7 SYSTEMPATH\CodeIgniter.php(494): CodeIgniter\CodeIgniter->runController(Object(App\Controllers\Stdview))
 8 SYSTEMPATH\CodeIgniter.php(353): CodeIgniter\CodeIgniter->handleRequest(null, Object(Config\Cache), false)
 9 FCPATH\index.php(79): CodeIgniter\CodeIgniter->run()
