ERROR - 2023-11-13 07:04:01 --> mysqli_sql_exception: Column 'gender' cannot be null in C:\xampp\htdocs\clgproject\system\Database\MySQLi\Connection.php:306
Stack trace:
#0 C:\xampp\htdocs\clgproject\system\Database\MySQLi\Connection.php(306): mysqli->query('INSERT INTO `st...', 0)
#1 C:\xampp\htdocs\clgproject\system\Database\BaseConnection.php(692): CodeIgniter\Database\MySQLi\Connection->execute('INSERT INTO `st...')
#2 C:\xampp\htdocs\clgproject\system\Database\BaseConnection.php(606): CodeIgniter\Database\BaseConnection->simpleQuery('INSERT INTO `st...')
#3 C:\xampp\htdocs\clgproject\system\Database\BaseBuilder.php(2308): CodeIgniter\Database\BaseConnection->query('INSERT INTO `st...', Array, false)
#4 C:\xampp\htdocs\clgproject\app\Models\Regform_model.php(16): CodeIgniter\Database\BaseBuilder->insert(Array)
#5 C:\xampp\htdocs\clgproject\app\Controllers\Regform.php(111): App\Models\Regform_model->createUserFam(Array, Array)
#6 C:\xampp\htdocs\clgproject\system\CodeIgniter.php(919): App\Controllers\Regform->index()
#7 C:\xampp\htdocs\clgproject\system\CodeIgniter.php(494): CodeIgniter\CodeIgniter->runController(Object(App\Controllers\Regform))
#8 C:\xampp\htdocs\clgproject\system\CodeIgniter.php(353): CodeIgniter\CodeIgniter->handleRequest(NULL, Object(Config\Cache), false)
#9 C:\xampp\htdocs\clgproject\index.php(79): CodeIgniter\CodeIgniter->run()
#10 {main}
CRITICAL - 2023-11-13 07:04:01 --> Column 'gender' cannot be null
in SYSTEMPATH\Database\BaseConnection.php on line 646.
 1 SYSTEMPATH\Database\BaseBuilder.php(2308): CodeIgniter\Database\BaseConnection->query('INSERT INTO `std_data` (`student_name`, `admission_no`, `register_no`, `gender`, `dob`, `admission_year`, `program`, `adress`, `nation`, `state1`, `district`, `pincode`, `adhaar`, `cast`, `religion`, `income`, `guardian`, `guardian_rel`, `guardian_con`, `email1`, `phno`, `blood`, `hs`, `hss`, `co_caricular`, `distance_to_clg`, `parent_phn`) VALUES (:student_name:, :admission_no:, :register_no:, :gender:, :dob:, :admission_year:, :program:, :adress:, :nation:, :state1:, :district:, :pincode:, :adhaar:, :cast:, :religion:, :income:, :guardian:, :guardian_rel:, :guardian_con:, :email1:, :phno:, :blood:, :hs:, :hss:, :co_caricular:, :distance_to_clg:, :parent_phn:)', [...], false)
 2 APPPATH\Models\Regform_model.php(16): CodeIgniter\Database\BaseBuilder->insert([...])
 3 APPPATH\Controllers\Regform.php(111): App\Models\Regform_model->createUserFam([...], [...])
 4 SYSTEMPATH\CodeIgniter.php(919): App\Controllers\Regform->index()
 5 SYSTEMPATH\CodeIgniter.php(494): CodeIgniter\CodeIgniter->runController(Object(App\Controllers\Regform))
 6 SYSTEMPATH\CodeIgniter.php(353): CodeIgniter\CodeIgniter->handleRequest(null, Object(Config\Cache), false)
 7 FCPATH\index.php(79): CodeIgniter\CodeIgniter->run()
ERROR - 2023-11-13 07:04:50 --> mysqli_sql_exception: Column 'gender' cannot be null in C:\xampp\htdocs\clgproject\system\Database\MySQLi\Connection.php:306
Stack trace:
#0 C:\xampp\htdocs\clgproject\system\Database\MySQLi\Connection.php(306): mysqli->query('INSERT INTO `st...', 0)
#1 C:\xampp\htdocs\clgproject\system\Database\BaseConnection.php(692): CodeIgniter\Database\MySQLi\Connection->execute('INSERT INTO `st...')
#2 C:\xampp\htdocs\clgproject\system\Database\BaseConnection.php(606): CodeIgniter\Database\BaseConnection->simpleQuery('INSERT INTO `st...')
#3 C:\xampp\htdocs\clgproject\system\Database\BaseBuilder.php(2308): CodeIgniter\Database\BaseConnection->query('INSERT INTO `st...', Array, false)
#4 C:\xampp\htdocs\clgproject\app\Models\Regform_model.php(16): CodeIgniter\Database\BaseBuilder->insert(Array)
#5 C:\xampp\htdocs\clgproject\app\Controllers\Regform.php(111): App\Models\Regform_model->createUserFam(Array, Array)
#6 C:\xampp\htdocs\clgproject\system\CodeIgniter.php(919): App\Controllers\Regform->index()
#7 C:\xampp\htdocs\clgproject\system\CodeIgniter.php(494): CodeIgniter\CodeIgniter->runController(Object(App\Controllers\Regform))
#8 C:\xampp\htdocs\clgproject\system\CodeIgniter.php(353): CodeIgniter\CodeIgniter->handleRequest(NULL, Object(Config\Cache), false)
#9 C:\xampp\htdocs\clgproject\index.php(79): CodeIgniter\CodeIgniter->run()
#10 {main}
CRITICAL - 2023-11-13 07:04:50 --> Column 'gender' cannot be null
in SYSTEMPATH\Database\BaseConnection.php on line 646.
 1 SYSTEMPATH\Database\BaseBuilder.php(2308): CodeIgniter\Database\BaseConnection->query('INSERT INTO `std_data` (`student_name`, `admission_no`, `register_no`, `gender`, `dob`, `admission_year`, `program`, `adress`, `nation`, `state1`, `district`, `pincode`, `adhaar`, `cast`, `religion`, `income`, `guardian`, `guardian_rel`, `guardian_con`, `email1`, `phno`, `blood`, `hs`, `hss`, `co_caricular`, `distance_to_clg`, `parent_phn`) VALUES (:student_name:, :admission_no:, :register_no:, :gender:, :dob:, :admission_year:, :program:, :adress:, :nation:, :state1:, :district:, :pincode:, :adhaar:, :cast:, :religion:, :income:, :guardian:, :guardian_rel:, :guardian_con:, :email1:, :phno:, :blood:, :hs:, :hss:, :co_caricular:, :distance_to_clg:, :parent_phn:)', [...], false)
 2 APPPATH\Models\Regform_model.php(16): CodeIgniter\Database\BaseBuilder->insert([...])
 3 APPPATH\Controllers\Regform.php(111): App\Models\Regform_model->createUserFam([...], [...])
 4 SYSTEMPATH\CodeIgniter.php(919): App\Controllers\Regform->index()
 5 SYSTEMPATH\CodeIgniter.php(494): CodeIgniter\CodeIgniter->runController(Object(App\Controllers\Regform))
 6 SYSTEMPATH\CodeIgniter.php(353): CodeIgniter\CodeIgniter->handleRequest(null, Object(Config\Cache), false)
 7 FCPATH\index.php(79): CodeIgniter\CodeIgniter->run()
ERROR - 2023-11-13 07:07:34 --> mysqli_sql_exception: Duplicate entry '0' for key 'PRIMARY' in C:\xampp\htdocs\clgproject\system\Database\MySQLi\Connection.php:306
Stack trace:
#0 C:\xampp\htdocs\clgproject\system\Database\MySQLi\Connection.php(306): mysqli->query('INSERT INTO `st...', 0)
#1 C:\xampp\htdocs\clgproject\system\Database\BaseConnection.php(692): CodeIgniter\Database\MySQLi\Connection->execute('INSERT INTO `st...')
#2 C:\xampp\htdocs\clgproject\system\Database\BaseConnection.php(606): CodeIgniter\Database\BaseConnection->simpleQuery('INSERT INTO `st...')
#3 C:\xampp\htdocs\clgproject\system\Database\BaseBuilder.php(2308): CodeIgniter\Database\BaseConnection->query('INSERT INTO `st...', Array, false)
#4 C:\xampp\htdocs\clgproject\app\Models\Regform_model.php(32): CodeIgniter\Database\BaseBuilder->insert(Array)
#5 C:\xampp\htdocs\clgproject\app\Controllers\Regform.php(119): App\Models\Regform_model->createUser(Array)
#6 C:\xampp\htdocs\clgproject\system\CodeIgniter.php(919): App\Controllers\Regform->index()
#7 C:\xampp\htdocs\clgproject\system\CodeIgniter.php(494): CodeIgniter\CodeIgniter->runController(Object(App\Controllers\Regform))
#8 C:\xampp\htdocs\clgproject\system\CodeIgniter.php(353): CodeIgniter\CodeIgniter->handleRequest(NULL, Object(Config\Cache), false)
#9 C:\xampp\htdocs\clgproject\index.php(79): CodeIgniter\CodeIgniter->run()
#10 {main}
CRITICAL - 2023-11-13 07:07:34 --> Duplicate entry '0' for key 'PRIMARY'
in SYSTEMPATH\Database\BaseConnection.php on line 646.
 1 SYSTEMPATH\Database\BaseBuilder.php(2308): CodeIgniter\Database\BaseConnection->query('INSERT INTO `std_data` (`student_name`, `admission_no`, `register_no`, `gender`, `dob`, `admission_year`, `program`, `adress`, `nation`, `state1`, `district`, `pincode`, `adhaar`, `cast`, `religion`, `income`, `guardian`, `guardian_rel`, `guardian_con`, `email1`, `phno`, `blood`, `hs`, `hss`, `co_caricular`, `distance_to_clg`, `parent_phn`) VALUES (:student_name:, :admission_no:, :register_no:, :gender:, :dob:, :admission_year:, :program:, :adress:, :nation:, :state1:, :district:, :pincode:, :adhaar:, :cast:, :religion:, :income:, :guardian:, :guardian_rel:, :guardian_con:, :email1:, :phno:, :blood:, :hs:, :hss:, :co_caricular:, :distance_to_clg:, :parent_phn:)', [...], false)
 2 APPPATH\Models\Regform_model.php(32): CodeIgniter\Database\BaseBuilder->insert([...])
 3 APPPATH\Controllers\Regform.php(119): App\Models\Regform_model->createUser([...])
 4 SYSTEMPATH\CodeIgniter.php(919): App\Controllers\Regform->index()
 5 SYSTEMPATH\CodeIgniter.php(494): CodeIgniter\CodeIgniter->runController(Object(App\Controllers\Regform))
 6 SYSTEMPATH\CodeIgniter.php(353): CodeIgniter\CodeIgniter->handleRequest(null, Object(Config\Cache), false)
 7 FCPATH\index.php(79): CodeIgniter\CodeIgniter->run()
ERROR - 2023-11-13 07:08:14 --> mysqli_sql_exception: Duplicate entry '0' for key 'PRIMARY' in C:\xampp\htdocs\clgproject\system\Database\MySQLi\Connection.php:306
Stack trace:
#0 C:\xampp\htdocs\clgproject\system\Database\MySQLi\Connection.php(306): mysqli->query('INSERT INTO `st...', 0)
#1 C:\xampp\htdocs\clgproject\system\Database\BaseConnection.php(692): CodeIgniter\Database\MySQLi\Connection->execute('INSERT INTO `st...')
#2 C:\xampp\htdocs\clgproject\system\Database\BaseConnection.php(606): CodeIgniter\Database\BaseConnection->simpleQuery('INSERT INTO `st...')
#3 C:\xampp\htdocs\clgproject\system\Database\BaseBuilder.php(2308): CodeIgniter\Database\BaseConnection->query('INSERT INTO `st...', Array, false)
#4 C:\xampp\htdocs\clgproject\app\Models\Regform_model.php(16): CodeIgniter\Database\BaseBuilder->insert(Array)
#5 C:\xampp\htdocs\clgproject\app\Controllers\Regform.php(111): App\Models\Regform_model->createUserFam(Array, Array)
#6 C:\xampp\htdocs\clgproject\system\CodeIgniter.php(919): App\Controllers\Regform->index()
#7 C:\xampp\htdocs\clgproject\system\CodeIgniter.php(494): CodeIgniter\CodeIgniter->runController(Object(App\Controllers\Regform))
#8 C:\xampp\htdocs\clgproject\system\CodeIgniter.php(353): CodeIgniter\CodeIgniter->handleRequest(NULL, Object(Config\Cache), false)
#9 C:\xampp\htdocs\clgproject\index.php(79): CodeIgniter\CodeIgniter->run()
#10 {main}
CRITICAL - 2023-11-13 07:08:14 --> Duplicate entry '0' for key 'PRIMARY'
in SYSTEMPATH\Database\BaseConnection.php on line 646.
 1 SYSTEMPATH\Database\BaseBuilder.php(2308): CodeIgniter\Database\BaseConnection->query('INSERT INTO `std_data` (`student_name`, `admission_no`, `register_no`, `gender`, `dob`, `admission_year`, `program`, `adress`, `nation`, `state1`, `district`, `pincode`, `adhaar`, `cast`, `religion`, `income`, `guardian`, `guardian_rel`, `guardian_con`, `email1`, `phno`, `blood`, `hs`, `hss`, `co_caricular`, `distance_to_clg`, `parent_phn`) VALUES (:student_name:, :admission_no:, :register_no:, :gender:, :dob:, :admission_year:, :program:, :adress:, :nation:, :state1:, :district:, :pincode:, :adhaar:, :cast:, :religion:, :income:, :guardian:, :guardian_rel:, :guardian_con:, :email1:, :phno:, :blood:, :hs:, :hss:, :co_caricular:, :distance_to_clg:, :parent_phn:)', [...], false)
 2 APPPATH\Models\Regform_model.php(16): CodeIgniter\Database\BaseBuilder->insert([...])
 3 APPPATH\Controllers\Regform.php(111): App\Models\Regform_model->createUserFam([...], [...])
 4 SYSTEMPATH\CodeIgniter.php(919): App\Controllers\Regform->index()
 5 SYSTEMPATH\CodeIgniter.php(494): CodeIgniter\CodeIgniter->runController(Object(App\Controllers\Regform))
 6 SYSTEMPATH\CodeIgniter.php(353): CodeIgniter\CodeIgniter->handleRequest(null, Object(Config\Cache), false)
 7 FCPATH\index.php(79): CodeIgniter\CodeIgniter->run()
CRITICAL - 2023-11-13 09:37:12 --> foreach() argument must be of type array|object, null given
in APPPATH\Controllers\Test.php on line 19.
 1 APPPATH\Controllers\Test.php(19): CodeIgniter\Debug\Exceptions->errorHandler(2, 'foreach() argument must be of type array|object, null given', 'C:\\xampp\\htdocs\\clgproject\\app\\Controllers\\Test.php', 19)
 2 SYSTEMPATH\CodeIgniter.php(919): App\Controllers\Test->index()
 3 SYSTEMPATH\CodeIgniter.php(494): CodeIgniter\CodeIgniter->runController(Object(App\Controllers\Test))
 4 SYSTEMPATH\CodeIgniter.php(353): CodeIgniter\CodeIgniter->handleRequest(null, Object(Config\Cache), false)
 5 FCPATH\index.php(79): CodeIgniter\CodeIgniter->run()
ERROR - 2023-11-13 16:05:35 --> mysqli_sql_exception: Table 'test.std_data' doesn't exist in C:\xampp\htdocs\clgproject\system\Database\MySQLi\Connection.php:306
Stack trace:
#0 C:\xampp\htdocs\clgproject\system\Database\MySQLi\Connection.php(306): mysqli->query('SELECT *\nFROM `...', 0)
#1 C:\xampp\htdocs\clgproject\system\Database\BaseConnection.php(692): CodeIgniter\Database\MySQLi\Connection->execute('SELECT *\nFROM `...')
#2 C:\xampp\htdocs\clgproject\system\Database\BaseConnection.php(606): CodeIgniter\Database\BaseConnection->simpleQuery('SELECT *\nFROM `...')
#3 C:\xampp\htdocs\clgproject\system\Database\BaseBuilder.php(1615): CodeIgniter\Database\BaseConnection->query('SELECT *\nFROM `...', Array, false)
#4 C:\xampp\htdocs\clgproject\app\Models\stdview_model.php(19): CodeIgniter\Database\BaseBuilder->get()
#5 C:\xampp\htdocs\clgproject\app\Controllers\Stdview.php(16): App\Models\stdview_model->stdmodel2()
#6 C:\xampp\htdocs\clgproject\system\CodeIgniter.php(919): App\Controllers\Stdview->index()
#7 C:\xampp\htdocs\clgproject\system\CodeIgniter.php(494): CodeIgniter\CodeIgniter->runController(Object(App\Controllers\Stdview))
#8 C:\xampp\htdocs\clgproject\system\CodeIgniter.php(353): CodeIgniter\CodeIgniter->handleRequest(NULL, Object(Config\Cache), false)
#9 C:\xampp\htdocs\clgproject\index.php(79): CodeIgniter\CodeIgniter->run()
#10 {main}
CRITICAL - 2023-11-13 16:05:35 --> Table 'test.std_data' doesn't exist
in SYSTEMPATH\Database\BaseConnection.php on line 646.
 1 SYSTEMPATH\Database\BaseBuilder.php(1615): CodeIgniter\Database\BaseConnection->query('SELECT *
FROM `std_data`', [], false)
 2 APPPATH\Models\stdview_model.php(19): CodeIgniter\Database\BaseBuilder->get()
 3 APPPATH\Controllers\Stdview.php(16): App\Models\stdview_model->stdmodel2()
 4 SYSTEMPATH\CodeIgniter.php(919): App\Controllers\Stdview->index()
 5 SYSTEMPATH\CodeIgniter.php(494): CodeIgniter\CodeIgniter->runController(Object(App\Controllers\Stdview))
 6 SYSTEMPATH\CodeIgniter.php(353): CodeIgniter\CodeIgniter->handleRequest(null, Object(Config\Cache), false)
 7 FCPATH\index.php(79): CodeIgniter\CodeIgniter->run()
CRITICAL - 2023-11-13 16:05:36 --> Call to undefined function display_error()
in APPPATH\Views\Regform_view.php on line 177.
 1 SYSTEMPATH\View\View.php(226): include()
 2 SYSTEMPATH\View\View.php(229): CodeIgniter\View\View->CodeIgniter\View\{closure}()
 3 SYSTEMPATH\Common.php(1188): CodeIgniter\View\View->render('Regform_view', [], true)
 4 APPPATH\Controllers\Regform.php(131): view('Regform_view')
 5 SYSTEMPATH\CodeIgniter.php(919): App\Controllers\Regform->index()
 6 SYSTEMPATH\CodeIgniter.php(494): CodeIgniter\CodeIgniter->runController(Object(App\Controllers\Regform))
 7 SYSTEMPATH\CodeIgniter.php(353): CodeIgniter\CodeIgniter->handleRequest(null, Object(Config\Cache), false)
 8 FCPATH\index.php(79): CodeIgniter\CodeIgniter->run()
CRITICAL - 2023-11-13 16:05:38 --> Call to undefined function display_error()
in APPPATH\Views\Regform_view.php on line 177.
 1 SYSTEMPATH\View\View.php(226): include()
 2 SYSTEMPATH\View\View.php(229): CodeIgniter\View\View->CodeIgniter\View\{closure}()
 3 SYSTEMPATH\Common.php(1188): CodeIgniter\View\View->render('Regform_view', [], true)
 4 APPPATH\Controllers\Regform.php(131): view('Regform_view')
 5 SYSTEMPATH\CodeIgniter.php(919): App\Controllers\Regform->index()
 6 SYSTEMPATH\CodeIgniter.php(494): CodeIgniter\CodeIgniter->runController(Object(App\Controllers\Regform))
 7 SYSTEMPATH\CodeIgniter.php(353): CodeIgniter\CodeIgniter->handleRequest(null, Object(Config\Cache), false)
 8 FCPATH\index.php(79): CodeIgniter\CodeIgniter->run()
CRITICAL - 2023-11-13 16:10:19 --> Call to undefined function display_error()
in APPPATH\Views\Regform_view.php on line 177.
 1 SYSTEMPATH\View\View.php(226): include()
 2 SYSTEMPATH\View\View.php(229): CodeIgniter\View\View->CodeIgniter\View\{closure}()
 3 SYSTEMPATH\Common.php(1188): CodeIgniter\View\View->render('Regform_view', [], true)
 4 APPPATH\Controllers\Regform.php(137): view('Regform_view', [...])
 5 SYSTEMPATH\CodeIgniter.php(919): App\Controllers\Regform->index()
 6 SYSTEMPATH\CodeIgniter.php(494): CodeIgniter\CodeIgniter->runController(Object(App\Controllers\Regform))
 7 SYSTEMPATH\CodeIgniter.php(353): CodeIgniter\CodeIgniter->handleRequest(null, Object(Config\Cache), false)
 8 FCPATH\index.php(79): CodeIgniter\CodeIgniter->run()
CRITICAL - 2023-11-13 16:16:46 --> Call to undefined function display_error()
in APPPATH\Views\Regform_view.php on line 177.
 1 SYSTEMPATH\View\View.php(226): include()
 2 SYSTEMPATH\View\View.php(229): CodeIgniter\View\View->CodeIgniter\View\{closure}()
 3 SYSTEMPATH\Common.php(1188): CodeIgniter\View\View->render('Regform_view', [], true)
 4 APPPATH\Controllers\Regform.php(137): view('Regform_view', [...])
 5 SYSTEMPATH\CodeIgniter.php(919): App\Controllers\Regform->index()
 6 SYSTEMPATH\CodeIgniter.php(494): CodeIgniter\CodeIgniter->runController(Object(App\Controllers\Regform))
 7 SYSTEMPATH\CodeIgniter.php(353): CodeIgniter\CodeIgniter->handleRequest(null, Object(Config\Cache), false)
 8 FCPATH\index.php(79): CodeIgniter\CodeIgniter->run()
CRITICAL - 2023-11-13 16:17:53 --> Call to undefined function display_error()
in APPPATH\Views\Regform_view.php on line 177.
 1 SYSTEMPATH\View\View.php(226): include()
 2 SYSTEMPATH\View\View.php(229): CodeIgniter\View\View->CodeIgniter\View\{closure}()
 3 SYSTEMPATH\Common.php(1188): CodeIgniter\View\View->render('Regform_view', [], true)
 4 APPPATH\Controllers\Regform.php(137): view('Regform_view', [...])
 5 SYSTEMPATH\CodeIgniter.php(919): App\Controllers\Regform->index()
 6 SYSTEMPATH\CodeIgniter.php(494): CodeIgniter\CodeIgniter->runController(Object(App\Controllers\Regform))
 7 SYSTEMPATH\CodeIgniter.php(353): CodeIgniter\CodeIgniter->handleRequest(null, Object(Config\Cache), false)
 8 FCPATH\index.php(79): CodeIgniter\CodeIgniter->run()
CRITICAL - 2023-11-13 16:17:55 --> Call to undefined function display_error()
in APPPATH\Views\Regform_view.php on line 177.
 1 SYSTEMPATH\View\View.php(226): include()
 2 SYSTEMPATH\View\View.php(229): CodeIgniter\View\View->CodeIgniter\View\{closure}()
 3 SYSTEMPATH\Common.php(1188): CodeIgniter\View\View->render('Regform_view', [], true)
 4 APPPATH\Controllers\Regform.php(137): view('Regform_view', [...])
 5 SYSTEMPATH\CodeIgniter.php(919): App\Controllers\Regform->index()
 6 SYSTEMPATH\CodeIgniter.php(494): CodeIgniter\CodeIgniter->runController(Object(App\Controllers\Regform))
 7 SYSTEMPATH\CodeIgniter.php(353): CodeIgniter\CodeIgniter->handleRequest(null, Object(Config\Cache), false)
 8 FCPATH\index.php(79): CodeIgniter\CodeIgniter->run()
CRITICAL - 2023-11-13 16:18:18 --> Call to undefined function display_error()
in APPPATH\Views\Regform_view.php on line 177.
 1 SYSTEMPATH\View\View.php(226): include()
 2 SYSTEMPATH\View\View.php(229): CodeIgniter\View\View->CodeIgniter\View\{closure}()
 3 SYSTEMPATH\Common.php(1188): CodeIgniter\View\View->render('Regform_view', [], true)
 4 APPPATH\Controllers\Regform.php(137): view('Regform_view', [...])
 5 SYSTEMPATH\CodeIgniter.php(919): App\Controllers\Regform->index()
 6 SYSTEMPATH\CodeIgniter.php(494): CodeIgniter\CodeIgniter->runController(Object(App\Controllers\Regform))
 7 SYSTEMPATH\CodeIgniter.php(353): CodeIgniter\CodeIgniter->handleRequest(null, Object(Config\Cache), false)
 8 FCPATH\index.php(79): CodeIgniter\CodeIgniter->run()
CRITICAL - 2023-11-13 16:18:36 --> Call to undefined function display_error()
in APPPATH\Views\Regform_view.php on line 288.
 1 SYSTEMPATH\View\View.php(226): include()
 2 SYSTEMPATH\View\View.php(229): CodeIgniter\View\View->CodeIgniter\View\{closure}()
 3 SYSTEMPATH\Common.php(1188): CodeIgniter\View\View->render('Regform_view', [], true)
 4 APPPATH\Controllers\Regform.php(137): view('Regform_view', [...])
 5 SYSTEMPATH\CodeIgniter.php(919): App\Controllers\Regform->index()
 6 SYSTEMPATH\CodeIgniter.php(494): CodeIgniter\CodeIgniter->runController(Object(App\Controllers\Regform))
 7 SYSTEMPATH\CodeIgniter.php(353): CodeIgniter\CodeIgniter->handleRequest(null, Object(Config\Cache), false)
 8 FCPATH\index.php(79): CodeIgniter\CodeIgniter->run()
CRITICAL - 2023-11-13 16:24:22 --> Call to undefined function display_error()
in APPPATH\Views\Regform_view.php on line 181.
 1 SYSTEMPATH\View\View.php(226): include()
 2 SYSTEMPATH\View\View.php(229): CodeIgniter\View\View->CodeIgniter\View\{closure}()
 3 SYSTEMPATH\Common.php(1188): CodeIgniter\View\View->render('Regform_view', [], true)
 4 APPPATH\Controllers\Regform.php(137): view('Regform_view', [...])
 5 SYSTEMPATH\CodeIgniter.php(919): App\Controllers\Regform->index()
 6 SYSTEMPATH\CodeIgniter.php(494): CodeIgniter\CodeIgniter->runController(Object(App\Controllers\Regform))
 7 SYSTEMPATH\CodeIgniter.php(353): CodeIgniter\CodeIgniter->handleRequest(null, Object(Config\Cache), false)
 8 FCPATH\index.php(79): CodeIgniter\CodeIgniter->run()
CRITICAL - 2023-11-13 16:36:32 --> Call to undefined function set_value()
in APPPATH\Views\Regform_view.php on line 178.
 1 SYSTEMPATH\View\View.php(226): include()
 2 SYSTEMPATH\View\View.php(229): CodeIgniter\View\View->CodeIgniter\View\{closure}()
 3 SYSTEMPATH\Common.php(1188): CodeIgniter\View\View->render('Regform_view', [], true)
 4 APPPATH\Controllers\Regform.php(137): view('Regform_view', [...])
 5 SYSTEMPATH\CodeIgniter.php(919): App\Controllers\Regform->index()
 6 SYSTEMPATH\CodeIgniter.php(494): CodeIgniter\CodeIgniter->runController(Object(App\Controllers\Regform))
 7 SYSTEMPATH\CodeIgniter.php(353): CodeIgniter\CodeIgniter->handleRequest(null, Object(Config\Cache), false)
 8 FCPATH\index.php(79): CodeIgniter\CodeIgniter->run()
CRITICAL - 2023-11-13 16:41:58 --> Call to undefined function set_value()
in APPPATH\Views\Regform_view.php on line 178.
 1 SYSTEMPATH\View\View.php(226): include()
 2 SYSTEMPATH\View\View.php(229): CodeIgniter\View\View->CodeIgniter\View\{closure}()
 3 SYSTEMPATH\Common.php(1188): CodeIgniter\View\View->render('Regform_view', [], true)
 4 APPPATH\Controllers\Regform.php(137): view('Regform_view', [...])
 5 SYSTEMPATH\CodeIgniter.php(919): App\Controllers\Regform->index()
 6 SYSTEMPATH\CodeIgniter.php(494): CodeIgniter\CodeIgniter->runController(Object(App\Controllers\Regform))
 7 SYSTEMPATH\CodeIgniter.php(353): CodeIgniter\CodeIgniter->handleRequest(null, Object(Config\Cache), false)
 8 FCPATH\index.php(79): CodeIgniter\CodeIgniter->run()
CRITICAL - 2023-11-13 16:44:21 --> Call to undefined function set_value()
in APPPATH\Views\Regform_view.php on line 178.
 1 SYSTEMPATH\View\View.php(226): include()
 2 SYSTEMPATH\View\View.php(229): CodeIgniter\View\View->CodeIgniter\View\{closure}()
 3 SYSTEMPATH\Common.php(1188): CodeIgniter\View\View->render('Regform_view', [], true)
 4 APPPATH\Controllers\Regform.php(137): view('Regform_view', [...])
 5 SYSTEMPATH\CodeIgniter.php(919): App\Controllers\Regform->index()
 6 SYSTEMPATH\CodeIgniter.php(494): CodeIgniter\CodeIgniter->runController(Object(App\Controllers\Regform))
 7 SYSTEMPATH\CodeIgniter.php(353): CodeIgniter\CodeIgniter->handleRequest(null, Object(Config\Cache), false)
 8 FCPATH\index.php(79): CodeIgniter\CodeIgniter->run()
CRITICAL - 2023-11-13 16:44:23 --> Call to undefined function set_value()
in APPPATH\Views\Regform_view.php on line 178.
 1 SYSTEMPATH\View\View.php(226): include()
 2 SYSTEMPATH\View\View.php(229): CodeIgniter\View\View->CodeIgniter\View\{closure}()
 3 SYSTEMPATH\Common.php(1188): CodeIgniter\View\View->render('Regform_view', [], true)
 4 APPPATH\Controllers\Regform.php(137): view('Regform_view', [...])
 5 SYSTEMPATH\CodeIgniter.php(919): App\Controllers\Regform->index()
 6 SYSTEMPATH\CodeIgniter.php(494): CodeIgniter\CodeIgniter->runController(Object(App\Controllers\Regform))
 7 SYSTEMPATH\CodeIgniter.php(353): CodeIgniter\CodeIgniter->handleRequest(null, Object(Config\Cache), false)
 8 FCPATH\index.php(79): CodeIgniter\CodeIgniter->run()
CRITICAL - 2023-11-13 17:14:12 --> Call to undefined function display_error()
in APPPATH\Views\Regform_view.php on line 294.
 1 SYSTEMPATH\View\View.php(226): include()
 2 SYSTEMPATH\View\View.php(229): CodeIgniter\View\View->CodeIgniter\View\{closure}()
 3 SYSTEMPATH\Common.php(1188): CodeIgniter\View\View->render('Regform_view', [], true)
 4 APPPATH\Controllers\Regform.php(137): view('Regform_view', [...])
 5 SYSTEMPATH\CodeIgniter.php(919): App\Controllers\Regform->index()
 6 SYSTEMPATH\CodeIgniter.php(494): CodeIgniter\CodeIgniter->runController(Object(App\Controllers\Regform))
 7 SYSTEMPATH\CodeIgniter.php(353): CodeIgniter\CodeIgniter->handleRequest(null, Object(Config\Cache), false)
 8 FCPATH\index.php(79): CodeIgniter\CodeIgniter->run()
ERROR - 2023-11-13 17:18:28 --> mysqli_sql_exception: Table 'test.std_data' doesn't exist in C:\xampp\htdocs\clgproject\system\Database\MySQLi\Connection.php:306
Stack trace:
#0 C:\xampp\htdocs\clgproject\system\Database\MySQLi\Connection.php(306): mysqli->query('SELECT *\nFROM `...', 0)
#1 C:\xampp\htdocs\clgproject\system\Database\BaseConnection.php(692): CodeIgniter\Database\MySQLi\Connection->execute('SELECT *\nFROM `...')
#2 C:\xampp\htdocs\clgproject\system\Database\BaseConnection.php(606): CodeIgniter\Database\BaseConnection->simpleQuery('SELECT *\nFROM `...')
#3 C:\xampp\htdocs\clgproject\system\Database\BaseBuilder.php(1615): CodeIgniter\Database\BaseConnection->query('SELECT *\nFROM `...', Array, false)
#4 C:\xampp\htdocs\clgproject\app\Models\stdview_model.php(19): CodeIgniter\Database\BaseBuilder->get()
#5 C:\xampp\htdocs\clgproject\app\Controllers\Stdview.php(16): App\Models\stdview_model->stdmodel2()
#6 C:\xampp\htdocs\clgproject\system\CodeIgniter.php(919): App\Controllers\Stdview->index()
#7 C:\xampp\htdocs\clgproject\system\CodeIgniter.php(494): CodeIgniter\CodeIgniter->runController(Object(App\Controllers\Stdview))
#8 C:\xampp\htdocs\clgproject\system\CodeIgniter.php(353): CodeIgniter\CodeIgniter->handleRequest(NULL, Object(Config\Cache), false)
#9 C:\xampp\htdocs\clgproject\index.php(79): CodeIgniter\CodeIgniter->run()
#10 {main}
CRITICAL - 2023-11-13 17:18:28 --> Table 'test.std_data' doesn't exist
in SYSTEMPATH\Database\BaseConnection.php on line 646.
 1 SYSTEMPATH\Database\BaseBuilder.php(1615): CodeIgniter\Database\BaseConnection->query('SELECT *
FROM `std_data`', [], false)
 2 APPPATH\Models\stdview_model.php(19): CodeIgniter\Database\BaseBuilder->get()
 3 APPPATH\Controllers\Stdview.php(16): App\Models\stdview_model->stdmodel2()
 4 SYSTEMPATH\CodeIgniter.php(919): App\Controllers\Stdview->index()
 5 SYSTEMPATH\CodeIgniter.php(494): CodeIgniter\CodeIgniter->runController(Object(App\Controllers\Stdview))
 6 SYSTEMPATH\CodeIgniter.php(353): CodeIgniter\CodeIgniter->handleRequest(null, Object(Config\Cache), false)
 7 FCPATH\index.php(79): CodeIgniter\CodeIgniter->run()
ERROR - 2023-11-13 17:19:16 --> mysqli_sql_exception: Unknown column 'adno' in 'where clause' in C:\xampp\htdocs\clgproject\system\Database\MySQLi\Connection.php:306
Stack trace:
#0 C:\xampp\htdocs\clgproject\system\Database\MySQLi\Connection.php(306): mysqli->query('SELECT *\nFROM `...', 0)
#1 C:\xampp\htdocs\clgproject\system\Database\BaseConnection.php(692): CodeIgniter\Database\MySQLi\Connection->execute('SELECT *\nFROM `...')
#2 C:\xampp\htdocs\clgproject\system\Database\BaseConnection.php(606): CodeIgniter\Database\BaseConnection->simpleQuery('SELECT *\nFROM `...')
#3 C:\xampp\htdocs\clgproject\system\Database\BaseBuilder.php(1615): CodeIgniter\Database\BaseConnection->query('SELECT *\nFROM `...', Array, false)
#4 C:\xampp\htdocs\clgproject\app\Models\stdview_model.php(38): CodeIgniter\Database\BaseBuilder->get()
#5 C:\xampp\htdocs\clgproject\app\Controllers\Stdview.php(25): App\Models\stdview_model->stdupdatemodel('0')
#6 C:\xampp\htdocs\clgproject\system\CodeIgniter.php(919): App\Controllers\Stdview->update('0')
#7 C:\xampp\htdocs\clgproject\system\CodeIgniter.php(494): CodeIgniter\CodeIgniter->runController(Object(App\Controllers\Stdview))
#8 C:\xampp\htdocs\clgproject\system\CodeIgniter.php(353): CodeIgniter\CodeIgniter->handleRequest(NULL, Object(Config\Cache), false)
#9 C:\xampp\htdocs\clgproject\index.php(79): CodeIgniter\CodeIgniter->run()
#10 {main}
CRITICAL - 2023-11-13 17:19:16 --> Unknown column 'adno' in 'where clause'
in SYSTEMPATH\Database\BaseConnection.php on line 646.
 1 SYSTEMPATH\Database\BaseBuilder.php(1615): CodeIgniter\Database\BaseConnection->query('SELECT *
FROM `std_data`
WHERE `adno` = \'0\'', [], false)
 2 APPPATH\Models\stdview_model.php(38): CodeIgniter\Database\BaseBuilder->get()
 3 APPPATH\Controllers\Stdview.php(25): App\Models\stdview_model->stdupdatemodel('0')
 4 SYSTEMPATH\CodeIgniter.php(919): App\Controllers\Stdview->update('0')
 5 SYSTEMPATH\CodeIgniter.php(494): CodeIgniter\CodeIgniter->runController(Object(App\Controllers\Stdview))
 6 SYSTEMPATH\CodeIgniter.php(353): CodeIgniter\CodeIgniter->handleRequest(null, Object(Config\Cache), false)
 7 FCPATH\index.php(79): CodeIgniter\CodeIgniter->run()
ERROR - 2023-11-13 17:56:50 --> mysqli_sql_exception: Unknown column 'adno' in 'where clause' in C:\xampp\htdocs\clgproject\system\Database\MySQLi\Connection.php:306
Stack trace:
#0 C:\xampp\htdocs\clgproject\system\Database\MySQLi\Connection.php(306): mysqli->query('SELECT *\nFROM `...', 0)
#1 C:\xampp\htdocs\clgproject\system\Database\BaseConnection.php(692): CodeIgniter\Database\MySQLi\Connection->execute('SELECT *\nFROM `...')
#2 C:\xampp\htdocs\clgproject\system\Database\BaseConnection.php(606): CodeIgniter\Database\BaseConnection->simpleQuery('SELECT *\nFROM `...')
#3 C:\xampp\htdocs\clgproject\system\Database\BaseBuilder.php(1615): CodeIgniter\Database\BaseConnection->query('SELECT *\nFROM `...', Array, false)
#4 C:\xampp\htdocs\clgproject\app\Models\stdview_model.php(38): CodeIgniter\Database\BaseBuilder->get()
#5 C:\xampp\htdocs\clgproject\app\Controllers\Stdview.php(25): App\Models\stdview_model->stdupdatemodel('225')
#6 C:\xampp\htdocs\clgproject\system\CodeIgniter.php(919): App\Controllers\Stdview->update('225')
#7 C:\xampp\htdocs\clgproject\system\CodeIgniter.php(494): CodeIgniter\CodeIgniter->runController(Object(App\Controllers\Stdview))
#8 C:\xampp\htdocs\clgproject\system\CodeIgniter.php(353): CodeIgniter\CodeIgniter->handleRequest(NULL, Object(Config\Cache), false)
#9 C:\xampp\htdocs\clgproject\index.php(79): CodeIgniter\CodeIgniter->run()
#10 {main}
CRITICAL - 2023-11-13 17:56:50 --> Unknown column 'adno' in 'where clause'
in SYSTEMPATH\Database\BaseConnection.php on line 646.
 1 SYSTEMPATH\Database\BaseBuilder.php(1615): CodeIgniter\Database\BaseConnection->query('SELECT *
FROM `std_data`
WHERE `adno` = \'225\'', [], false)
 2 APPPATH\Models\stdview_model.php(38): CodeIgniter\Database\BaseBuilder->get()
 3 APPPATH\Controllers\Stdview.php(25): App\Models\stdview_model->stdupdatemodel('225')
 4 SYSTEMPATH\CodeIgniter.php(919): App\Controllers\Stdview->update('225')
 5 SYSTEMPATH\CodeIgniter.php(494): CodeIgniter\CodeIgniter->runController(Object(App\Controllers\Stdview))
 6 SYSTEMPATH\CodeIgniter.php(353): CodeIgniter\CodeIgniter->handleRequest(null, Object(Config\Cache), false)
 7 FCPATH\index.php(79): CodeIgniter\CodeIgniter->run()
CRITICAL - 2023-11-13 18:34:49 --> Undefined array key 2
in APPPATH\Views\stdupdate_view.php on line 344.
 1 APPPATH\Views\stdupdate_view.php(344): CodeIgniter\Debug\Exceptions->errorHandler(2, 'Undefined array key 2', 'C:\\xampp\\htdocs\\clgproject\\app\\Views\\stdupdate_view.php', 344)
 2 SYSTEMPATH\View\View.php(226): include('C:\\xampp\\htdocs\\clgproject\\app\\Views\\stdupdate_view.php')
 3 SYSTEMPATH\View\View.php(229): CodeIgniter\View\View->CodeIgniter\View\{closure}()
 4 SYSTEMPATH\Common.php(1188): CodeIgniter\View\View->render('stdupdate_view', [], true)
 5 APPPATH\Controllers\Stdview.php(26): view('stdupdate_view', [...])
 6 SYSTEMPATH\CodeIgniter.php(919): App\Controllers\Stdview->update('225')
 7 SYSTEMPATH\CodeIgniter.php(494): CodeIgniter\CodeIgniter->runController(Object(App\Controllers\Stdview))
 8 SYSTEMPATH\CodeIgniter.php(353): CodeIgniter\CodeIgniter->handleRequest(null, Object(Config\Cache), false)
 9 FCPATH\index.php(79): CodeIgniter\CodeIgniter->run()
