CRITICAL - 2023-10-21 09:49:41 --> Too few arguments to function App\Controllers\Hay::test(), 0 passed in C:\xampp\htdocs\codig\system\CodeIgniter.php on line 919 and exactly 1 expected
in APPPATH\Controllers\Hay.php on line 13.
 1 SYSTEMPATH\CodeIgniter.php(919): App\Controllers\Hay->test()
 2 SYSTEMPATH\CodeIgniter.php(494): CodeIgniter\CodeIgniter->runController(Object(App\Controllers\Hay))
 3 SYSTEMPATH\CodeIgniter.php(353): CodeIgniter\CodeIgniter->handleRequest(null, Object(Config\Cache), false)
 4 FCPATH\index.php(79): CodeIgniter\CodeIgniter->run()
CRITICAL - 2023-10-21 11:02:52 --> syntax error, unexpected token "{"
in APPPATH\Controllers\Blog.php on line 10.
 1 SYSTEMPATH\Router\Router.php(512): CodeIgniter\Router\AutoRouter->getRoute('Blog', 'get')
 2 SYSTEMPATH\Router\Router.php(208): CodeIgniter\Router\Router->autoRoute('Blog')
 3 SYSTEMPATH\CodeIgniter.php(800): CodeIgniter\Router\Router->handle('Blog')
 4 SYSTEMPATH\CodeIgniter.php(442): CodeIgniter\CodeIgniter->tryToRouteIt(Object(CodeIgniter\Router\RouteCollection))
 5 SYSTEMPATH\CodeIgniter.php(353): CodeIgniter\CodeIgniter->handleRequest(null, Object(Config\Cache), false)
 6 FCPATH\index.php(79): CodeIgniter\CodeIgniter->run()
CRITICAL - 2023-10-21 11:18:59 --> Undefined variable $subjects
in APPPATH\Views\Welcome.php on line 13.
 1 APPPATH\Views\Welcome.php(13): CodeIgniter\Debug\Exceptions->errorHandler(2, 'Undefined variable $subjects', 'C:\\xampp\\htdocs\\codig\\app\\Views\\Welcome.php', 13)
 2 SYSTEMPATH\View\View.php(226): include('C:\\xampp\\htdocs\\codig\\app\\Views\\Welcome.php')
 3 SYSTEMPATH\View\View.php(229): CodeIgniter\View\View->CodeIgniter\View\{closure}()
 4 SYSTEMPATH\Common.php(1188): CodeIgniter\View\View->render('Welcome', [], true)
 5 APPPATH\Controllers\Blog.php(16): view('Welcome', [...])
 6 SYSTEMPATH\CodeIgniter.php(919): App\Controllers\Blog->index()
 7 SYSTEMPATH\CodeIgniter.php(494): CodeIgniter\CodeIgniter->runController(Object(App\Controllers\Blog))
 8 SYSTEMPATH\CodeIgniter.php(353): CodeIgniter\CodeIgniter->handleRequest(null, Object(Config\Cache), false)
 9 FCPATH\index.php(79): CodeIgniter\CodeIgniter->run()
CRITICAL - 2023-10-21 11:19:56 --> count(): Argument #1 ($value) must be of type Countable|array, null given
in APPPATH\Views\Welcome.php on line 13.
 1 SYSTEMPATH\View\View.php(226): include()
 2 SYSTEMPATH\View\View.php(229): CodeIgniter\View\View->CodeIgniter\View\{closure}()
 3 SYSTEMPATH\Common.php(1188): CodeIgniter\View\View->render('Welcome', [], true)
 4 APPPATH\Controllers\Blog.php(16): view('Welcome', [...])
 5 SYSTEMPATH\CodeIgniter.php(919): App\Controllers\Blog->index()
 6 SYSTEMPATH\CodeIgniter.php(494): CodeIgniter\CodeIgniter->runController(Object(App\Controllers\Blog))
 7 SYSTEMPATH\CodeIgniter.php(353): CodeIgniter\CodeIgniter->handleRequest(null, Object(Config\Cache), false)
 8 FCPATH\index.php(79): CodeIgniter\CodeIgniter->run()
CRITICAL - 2023-10-21 11:19:58 --> count(): Argument #1 ($value) must be of type Countable|array, null given
in APPPATH\Views\Welcome.php on line 13.
 1 SYSTEMPATH\View\View.php(226): include()
 2 SYSTEMPATH\View\View.php(229): CodeIgniter\View\View->CodeIgniter\View\{closure}()
 3 SYSTEMPATH\Common.php(1188): CodeIgniter\View\View->render('Welcome', [], true)
 4 APPPATH\Controllers\Blog.php(16): view('Welcome', [...])
 5 SYSTEMPATH\CodeIgniter.php(919): App\Controllers\Blog->index()
 6 SYSTEMPATH\CodeIgniter.php(494): CodeIgniter\CodeIgniter->runController(Object(App\Controllers\Blog))
 7 SYSTEMPATH\CodeIgniter.php(353): CodeIgniter\CodeIgniter->handleRequest(null, Object(Config\Cache), false)
 8 FCPATH\index.php(79): CodeIgniter\CodeIgniter->run()
CRITICAL - 2023-10-21 11:20:50 --> count(): Argument #1 ($value) must be of type Countable|array, null given
in APPPATH\Views\Welcome.php on line 13.
 1 SYSTEMPATH\View\View.php(226): include()
 2 SYSTEMPATH\View\View.php(229): CodeIgniter\View\View->CodeIgniter\View\{closure}()
 3 SYSTEMPATH\Common.php(1188): CodeIgniter\View\View->render('Welcome', [], true)
 4 APPPATH\Controllers\Blog.php(16): view('Welcome', [...])
 5 SYSTEMPATH\CodeIgniter.php(919): App\Controllers\Blog->index()
 6 SYSTEMPATH\CodeIgniter.php(494): CodeIgniter\CodeIgniter->runController(Object(App\Controllers\Blog))
 7 SYSTEMPATH\CodeIgniter.php(353): CodeIgniter\CodeIgniter->handleRequest(null, Object(Config\Cache), false)
 8 FCPATH\index.php(79): CodeIgniter\CodeIgniter->run()
CRITICAL - 2023-10-21 11:20:51 --> count(): Argument #1 ($value) must be of type Countable|array, null given
in APPPATH\Views\Welcome.php on line 13.
 1 SYSTEMPATH\View\View.php(226): include()
 2 SYSTEMPATH\View\View.php(229): CodeIgniter\View\View->CodeIgniter\View\{closure}()
 3 SYSTEMPATH\Common.php(1188): CodeIgniter\View\View->render('Welcome', [], true)
 4 APPPATH\Controllers\Blog.php(16): view('Welcome', [...])
 5 SYSTEMPATH\CodeIgniter.php(919): App\Controllers\Blog->index()
 6 SYSTEMPATH\CodeIgniter.php(494): CodeIgniter\CodeIgniter->runController(Object(App\Controllers\Blog))
 7 SYSTEMPATH\CodeIgniter.php(353): CodeIgniter\CodeIgniter->handleRequest(null, Object(Config\Cache), false)
 8 FCPATH\index.php(79): CodeIgniter\CodeIgniter->run()
CRITICAL - 2023-10-21 14:40:07 --> Call to undefined method App\Controllers\Table::generate()
in APPPATH\Controllers\Table.php on line 17.
 1 SYSTEMPATH\CodeIgniter.php(919): App\Controllers\Table->index()
 2 SYSTEMPATH\CodeIgniter.php(494): CodeIgniter\CodeIgniter->runController(Object(App\Controllers\Table))
 3 SYSTEMPATH\CodeIgniter.php(353): CodeIgniter\CodeIgniter->handleRequest(null, Object(Config\Cache), false)
 4 FCPATH\index.php(79): CodeIgniter\CodeIgniter->run()
CRITICAL - 2023-10-21 14:40:44 --> Call to undefined method App\Controllers\Table::generate()
in APPPATH\Controllers\Table.php on line 17.
 1 SYSTEMPATH\CodeIgniter.php(919): App\Controllers\Table->index()
 2 SYSTEMPATH\CodeIgniter.php(494): CodeIgniter\CodeIgniter->runController(Object(App\Controllers\Table))
 3 SYSTEMPATH\CodeIgniter.php(353): CodeIgniter\CodeIgniter->handleRequest(null, Object(Config\Cache), false)
 4 FCPATH\index.php(79): CodeIgniter\CodeIgniter->run()
CRITICAL - 2023-10-21 14:55:55 --> Undefined variable $data
in APPPATH\Controllers\Data.php on line 20.
 1 APPPATH\Controllers\Data.php(20): CodeIgniter\Debug\Exceptions->errorHandler(2, 'Undefined variable $data', 'C:\\xampp\\htdocs\\codig\\app\\Controllers\\Data.php', 20)
 2 SYSTEMPATH\CodeIgniter.php(919): App\Controllers\Data->index()
 3 SYSTEMPATH\CodeIgniter.php(494): CodeIgniter\CodeIgniter->runController(Object(App\Controllers\Data))
 4 SYSTEMPATH\CodeIgniter.php(353): CodeIgniter\CodeIgniter->handleRequest(null, Object(Config\Cache), false)
 5 FCPATH\index.php(79): CodeIgniter\CodeIgniter->run()
ERROR - 2023-10-21 17:19:01 --> Error connecting to the database: mysqli_sql_exception: Access denied for user ''@'localhost' (using password: NO) in C:\xampp\htdocs\codig\system\Database\MySQLi\Connection.php:184
Stack trace:
#0 C:\xampp\htdocs\codig\system\Database\MySQLi\Connection.php(184): mysqli->real_connect('localhost', '', Object(SensitiveParameterValue), '', 3306, '', 0)
#1 C:\xampp\htdocs\codig\system\Database\BaseConnection.php(391): CodeIgniter\Database\MySQLi\Connection->connect(false)
#2 C:\xampp\htdocs\codig\system\Database\BaseConnection.php(574): CodeIgniter\Database\BaseConnection->initialize()
#3 C:\xampp\htdocs\codig\app\Controllers\Users.php(13): CodeIgniter\Database\BaseConnection->query('select name,id,...')
#4 C:\xampp\htdocs\codig\system\CodeIgniter.php(919): App\Controllers\Users->index()
#5 C:\xampp\htdocs\codig\system\CodeIgniter.php(494): CodeIgniter\CodeIgniter->runController(Object(App\Controllers\Users))
#6 C:\xampp\htdocs\codig\system\CodeIgniter.php(353): CodeIgniter\CodeIgniter->handleRequest(NULL, Object(Config\Cache), false)
#7 C:\xampp\htdocs\codig\index.php(79): CodeIgniter\CodeIgniter->run()
#8 {main}

Next CodeIgniter\Database\Exceptions\DatabaseException: Access denied for user ''@'localhost' (using password: NO) in C:\xampp\htdocs\codig\system\Database\MySQLi\Connection.php:229
Stack trace:
#0 C:\xampp\htdocs\codig\system\Database\BaseConnection.php(391): CodeIgniter\Database\MySQLi\Connection->connect(false)
#1 C:\xampp\htdocs\codig\system\Database\BaseConnection.php(574): CodeIgniter\Database\BaseConnection->initialize()
#2 C:\xampp\htdocs\codig\app\Controllers\Users.php(13): CodeIgniter\Database\BaseConnection->query('select name,id,...')
#3 C:\xampp\htdocs\codig\system\CodeIgniter.php(919): App\Controllers\Users->index()
#4 C:\xampp\htdocs\codig\system\CodeIgniter.php(494): CodeIgniter\CodeIgniter->runController(Object(App\Controllers\Users))
#5 C:\xampp\htdocs\codig\system\CodeIgniter.php(353): CodeIgniter\CodeIgniter->handleRequest(NULL, Object(Config\Cache), false)
#6 C:\xampp\htdocs\codig\index.php(79): CodeIgniter\CodeIgniter->run()
#7 {main}
CRITICAL - 2023-10-21 17:19:01 --> Unable to connect to the database.
Main connection [MySQLi]: Access denied for user ''@'localhost' (using password: NO)
in SYSTEMPATH\Database\BaseConnection.php on line 427.
 1 SYSTEMPATH\Database\BaseConnection.php(574): CodeIgniter\Database\BaseConnection->initialize()
 2 APPPATH\Controllers\Users.php(13): CodeIgniter\Database\BaseConnection->query('select name,id,password1,email1')
 3 SYSTEMPATH\CodeIgniter.php(919): App\Controllers\Users->index()
 4 SYSTEMPATH\CodeIgniter.php(494): CodeIgniter\CodeIgniter->runController(Object(App\Controllers\Users))
 5 SYSTEMPATH\CodeIgniter.php(353): CodeIgniter\CodeIgniter->handleRequest(null, Object(Config\Cache), false)
 6 FCPATH\index.php(79): CodeIgniter\CodeIgniter->run()
ERROR - 2023-10-21 17:20:02 --> Error connecting to the database: mysqli_sql_exception: Access denied for user ''@'localhost' (using password: NO) in C:\xampp\htdocs\codig\system\Database\MySQLi\Connection.php:184
Stack trace:
#0 C:\xampp\htdocs\codig\system\Database\MySQLi\Connection.php(184): mysqli->real_connect('localhost', '', Object(SensitiveParameterValue), '', 3306, '', 0)
#1 C:\xampp\htdocs\codig\system\Database\BaseConnection.php(391): CodeIgniter\Database\MySQLi\Connection->connect(false)
#2 C:\xampp\htdocs\codig\system\Database\BaseConnection.php(574): CodeIgniter\Database\BaseConnection->initialize()
#3 C:\xampp\htdocs\codig\app\Controllers\Users.php(13): CodeIgniter\Database\BaseConnection->query('select name,id,...')
#4 C:\xampp\htdocs\codig\system\CodeIgniter.php(919): App\Controllers\Users->index()
#5 C:\xampp\htdocs\codig\system\CodeIgniter.php(494): CodeIgniter\CodeIgniter->runController(Object(App\Controllers\Users))
#6 C:\xampp\htdocs\codig\system\CodeIgniter.php(353): CodeIgniter\CodeIgniter->handleRequest(NULL, Object(Config\Cache), false)
#7 C:\xampp\htdocs\codig\index.php(79): CodeIgniter\CodeIgniter->run()
#8 {main}

Next CodeIgniter\Database\Exceptions\DatabaseException: Access denied for user ''@'localhost' (using password: NO) in C:\xampp\htdocs\codig\system\Database\MySQLi\Connection.php:229
Stack trace:
#0 C:\xampp\htdocs\codig\system\Database\BaseConnection.php(391): CodeIgniter\Database\MySQLi\Connection->connect(false)
#1 C:\xampp\htdocs\codig\system\Database\BaseConnection.php(574): CodeIgniter\Database\BaseConnection->initialize()
#2 C:\xampp\htdocs\codig\app\Controllers\Users.php(13): CodeIgniter\Database\BaseConnection->query('select name,id,...')
#3 C:\xampp\htdocs\codig\system\CodeIgniter.php(919): App\Controllers\Users->index()
#4 C:\xampp\htdocs\codig\system\CodeIgniter.php(494): CodeIgniter\CodeIgniter->runController(Object(App\Controllers\Users))
#5 C:\xampp\htdocs\codig\system\CodeIgniter.php(353): CodeIgniter\CodeIgniter->handleRequest(NULL, Object(Config\Cache), false)
#6 C:\xampp\htdocs\codig\index.php(79): CodeIgniter\CodeIgniter->run()
#7 {main}
CRITICAL - 2023-10-21 17:20:02 --> Unable to connect to the database.
Main connection [MySQLi]: Access denied for user ''@'localhost' (using password: NO)
in SYSTEMPATH\Database\BaseConnection.php on line 427.
 1 SYSTEMPATH\Database\BaseConnection.php(574): CodeIgniter\Database\BaseConnection->initialize()
 2 APPPATH\Controllers\Users.php(13): CodeIgniter\Database\BaseConnection->query('select name,id,password1,email1 from users')
 3 SYSTEMPATH\CodeIgniter.php(919): App\Controllers\Users->index()
 4 SYSTEMPATH\CodeIgniter.php(494): CodeIgniter\CodeIgniter->runController(Object(App\Controllers\Users))
 5 SYSTEMPATH\CodeIgniter.php(353): CodeIgniter\CodeIgniter->handleRequest(null, Object(Config\Cache), false)
 6 FCPATH\index.php(79): CodeIgniter\CodeIgniter->run()
ERROR - 2023-10-21 17:25:20 --> Error connecting to the database: mysqli_sql_exception: Access denied for user ''@'localhost' (using password: NO) in C:\xampp\htdocs\codig\system\Database\MySQLi\Connection.php:184
Stack trace:
#0 C:\xampp\htdocs\codig\system\Database\MySQLi\Connection.php(184): mysqli->real_connect('localhost', '', Object(SensitiveParameterValue), '', 3306, '', 0)
#1 C:\xampp\htdocs\codig\system\Database\BaseConnection.php(391): CodeIgniter\Database\MySQLi\Connection->connect(false)
#2 C:\xampp\htdocs\codig\system\Database\BaseConnection.php(574): CodeIgniter\Database\BaseConnection->initialize()
#3 C:\xampp\htdocs\codig\app\Controllers\Users.php(13): CodeIgniter\Database\BaseConnection->query('select name,id,...')
#4 C:\xampp\htdocs\codig\system\CodeIgniter.php(919): App\Controllers\Users->index()
#5 C:\xampp\htdocs\codig\system\CodeIgniter.php(494): CodeIgniter\CodeIgniter->runController(Object(App\Controllers\Users))
#6 C:\xampp\htdocs\codig\system\CodeIgniter.php(353): CodeIgniter\CodeIgniter->handleRequest(NULL, Object(Config\Cache), false)
#7 C:\xampp\htdocs\codig\index.php(79): CodeIgniter\CodeIgniter->run()
#8 {main}

Next CodeIgniter\Database\Exceptions\DatabaseException: Access denied for user ''@'localhost' (using password: NO) in C:\xampp\htdocs\codig\system\Database\MySQLi\Connection.php:229
Stack trace:
#0 C:\xampp\htdocs\codig\system\Database\BaseConnection.php(391): CodeIgniter\Database\MySQLi\Connection->connect(false)
#1 C:\xampp\htdocs\codig\system\Database\BaseConnection.php(574): CodeIgniter\Database\BaseConnection->initialize()
#2 C:\xampp\htdocs\codig\app\Controllers\Users.php(13): CodeIgniter\Database\BaseConnection->query('select name,id,...')
#3 C:\xampp\htdocs\codig\system\CodeIgniter.php(919): App\Controllers\Users->index()
#4 C:\xampp\htdocs\codig\system\CodeIgniter.php(494): CodeIgniter\CodeIgniter->runController(Object(App\Controllers\Users))
#5 C:\xampp\htdocs\codig\system\CodeIgniter.php(353): CodeIgniter\CodeIgniter->handleRequest(NULL, Object(Config\Cache), false)
#6 C:\xampp\htdocs\codig\index.php(79): CodeIgniter\CodeIgniter->run()
#7 {main}
CRITICAL - 2023-10-21 17:25:20 --> Unable to connect to the database.
Main connection [MySQLi]: Access denied for user ''@'localhost' (using password: NO)
in SYSTEMPATH\Database\BaseConnection.php on line 427.
 1 SYSTEMPATH\Database\BaseConnection.php(574): CodeIgniter\Database\BaseConnection->initialize()
 2 APPPATH\Controllers\Users.php(13): CodeIgniter\Database\BaseConnection->query('select name,id,password1,email1 from users')
 3 SYSTEMPATH\CodeIgniter.php(919): App\Controllers\Users->index()
 4 SYSTEMPATH\CodeIgniter.php(494): CodeIgniter\CodeIgniter->runController(Object(App\Controllers\Users))
 5 SYSTEMPATH\CodeIgniter.php(353): CodeIgniter\CodeIgniter->handleRequest(null, Object(Config\Cache), false)
 6 FCPATH\index.php(79): CodeIgniter\CodeIgniter->run()
ERROR - 2023-10-21 17:29:36 --> Error connecting to the database: mysqli_sql_exception: Access denied for user ''@'localhost' (using password: NO) in C:\xampp\htdocs\codig\system\Database\MySQLi\Connection.php:184
Stack trace:
#0 C:\xampp\htdocs\codig\system\Database\MySQLi\Connection.php(184): mysqli->real_connect('localhost', '', Object(SensitiveParameterValue), 'ci4', 3306, '', 0)
#1 C:\xampp\htdocs\codig\system\Database\BaseConnection.php(391): CodeIgniter\Database\MySQLi\Connection->connect(false)
#2 C:\xampp\htdocs\codig\system\Database\BaseConnection.php(574): CodeIgniter\Database\BaseConnection->initialize()
#3 C:\xampp\htdocs\codig\app\Controllers\Users.php(13): CodeIgniter\Database\BaseConnection->query('select name,id,...')
#4 C:\xampp\htdocs\codig\system\CodeIgniter.php(919): App\Controllers\Users->index()
#5 C:\xampp\htdocs\codig\system\CodeIgniter.php(494): CodeIgniter\CodeIgniter->runController(Object(App\Controllers\Users))
#6 C:\xampp\htdocs\codig\system\CodeIgniter.php(353): CodeIgniter\CodeIgniter->handleRequest(NULL, Object(Config\Cache), false)
#7 C:\xampp\htdocs\codig\index.php(79): CodeIgniter\CodeIgniter->run()
#8 {main}

Next CodeIgniter\Database\Exceptions\DatabaseException: Access denied for user ''@'localhost' (using password: NO) in C:\xampp\htdocs\codig\system\Database\MySQLi\Connection.php:229
Stack trace:
#0 C:\xampp\htdocs\codig\system\Database\BaseConnection.php(391): CodeIgniter\Database\MySQLi\Connection->connect(false)
#1 C:\xampp\htdocs\codig\system\Database\BaseConnection.php(574): CodeIgniter\Database\BaseConnection->initialize()
#2 C:\xampp\htdocs\codig\app\Controllers\Users.php(13): CodeIgniter\Database\BaseConnection->query('select name,id,...')
#3 C:\xampp\htdocs\codig\system\CodeIgniter.php(919): App\Controllers\Users->index()
#4 C:\xampp\htdocs\codig\system\CodeIgniter.php(494): CodeIgniter\CodeIgniter->runController(Object(App\Controllers\Users))
#5 C:\xampp\htdocs\codig\system\CodeIgniter.php(353): CodeIgniter\CodeIgniter->handleRequest(NULL, Object(Config\Cache), false)
#6 C:\xampp\htdocs\codig\index.php(79): CodeIgniter\CodeIgniter->run()
#7 {main}
CRITICAL - 2023-10-21 17:29:36 --> Unable to connect to the database.
Main connection [MySQLi]: Access denied for user ''@'localhost' (using password: NO)
in SYSTEMPATH\Database\BaseConnection.php on line 427.
 1 SYSTEMPATH\Database\BaseConnection.php(574): CodeIgniter\Database\BaseConnection->initialize()
 2 APPPATH\Controllers\Users.php(13): CodeIgniter\Database\BaseConnection->query('select name,id,password1,email1 from users')
 3 SYSTEMPATH\CodeIgniter.php(919): App\Controllers\Users->index()
 4 SYSTEMPATH\CodeIgniter.php(494): CodeIgniter\CodeIgniter->runController(Object(App\Controllers\Users))
 5 SYSTEMPATH\CodeIgniter.php(353): CodeIgniter\CodeIgniter->handleRequest(null, Object(Config\Cache), false)
 6 FCPATH\index.php(79): CodeIgniter\CodeIgniter->run()
ERROR - 2023-10-21 17:29:38 --> Error connecting to the database: mysqli_sql_exception: Access denied for user ''@'localhost' (using password: NO) in C:\xampp\htdocs\codig\system\Database\MySQLi\Connection.php:184
Stack trace:
#0 C:\xampp\htdocs\codig\system\Database\MySQLi\Connection.php(184): mysqli->real_connect('localhost', '', Object(SensitiveParameterValue), 'ci4', 3306, '', 0)
#1 C:\xampp\htdocs\codig\system\Database\BaseConnection.php(391): CodeIgniter\Database\MySQLi\Connection->connect(false)
#2 C:\xampp\htdocs\codig\system\Database\BaseConnection.php(574): CodeIgniter\Database\BaseConnection->initialize()
#3 C:\xampp\htdocs\codig\app\Controllers\Users.php(13): CodeIgniter\Database\BaseConnection->query('select name,id,...')
#4 C:\xampp\htdocs\codig\system\CodeIgniter.php(919): App\Controllers\Users->index()
#5 C:\xampp\htdocs\codig\system\CodeIgniter.php(494): CodeIgniter\CodeIgniter->runController(Object(App\Controllers\Users))
#6 C:\xampp\htdocs\codig\system\CodeIgniter.php(353): CodeIgniter\CodeIgniter->handleRequest(NULL, Object(Config\Cache), false)
#7 C:\xampp\htdocs\codig\index.php(79): CodeIgniter\CodeIgniter->run()
#8 {main}

Next CodeIgniter\Database\Exceptions\DatabaseException: Access denied for user ''@'localhost' (using password: NO) in C:\xampp\htdocs\codig\system\Database\MySQLi\Connection.php:229
Stack trace:
#0 C:\xampp\htdocs\codig\system\Database\BaseConnection.php(391): CodeIgniter\Database\MySQLi\Connection->connect(false)
#1 C:\xampp\htdocs\codig\system\Database\BaseConnection.php(574): CodeIgniter\Database\BaseConnection->initialize()
#2 C:\xampp\htdocs\codig\app\Controllers\Users.php(13): CodeIgniter\Database\BaseConnection->query('select name,id,...')
#3 C:\xampp\htdocs\codig\system\CodeIgniter.php(919): App\Controllers\Users->index()
#4 C:\xampp\htdocs\codig\system\CodeIgniter.php(494): CodeIgniter\CodeIgniter->runController(Object(App\Controllers\Users))
#5 C:\xampp\htdocs\codig\system\CodeIgniter.php(353): CodeIgniter\CodeIgniter->handleRequest(NULL, Object(Config\Cache), false)
#6 C:\xampp\htdocs\codig\index.php(79): CodeIgniter\CodeIgniter->run()
#7 {main}
CRITICAL - 2023-10-21 17:29:38 --> Unable to connect to the database.
Main connection [MySQLi]: Access denied for user ''@'localhost' (using password: NO)
in SYSTEMPATH\Database\BaseConnection.php on line 427.
 1 SYSTEMPATH\Database\BaseConnection.php(574): CodeIgniter\Database\BaseConnection->initialize()
 2 APPPATH\Controllers\Users.php(13): CodeIgniter\Database\BaseConnection->query('select name,id,password1,email1 from users')
 3 SYSTEMPATH\CodeIgniter.php(919): App\Controllers\Users->index()
 4 SYSTEMPATH\CodeIgniter.php(494): CodeIgniter\CodeIgniter->runController(Object(App\Controllers\Users))
 5 SYSTEMPATH\CodeIgniter.php(353): CodeIgniter\CodeIgniter->handleRequest(null, Object(Config\Cache), false)
 6 FCPATH\index.php(79): CodeIgniter\CodeIgniter->run()
ERROR - 2023-10-21 17:30:22 --> Error connecting to the database: mysqli_sql_exception: Access denied for user ''@'localhost' (using password: NO) in C:\xampp\htdocs\codig\system\Database\MySQLi\Connection.php:184
Stack trace:
#0 C:\xampp\htdocs\codig\system\Database\MySQLi\Connection.php(184): mysqli->real_connect('localhost', '', Object(SensitiveParameterValue), 'ci4', 3306, '', 0)
#1 C:\xampp\htdocs\codig\system\Database\BaseConnection.php(391): CodeIgniter\Database\MySQLi\Connection->connect(false)
#2 C:\xampp\htdocs\codig\system\Database\BaseConnection.php(574): CodeIgniter\Database\BaseConnection->initialize()
#3 C:\xampp\htdocs\codig\app\Controllers\Users.php(13): CodeIgniter\Database\BaseConnection->query('select name,id,...')
#4 C:\xampp\htdocs\codig\system\CodeIgniter.php(919): App\Controllers\Users->index()
#5 C:\xampp\htdocs\codig\system\CodeIgniter.php(494): CodeIgniter\CodeIgniter->runController(Object(App\Controllers\Users))
#6 C:\xampp\htdocs\codig\system\CodeIgniter.php(353): CodeIgniter\CodeIgniter->handleRequest(NULL, Object(Config\Cache), false)
#7 C:\xampp\htdocs\codig\index.php(79): CodeIgniter\CodeIgniter->run()
#8 {main}

Next CodeIgniter\Database\Exceptions\DatabaseException: Access denied for user ''@'localhost' (using password: NO) in C:\xampp\htdocs\codig\system\Database\MySQLi\Connection.php:229
Stack trace:
#0 C:\xampp\htdocs\codig\system\Database\BaseConnection.php(391): CodeIgniter\Database\MySQLi\Connection->connect(false)
#1 C:\xampp\htdocs\codig\system\Database\BaseConnection.php(574): CodeIgniter\Database\BaseConnection->initialize()
#2 C:\xampp\htdocs\codig\app\Controllers\Users.php(13): CodeIgniter\Database\BaseConnection->query('select name,id,...')
#3 C:\xampp\htdocs\codig\system\CodeIgniter.php(919): App\Controllers\Users->index()
#4 C:\xampp\htdocs\codig\system\CodeIgniter.php(494): CodeIgniter\CodeIgniter->runController(Object(App\Controllers\Users))
#5 C:\xampp\htdocs\codig\system\CodeIgniter.php(353): CodeIgniter\CodeIgniter->handleRequest(NULL, Object(Config\Cache), false)
#6 C:\xampp\htdocs\codig\index.php(79): CodeIgniter\CodeIgniter->run()
#7 {main}
CRITICAL - 2023-10-21 17:30:22 --> Unable to connect to the database.
Main connection [MySQLi]: Access denied for user ''@'localhost' (using password: NO)
in SYSTEMPATH\Database\BaseConnection.php on line 427.
 1 SYSTEMPATH\Database\BaseConnection.php(574): CodeIgniter\Database\BaseConnection->initialize()
 2 APPPATH\Controllers\Users.php(13): CodeIgniter\Database\BaseConnection->query('select name,id,password1,email1 from users')
 3 SYSTEMPATH\CodeIgniter.php(919): App\Controllers\Users->index()
 4 SYSTEMPATH\CodeIgniter.php(494): CodeIgniter\CodeIgniter->runController(Object(App\Controllers\Users))
 5 SYSTEMPATH\CodeIgniter.php(353): CodeIgniter\CodeIgniter->handleRequest(null, Object(Config\Cache), false)
 6 FCPATH\index.php(79): CodeIgniter\CodeIgniter->run()
ERROR - 2023-10-21 17:31:36 --> Error connecting to the database: mysqli_sql_exception: Access denied for user ''@'localhost' (using password: NO) in C:\xampp\htdocs\codig\system\Database\MySQLi\Connection.php:184
Stack trace:
#0 C:\xampp\htdocs\codig\system\Database\MySQLi\Connection.php(184): mysqli->real_connect('localhost', '', Object(SensitiveParameterValue), 'ci4', 3306, '', 0)
#1 C:\xampp\htdocs\codig\system\Database\BaseConnection.php(391): CodeIgniter\Database\MySQLi\Connection->connect(false)
#2 C:\xampp\htdocs\codig\system\Database\BaseConnection.php(574): CodeIgniter\Database\BaseConnection->initialize()
#3 C:\xampp\htdocs\codig\app\Controllers\Users.php(13): CodeIgniter\Database\BaseConnection->query('select name,id,...')
#4 C:\xampp\htdocs\codig\system\CodeIgniter.php(919): App\Controllers\Users->index()
#5 C:\xampp\htdocs\codig\system\CodeIgniter.php(494): CodeIgniter\CodeIgniter->runController(Object(App\Controllers\Users))
#6 C:\xampp\htdocs\codig\system\CodeIgniter.php(353): CodeIgniter\CodeIgniter->handleRequest(NULL, Object(Config\Cache), false)
#7 C:\xampp\htdocs\codig\index.php(79): CodeIgniter\CodeIgniter->run()
#8 {main}

Next CodeIgniter\Database\Exceptions\DatabaseException: Access denied for user ''@'localhost' (using password: NO) in C:\xampp\htdocs\codig\system\Database\MySQLi\Connection.php:229
Stack trace:
#0 C:\xampp\htdocs\codig\system\Database\BaseConnection.php(391): CodeIgniter\Database\MySQLi\Connection->connect(false)
#1 C:\xampp\htdocs\codig\system\Database\BaseConnection.php(574): CodeIgniter\Database\BaseConnection->initialize()
#2 C:\xampp\htdocs\codig\app\Controllers\Users.php(13): CodeIgniter\Database\BaseConnection->query('select name,id,...')
#3 C:\xampp\htdocs\codig\system\CodeIgniter.php(919): App\Controllers\Users->index()
#4 C:\xampp\htdocs\codig\system\CodeIgniter.php(494): CodeIgniter\CodeIgniter->runController(Object(App\Controllers\Users))
#5 C:\xampp\htdocs\codig\system\CodeIgniter.php(353): CodeIgniter\CodeIgniter->handleRequest(NULL, Object(Config\Cache), false)
#6 C:\xampp\htdocs\codig\index.php(79): CodeIgniter\CodeIgniter->run()
#7 {main}
CRITICAL - 2023-10-21 17:31:36 --> Unable to connect to the database.
Main connection [MySQLi]: Access denied for user ''@'localhost' (using password: NO)
in SYSTEMPATH\Database\BaseConnection.php on line 427.
 1 SYSTEMPATH\Database\BaseConnection.php(574): CodeIgniter\Database\BaseConnection->initialize()
 2 APPPATH\Controllers\Users.php(13): CodeIgniter\Database\BaseConnection->query('select name,id,password1,email1 from users')
 3 SYSTEMPATH\CodeIgniter.php(919): App\Controllers\Users->index()
 4 SYSTEMPATH\CodeIgniter.php(494): CodeIgniter\CodeIgniter->runController(Object(App\Controllers\Users))
 5 SYSTEMPATH\CodeIgniter.php(353): CodeIgniter\CodeIgniter->handleRequest(null, Object(Config\Cache), false)
 6 FCPATH\index.php(79): CodeIgniter\CodeIgniter->run()
