CRITICAL - 2023-10-23 09:41:50 --> Undefined variable $subject
in APPPATH\Views\Dataview.php on line 10.
 1 APPPATH\Views\Dataview.php(10): CodeIgniter\Debug\Exceptions->errorHandler(2, 'Undefined variable $subject', 'C:\\xampp\\htdocs\\codig\\app\\Views\\Dataview.php', 10)
 2 SYSTEMPATH\View\View.php(226): include('C:\\xampp\\htdocs\\codig\\app\\Views\\Dataview.php')
 3 SYSTEMPATH\View\View.php(229): CodeIgniter\View\View->CodeIgniter\View\{closure}()
 4 SYSTEMPATH\Common.php(1188): CodeIgniter\View\View->render('Dataview', [], true)
 5 APPPATH\Controllers\Mdata.php(16): view('Dataview', [...])
 6 SYSTEMPATH\CodeIgniter.php(919): App\Controllers\Mdata->index()
 7 SYSTEMPATH\CodeIgniter.php(494): CodeIgniter\CodeIgniter->runController(Object(App\Controllers\Mdata))
 8 SYSTEMPATH\CodeIgniter.php(353): CodeIgniter\CodeIgniter->handleRequest(null, Object(Config\Cache), false)
 9 FCPATH\index.php(79): CodeIgniter\CodeIgniter->run()
CRITICAL - 2023-10-23 09:42:33 --> Array callback has to contain indices 0 and 1
in APPPATH\Views\Dataview.php on line 12.
 1 SYSTEMPATH\View\View.php(226): include()
 2 SYSTEMPATH\View\View.php(229): CodeIgniter\View\View->CodeIgniter\View\{closure}()
 3 SYSTEMPATH\Common.php(1188): CodeIgniter\View\View->render('Dataview', [], true)
 4 APPPATH\Controllers\Mdata.php(16): view('Dataview', [...])
 5 SYSTEMPATH\CodeIgniter.php(919): App\Controllers\Mdata->index()
 6 SYSTEMPATH\CodeIgniter.php(494): CodeIgniter\CodeIgniter->runController(Object(App\Controllers\Mdata))
 7 SYSTEMPATH\CodeIgniter.php(353): CodeIgniter\CodeIgniter->handleRequest(null, Object(Config\Cache), false)
 8 FCPATH\index.php(79): CodeIgniter\CodeIgniter->run()
CRITICAL - 2023-10-23 09:42:35 --> Array callback has to contain indices 0 and 1
in APPPATH\Views\Dataview.php on line 12.
 1 SYSTEMPATH\View\View.php(226): include()
 2 SYSTEMPATH\View\View.php(229): CodeIgniter\View\View->CodeIgniter\View\{closure}()
 3 SYSTEMPATH\Common.php(1188): CodeIgniter\View\View->render('Dataview', [], true)
 4 APPPATH\Controllers\Mdata.php(16): view('Dataview', [...])
 5 SYSTEMPATH\CodeIgniter.php(919): App\Controllers\Mdata->index()
 6 SYSTEMPATH\CodeIgniter.php(494): CodeIgniter\CodeIgniter->runController(Object(App\Controllers\Mdata))
 7 SYSTEMPATH\CodeIgniter.php(353): CodeIgniter\CodeIgniter->handleRequest(null, Object(Config\Cache), false)
 8 FCPATH\index.php(79): CodeIgniter\CodeIgniter->run()
CRITICAL - 2023-10-23 09:42:47 --> Array callback has to contain indices 0 and 1
in APPPATH\Views\Dataview.php on line 12.
 1 SYSTEMPATH\View\View.php(226): include()
 2 SYSTEMPATH\View\View.php(229): CodeIgniter\View\View->CodeIgniter\View\{closure}()
 3 SYSTEMPATH\Common.php(1188): CodeIgniter\View\View->render('Dataview', [], true)
 4 APPPATH\Controllers\Mdata.php(16): view('Dataview', [...])
 5 SYSTEMPATH\CodeIgniter.php(919): App\Controllers\Mdata->index()
 6 SYSTEMPATH\CodeIgniter.php(494): CodeIgniter\CodeIgniter->runController(Object(App\Controllers\Mdata))
 7 SYSTEMPATH\CodeIgniter.php(353): CodeIgniter\CodeIgniter->handleRequest(null, Object(Config\Cache), false)
 8 FCPATH\index.php(79): CodeIgniter\CodeIgniter->run()
CRITICAL - 2023-10-23 10:20:22 --> You must set the database table to be used with your query.
in SYSTEMPATH\Database\BaseConnection.php on line 883.
 1 SYSTEMPATH\Model.php(635): CodeIgniter\Database\BaseConnection->table(null)
 2 SYSTEMPATH\Model.php(863): CodeIgniter\Model->builder()
 3 APPPATH\Controllers\Sqldata.php(20): CodeIgniter\Model->__call('getUsersList', [])
 4 SYSTEMPATH\CodeIgniter.php(919): App\Controllers\Sqldata->usersList()
 5 SYSTEMPATH\CodeIgniter.php(494): CodeIgniter\CodeIgniter->runController(Object(App\Controllers\Sqldata))
 6 SYSTEMPATH\CodeIgniter.php(353): CodeIgniter\CodeIgniter->handleRequest(null, Object(Config\Cache), false)
 7 FCPATH\index.php(79): CodeIgniter\CodeIgniter->run()
CRITICAL - 2023-10-23 10:20:34 --> You must set the database table to be used with your query.
in SYSTEMPATH\Database\BaseConnection.php on line 883.
 1 SYSTEMPATH\Model.php(635): CodeIgniter\Database\BaseConnection->table(null)
 2 SYSTEMPATH\Model.php(863): CodeIgniter\Model->builder()
 3 APPPATH\Controllers\Sqldata.php(20): CodeIgniter\Model->__call('getUsersList', [])
 4 SYSTEMPATH\CodeIgniter.php(919): App\Controllers\Sqldata->usersList()
 5 SYSTEMPATH\CodeIgniter.php(494): CodeIgniter\CodeIgniter->runController(Object(App\Controllers\Sqldata))
 6 SYSTEMPATH\CodeIgniter.php(353): CodeIgniter\CodeIgniter->handleRequest(null, Object(Config\Cache), false)
 7 FCPATH\index.php(79): CodeIgniter\CodeIgniter->run()
CRITICAL - 2023-10-23 10:24:27 --> Class "App\Models\Userdatabse" not found
in APPPATH\Controllers\Sqldata.php on line 21.
 1 SYSTEMPATH\CodeIgniter.php(919): App\Controllers\Sqldata->usersList()
 2 SYSTEMPATH\CodeIgniter.php(494): CodeIgniter\CodeIgniter->runController(Object(App\Controllers\Sqldata))
 3 SYSTEMPATH\CodeIgniter.php(353): CodeIgniter\CodeIgniter->handleRequest(null, Object(Config\Cache), false)
 4 FCPATH\index.php(79): CodeIgniter\CodeIgniter->run()
ERROR - 2023-10-23 10:26:14 --> mysqli_sql_exception: You have an error in your SQL syntax; check the manual that corresponds to your MariaDB server version for the right syntax to use near 'logs' at line 1 in C:\xampp\htdocs\codig\system\Database\MySQLi\Connection.php:306
Stack trace:
#0 C:\xampp\htdocs\codig\system\Database\MySQLi\Connection.php(306): mysqli->query('select name,id,...', 0)
#1 C:\xampp\htdocs\codig\system\Database\BaseConnection.php(692): CodeIgniter\Database\MySQLi\Connection->execute('select name,id,...')
#2 C:\xampp\htdocs\codig\system\Database\BaseConnection.php(606): CodeIgniter\Database\BaseConnection->simpleQuery('select name,id,...')
#3 C:\xampp\htdocs\codig\app\Models\Userdatabase.php(14): CodeIgniter\Database\BaseConnection->query('select name,id,...')
#4 C:\xampp\htdocs\codig\app\Controllers\Sqldata.php(22): App\Models\Userdatabase->getUsersList()
#5 C:\xampp\htdocs\codig\system\CodeIgniter.php(919): App\Controllers\Sqldata->usersList()
#6 C:\xampp\htdocs\codig\system\CodeIgniter.php(494): CodeIgniter\CodeIgniter->runController(Object(App\Controllers\Sqldata))
#7 C:\xampp\htdocs\codig\system\CodeIgniter.php(353): CodeIgniter\CodeIgniter->handleRequest(NULL, Object(Config\Cache), false)
#8 C:\xampp\htdocs\codig\index.php(79): CodeIgniter\CodeIgniter->run()
#9 {main}
CRITICAL - 2023-10-23 10:26:14 --> You have an error in your SQL syntax; check the manual that corresponds to your MariaDB server version for the right syntax to use near 'logs' at line 1
in SYSTEMPATH\Database\BaseConnection.php on line 646.
 1 APPPATH\Models\Userdatabase.php(14): CodeIgniter\Database\BaseConnection->query('select name,id,email,phone form logs')
 2 APPPATH\Controllers\Sqldata.php(22): App\Models\Userdatabase->getUsersList()
 3 SYSTEMPATH\CodeIgniter.php(919): App\Controllers\Sqldata->usersList()
 4 SYSTEMPATH\CodeIgniter.php(494): CodeIgniter\CodeIgniter->runController(Object(App\Controllers\Sqldata))
 5 SYSTEMPATH\CodeIgniter.php(353): CodeIgniter\CodeIgniter->handleRequest(null, Object(Config\Cache), false)
 6 FCPATH\index.php(79): CodeIgniter\CodeIgniter->run()
ERROR - 2023-10-23 10:26:15 --> mysqli_sql_exception: You have an error in your SQL syntax; check the manual that corresponds to your MariaDB server version for the right syntax to use near 'logs' at line 1 in C:\xampp\htdocs\codig\system\Database\MySQLi\Connection.php:306
Stack trace:
#0 C:\xampp\htdocs\codig\system\Database\MySQLi\Connection.php(306): mysqli->query('select name,id,...', 0)
#1 C:\xampp\htdocs\codig\system\Database\BaseConnection.php(692): CodeIgniter\Database\MySQLi\Connection->execute('select name,id,...')
#2 C:\xampp\htdocs\codig\system\Database\BaseConnection.php(606): CodeIgniter\Database\BaseConnection->simpleQuery('select name,id,...')
#3 C:\xampp\htdocs\codig\app\Models\Userdatabase.php(14): CodeIgniter\Database\BaseConnection->query('select name,id,...')
#4 C:\xampp\htdocs\codig\app\Controllers\Sqldata.php(22): App\Models\Userdatabase->getUsersList()
#5 C:\xampp\htdocs\codig\system\CodeIgniter.php(919): App\Controllers\Sqldata->usersList()
#6 C:\xampp\htdocs\codig\system\CodeIgniter.php(494): CodeIgniter\CodeIgniter->runController(Object(App\Controllers\Sqldata))
#7 C:\xampp\htdocs\codig\system\CodeIgniter.php(353): CodeIgniter\CodeIgniter->handleRequest(NULL, Object(Config\Cache), false)
#8 C:\xampp\htdocs\codig\index.php(79): CodeIgniter\CodeIgniter->run()
#9 {main}
CRITICAL - 2023-10-23 10:26:15 --> You have an error in your SQL syntax; check the manual that corresponds to your MariaDB server version for the right syntax to use near 'logs' at line 1
in SYSTEMPATH\Database\BaseConnection.php on line 646.
 1 APPPATH\Models\Userdatabase.php(14): CodeIgniter\Database\BaseConnection->query('select name,id,email,phone form logs')
 2 APPPATH\Controllers\Sqldata.php(22): App\Models\Userdatabase->getUsersList()
 3 SYSTEMPATH\CodeIgniter.php(919): App\Controllers\Sqldata->usersList()
 4 SYSTEMPATH\CodeIgniter.php(494): CodeIgniter\CodeIgniter->runController(Object(App\Controllers\Sqldata))
 5 SYSTEMPATH\CodeIgniter.php(353): CodeIgniter\CodeIgniter->handleRequest(null, Object(Config\Cache), false)
 6 FCPATH\index.php(79): CodeIgniter\CodeIgniter->run()
ERROR - 2023-10-23 10:26:36 --> mysqli_sql_exception: You have an error in your SQL syntax; check the manual that corresponds to your MariaDB server version for the right syntax to use near 'logs' at line 1 in C:\xampp\htdocs\codig\system\Database\MySQLi\Connection.php:306
Stack trace:
#0 C:\xampp\htdocs\codig\system\Database\MySQLi\Connection.php(306): mysqli->query('select name,id,...', 0)
#1 C:\xampp\htdocs\codig\system\Database\BaseConnection.php(692): CodeIgniter\Database\MySQLi\Connection->execute('select name,id,...')
#2 C:\xampp\htdocs\codig\system\Database\BaseConnection.php(606): CodeIgniter\Database\BaseConnection->simpleQuery('select name,id,...')
#3 C:\xampp\htdocs\codig\app\Models\Userdatabase.php(14): CodeIgniter\Database\BaseConnection->query('select name,id,...')
#4 C:\xampp\htdocs\codig\app\Controllers\Sqldata.php(22): App\Models\Userdatabase->getUsersList()
#5 C:\xampp\htdocs\codig\system\CodeIgniter.php(919): App\Controllers\Sqldata->usersList()
#6 C:\xampp\htdocs\codig\system\CodeIgniter.php(494): CodeIgniter\CodeIgniter->runController(Object(App\Controllers\Sqldata))
#7 C:\xampp\htdocs\codig\system\CodeIgniter.php(353): CodeIgniter\CodeIgniter->handleRequest(NULL, Object(Config\Cache), false)
#8 C:\xampp\htdocs\codig\index.php(79): CodeIgniter\CodeIgniter->run()
#9 {main}
CRITICAL - 2023-10-23 10:26:36 --> You have an error in your SQL syntax; check the manual that corresponds to your MariaDB server version for the right syntax to use near 'logs' at line 1
in SYSTEMPATH\Database\BaseConnection.php on line 646.
 1 APPPATH\Models\Userdatabase.php(14): CodeIgniter\Database\BaseConnection->query('select name,id,email,phone form logs')
 2 APPPATH\Controllers\Sqldata.php(22): App\Models\Userdatabase->getUsersList()
 3 SYSTEMPATH\CodeIgniter.php(919): App\Controllers\Sqldata->usersList()
 4 SYSTEMPATH\CodeIgniter.php(494): CodeIgniter\CodeIgniter->runController(Object(App\Controllers\Sqldata))
 5 SYSTEMPATH\CodeIgniter.php(353): CodeIgniter\CodeIgniter->handleRequest(null, Object(Config\Cache), false)
 6 FCPATH\index.php(79): CodeIgniter\CodeIgniter->run()
ERROR - 2023-10-23 10:27:31 --> mysqli_sql_exception: You have an error in your SQL syntax; check the manual that corresponds to your MariaDB server version for the right syntax to use near 'logs' at line 1 in C:\xampp\htdocs\codig\system\Database\MySQLi\Connection.php:306
Stack trace:
#0 C:\xampp\htdocs\codig\system\Database\MySQLi\Connection.php(306): mysqli->query('select name,id,...', 0)
#1 C:\xampp\htdocs\codig\system\Database\BaseConnection.php(692): CodeIgniter\Database\MySQLi\Connection->execute('select name,id,...')
#2 C:\xampp\htdocs\codig\system\Database\BaseConnection.php(606): CodeIgniter\Database\BaseConnection->simpleQuery('select name,id,...')
#3 C:\xampp\htdocs\codig\app\Models\Userdatabase.php(14): CodeIgniter\Database\BaseConnection->query('select name,id,...')
#4 C:\xampp\htdocs\codig\app\Controllers\Sqldata.php(22): App\Models\Userdatabase->getUsersList()
#5 C:\xampp\htdocs\codig\system\CodeIgniter.php(919): App\Controllers\Sqldata->usersList()
#6 C:\xampp\htdocs\codig\system\CodeIgniter.php(494): CodeIgniter\CodeIgniter->runController(Object(App\Controllers\Sqldata))
#7 C:\xampp\htdocs\codig\system\CodeIgniter.php(353): CodeIgniter\CodeIgniter->handleRequest(NULL, Object(Config\Cache), false)
#8 C:\xampp\htdocs\codig\index.php(79): CodeIgniter\CodeIgniter->run()
#9 {main}
CRITICAL - 2023-10-23 10:27:31 --> You have an error in your SQL syntax; check the manual that corresponds to your MariaDB server version for the right syntax to use near 'logs' at line 1
in SYSTEMPATH\Database\BaseConnection.php on line 646.
 1 APPPATH\Models\Userdatabase.php(14): CodeIgniter\Database\BaseConnection->query('select name,id,email,phone form logs')
 2 APPPATH\Controllers\Sqldata.php(22): App\Models\Userdatabase->getUsersList()
 3 SYSTEMPATH\CodeIgniter.php(919): App\Controllers\Sqldata->usersList()
 4 SYSTEMPATH\CodeIgniter.php(494): CodeIgniter\CodeIgniter->runController(Object(App\Controllers\Sqldata))
 5 SYSTEMPATH\CodeIgniter.php(353): CodeIgniter\CodeIgniter->handleRequest(null, Object(Config\Cache), false)
 6 FCPATH\index.php(79): CodeIgniter\CodeIgniter->run()
ERROR - 2023-10-23 10:31:01 --> mysqli_sql_exception: You have an error in your SQL syntax; check the manual that corresponds to your MariaDB server version for the right syntax to use near 'logs' at line 1 in C:\xampp\htdocs\codig\system\Database\MySQLi\Connection.php:306
Stack trace:
#0 C:\xampp\htdocs\codig\system\Database\MySQLi\Connection.php(306): mysqli->query('select name,id,...', 0)
#1 C:\xampp\htdocs\codig\system\Database\BaseConnection.php(692): CodeIgniter\Database\MySQLi\Connection->execute('select name,id,...')
#2 C:\xampp\htdocs\codig\system\Database\BaseConnection.php(606): CodeIgniter\Database\BaseConnection->simpleQuery('select name,id,...')
#3 C:\xampp\htdocs\codig\app\Models\Usersmodel.php(14): CodeIgniter\Database\BaseConnection->query('select name,id,...')
#4 C:\xampp\htdocs\codig\app\Controllers\Sqldata.php(22): App\Models\Usersmodel->getUsersList()
#5 C:\xampp\htdocs\codig\system\CodeIgniter.php(919): App\Controllers\Sqldata->usersList()
#6 C:\xampp\htdocs\codig\system\CodeIgniter.php(494): CodeIgniter\CodeIgniter->runController(Object(App\Controllers\Sqldata))
#7 C:\xampp\htdocs\codig\system\CodeIgniter.php(353): CodeIgniter\CodeIgniter->handleRequest(NULL, Object(Config\Cache), false)
#8 C:\xampp\htdocs\codig\index.php(79): CodeIgniter\CodeIgniter->run()
#9 {main}
CRITICAL - 2023-10-23 10:31:01 --> You have an error in your SQL syntax; check the manual that corresponds to your MariaDB server version for the right syntax to use near 'logs' at line 1
in SYSTEMPATH\Database\BaseConnection.php on line 646.
 1 APPPATH\Models\Usersmodel.php(14): CodeIgniter\Database\BaseConnection->query('select name,id,email,phone form logs')
 2 APPPATH\Controllers\Sqldata.php(22): App\Models\Usersmodel->getUsersList()
 3 SYSTEMPATH\CodeIgniter.php(919): App\Controllers\Sqldata->usersList()
 4 SYSTEMPATH\CodeIgniter.php(494): CodeIgniter\CodeIgniter->runController(Object(App\Controllers\Sqldata))
 5 SYSTEMPATH\CodeIgniter.php(353): CodeIgniter\CodeIgniter->handleRequest(null, Object(Config\Cache), false)
 6 FCPATH\index.php(79): CodeIgniter\CodeIgniter->run()
ERROR - 2023-10-23 10:31:02 --> mysqli_sql_exception: You have an error in your SQL syntax; check the manual that corresponds to your MariaDB server version for the right syntax to use near 'logs' at line 1 in C:\xampp\htdocs\codig\system\Database\MySQLi\Connection.php:306
Stack trace:
#0 C:\xampp\htdocs\codig\system\Database\MySQLi\Connection.php(306): mysqli->query('select name,id,...', 0)
#1 C:\xampp\htdocs\codig\system\Database\BaseConnection.php(692): CodeIgniter\Database\MySQLi\Connection->execute('select name,id,...')
#2 C:\xampp\htdocs\codig\system\Database\BaseConnection.php(606): CodeIgniter\Database\BaseConnection->simpleQuery('select name,id,...')
#3 C:\xampp\htdocs\codig\app\Models\Usersmodel.php(14): CodeIgniter\Database\BaseConnection->query('select name,id,...')
#4 C:\xampp\htdocs\codig\app\Controllers\Sqldata.php(22): App\Models\Usersmodel->getUsersList()
#5 C:\xampp\htdocs\codig\system\CodeIgniter.php(919): App\Controllers\Sqldata->usersList()
#6 C:\xampp\htdocs\codig\system\CodeIgniter.php(494): CodeIgniter\CodeIgniter->runController(Object(App\Controllers\Sqldata))
#7 C:\xampp\htdocs\codig\system\CodeIgniter.php(353): CodeIgniter\CodeIgniter->handleRequest(NULL, Object(Config\Cache), false)
#8 C:\xampp\htdocs\codig\index.php(79): CodeIgniter\CodeIgniter->run()
#9 {main}
CRITICAL - 2023-10-23 10:31:02 --> You have an error in your SQL syntax; check the manual that corresponds to your MariaDB server version for the right syntax to use near 'logs' at line 1
in SYSTEMPATH\Database\BaseConnection.php on line 646.
 1 APPPATH\Models\Usersmodel.php(14): CodeIgniter\Database\BaseConnection->query('select name,id,email,phone form logs')
 2 APPPATH\Controllers\Sqldata.php(22): App\Models\Usersmodel->getUsersList()
 3 SYSTEMPATH\CodeIgniter.php(919): App\Controllers\Sqldata->usersList()
 4 SYSTEMPATH\CodeIgniter.php(494): CodeIgniter\CodeIgniter->runController(Object(App\Controllers\Sqldata))
 5 SYSTEMPATH\CodeIgniter.php(353): CodeIgniter\CodeIgniter->handleRequest(null, Object(Config\Cache), false)
 6 FCPATH\index.php(79): CodeIgniter\CodeIgniter->run()
ERROR - 2023-10-23 10:34:00 --> mysqli_sql_exception: You have an error in your SQL syntax; check the manual that corresponds to your MariaDB server version for the right syntax to use near 'logs' at line 1 in C:\xampp\htdocs\codig\system\Database\MySQLi\Connection.php:306
Stack trace:
#0 C:\xampp\htdocs\codig\system\Database\MySQLi\Connection.php(306): mysqli->query('select name,id,...', 0)
#1 C:\xampp\htdocs\codig\system\Database\BaseConnection.php(692): CodeIgniter\Database\MySQLi\Connection->execute('select name,id,...')
#2 C:\xampp\htdocs\codig\system\Database\BaseConnection.php(606): CodeIgniter\Database\BaseConnection->simpleQuery('select name,id,...')
#3 C:\xampp\htdocs\codig\app\Models\Userdatabase.php(14): CodeIgniter\Database\BaseConnection->query('select name,id,...')
#4 C:\xampp\htdocs\codig\app\Controllers\Sqldata.php(22): App\Models\Userdatabase->getUsersList()
#5 C:\xampp\htdocs\codig\system\CodeIgniter.php(919): App\Controllers\Sqldata->usersList()
#6 C:\xampp\htdocs\codig\system\CodeIgniter.php(494): CodeIgniter\CodeIgniter->runController(Object(App\Controllers\Sqldata))
#7 C:\xampp\htdocs\codig\system\CodeIgniter.php(353): CodeIgniter\CodeIgniter->handleRequest(NULL, Object(Config\Cache), false)
#8 C:\xampp\htdocs\codig\index.php(79): CodeIgniter\CodeIgniter->run()
#9 {main}
CRITICAL - 2023-10-23 10:34:00 --> You have an error in your SQL syntax; check the manual that corresponds to your MariaDB server version for the right syntax to use near 'logs' at line 1
in SYSTEMPATH\Database\BaseConnection.php on line 646.
 1 APPPATH\Models\Userdatabase.php(14): CodeIgniter\Database\BaseConnection->query('select name,id,email,phone form logs')
 2 APPPATH\Controllers\Sqldata.php(22): App\Models\Userdatabase->getUsersList()
 3 SYSTEMPATH\CodeIgniter.php(919): App\Controllers\Sqldata->usersList()
 4 SYSTEMPATH\CodeIgniter.php(494): CodeIgniter\CodeIgniter->runController(Object(App\Controllers\Sqldata))
 5 SYSTEMPATH\CodeIgniter.php(353): CodeIgniter\CodeIgniter->handleRequest(null, Object(Config\Cache), false)
 6 FCPATH\index.php(79): CodeIgniter\CodeIgniter->run()
CRITICAL - 2023-10-23 10:35:36 --> Undefined variable $data
in APPPATH\Views\userlist_view.php on line 9.
 1 APPPATH\Views\userlist_view.php(9): CodeIgniter\Debug\Exceptions->errorHandler(2, 'Undefined variable $data', 'C:\\xampp\\htdocs\\codig\\app\\Views\\userlist_view.php', 9)
 2 SYSTEMPATH\View\View.php(226): include('C:\\xampp\\htdocs\\codig\\app\\Views\\userlist_view.php')
 3 SYSTEMPATH\View\View.php(229): CodeIgniter\View\View->CodeIgniter\View\{closure}()
 4 SYSTEMPATH\Common.php(1188): CodeIgniter\View\View->render('userlist_view', [], true)
 5 APPPATH\Controllers\Sqldata.php(23): view('userlist_view', [...])
 6 SYSTEMPATH\CodeIgniter.php(919): App\Controllers\Sqldata->usersList()
 7 SYSTEMPATH\CodeIgniter.php(494): CodeIgniter\CodeIgniter->runController(Object(App\Controllers\Sqldata))
 8 SYSTEMPATH\CodeIgniter.php(353): CodeIgniter\CodeIgniter->handleRequest(null, Object(Config\Cache), false)
 9 FCPATH\index.php(79): CodeIgniter\CodeIgniter->run()
CRITICAL - 2023-10-23 10:35:56 --> Undefined variable $result
in APPPATH\Views\userlist_view.php on line 9.
 1 APPPATH\Views\userlist_view.php(9): CodeIgniter\Debug\Exceptions->errorHandler(2, 'Undefined variable $result', 'C:\\xampp\\htdocs\\codig\\app\\Views\\userlist_view.php', 9)
 2 SYSTEMPATH\View\View.php(226): include('C:\\xampp\\htdocs\\codig\\app\\Views\\userlist_view.php')
 3 SYSTEMPATH\View\View.php(229): CodeIgniter\View\View->CodeIgniter\View\{closure}()
 4 SYSTEMPATH\Common.php(1188): CodeIgniter\View\View->render('userlist_view', [], true)
 5 APPPATH\Controllers\Sqldata.php(23): view('userlist_view', [...])
 6 SYSTEMPATH\CodeIgniter.php(919): App\Controllers\Sqldata->usersList()
 7 SYSTEMPATH\CodeIgniter.php(494): CodeIgniter\CodeIgniter->runController(Object(App\Controllers\Sqldata))
 8 SYSTEMPATH\CodeIgniter.php(353): CodeIgniter\CodeIgniter->handleRequest(null, Object(Config\Cache), false)
 9 FCPATH\index.php(79): CodeIgniter\CodeIgniter->run()
CRITICAL - 2023-10-23 10:35:57 --> Undefined variable $result
in APPPATH\Views\userlist_view.php on line 9.
 1 APPPATH\Views\userlist_view.php(9): CodeIgniter\Debug\Exceptions->errorHandler(2, 'Undefined variable $result', 'C:\\xampp\\htdocs\\codig\\app\\Views\\userlist_view.php', 9)
 2 SYSTEMPATH\View\View.php(226): include('C:\\xampp\\htdocs\\codig\\app\\Views\\userlist_view.php')
 3 SYSTEMPATH\View\View.php(229): CodeIgniter\View\View->CodeIgniter\View\{closure}()
 4 SYSTEMPATH\Common.php(1188): CodeIgniter\View\View->render('userlist_view', [], true)
 5 APPPATH\Controllers\Sqldata.php(23): view('userlist_view', [...])
 6 SYSTEMPATH\CodeIgniter.php(919): App\Controllers\Sqldata->usersList()
 7 SYSTEMPATH\CodeIgniter.php(494): CodeIgniter\CodeIgniter->runController(Object(App\Controllers\Sqldata))
 8 SYSTEMPATH\CodeIgniter.php(353): CodeIgniter\CodeIgniter->handleRequest(null, Object(Config\Cache), false)
 9 FCPATH\index.php(79): CodeIgniter\CodeIgniter->run()
CRITICAL - 2023-10-23 10:54:18 --> Cannot use object of type stdClass as array
in APPPATH\Views\userlist_view.php on line 2.
 1 SYSTEMPATH\View\View.php(226): include()
 2 SYSTEMPATH\View\View.php(229): CodeIgniter\View\View->CodeIgniter\View\{closure}()
 3 SYSTEMPATH\Common.php(1188): CodeIgniter\View\View->render('userlist_view', [], true)
 4 APPPATH\Controllers\Sqldata.php(17): view('userlist_view', [...])
 5 SYSTEMPATH\CodeIgniter.php(919): App\Controllers\Sqldata->usersList()
 6 SYSTEMPATH\CodeIgniter.php(494): CodeIgniter\CodeIgniter->runController(Object(App\Controllers\Sqldata))
 7 SYSTEMPATH\CodeIgniter.php(353): CodeIgniter\CodeIgniter->handleRequest(null, Object(Config\Cache), false)
 8 FCPATH\index.php(79): CodeIgniter\CodeIgniter->run()
CRITICAL - 2023-10-23 10:54:20 --> Cannot use object of type stdClass as array
in APPPATH\Views\userlist_view.php on line 2.
 1 SYSTEMPATH\View\View.php(226): include()
 2 SYSTEMPATH\View\View.php(229): CodeIgniter\View\View->CodeIgniter\View\{closure}()
 3 SYSTEMPATH\Common.php(1188): CodeIgniter\View\View->render('userlist_view', [], true)
 4 APPPATH\Controllers\Sqldata.php(17): view('userlist_view', [...])
 5 SYSTEMPATH\CodeIgniter.php(919): App\Controllers\Sqldata->usersList()
 6 SYSTEMPATH\CodeIgniter.php(494): CodeIgniter\CodeIgniter->runController(Object(App\Controllers\Sqldata))
 7 SYSTEMPATH\CodeIgniter.php(353): CodeIgniter\CodeIgniter->handleRequest(null, Object(Config\Cache), false)
 8 FCPATH\index.php(79): CodeIgniter\CodeIgniter->run()
CRITICAL - 2023-10-23 10:55:21 --> Cannot use object of type stdClass as array
in APPPATH\Views\userlist_view.php on line 2.
 1 SYSTEMPATH\View\View.php(226): include()
 2 SYSTEMPATH\View\View.php(229): CodeIgniter\View\View->CodeIgniter\View\{closure}()
 3 SYSTEMPATH\Common.php(1188): CodeIgniter\View\View->render('userlist_view', [], true)
 4 APPPATH\Controllers\Sqldata.php(17): view('userlist_view', [...])
 5 SYSTEMPATH\CodeIgniter.php(919): App\Controllers\Sqldata->usersList()
 6 SYSTEMPATH\CodeIgniter.php(494): CodeIgniter\CodeIgniter->runController(Object(App\Controllers\Sqldata))
 7 SYSTEMPATH\CodeIgniter.php(353): CodeIgniter\CodeIgniter->handleRequest(null, Object(Config\Cache), false)
 8 FCPATH\index.php(79): CodeIgniter\CodeIgniter->run()
CRITICAL - 2023-10-23 10:55:43 --> Cannot use object of type stdClass as array
in APPPATH\Views\userlist_view.php on line 2.
 1 SYSTEMPATH\View\View.php(226): include()
 2 SYSTEMPATH\View\View.php(229): CodeIgniter\View\View->CodeIgniter\View\{closure}()
 3 SYSTEMPATH\Common.php(1188): CodeIgniter\View\View->render('userlist_view', [], true)
 4 APPPATH\Controllers\Sqldata.php(17): view('userlist_view', [...])
 5 SYSTEMPATH\CodeIgniter.php(919): App\Controllers\Sqldata->usersList()
 6 SYSTEMPATH\CodeIgniter.php(494): CodeIgniter\CodeIgniter->runController(Object(App\Controllers\Sqldata))
 7 SYSTEMPATH\CodeIgniter.php(353): CodeIgniter\CodeIgniter->handleRequest(null, Object(Config\Cache), false)
 8 FCPATH\index.php(79): CodeIgniter\CodeIgniter->run()
CRITICAL - 2023-10-23 10:55:45 --> Cannot use object of type stdClass as array
in APPPATH\Views\userlist_view.php on line 2.
 1 SYSTEMPATH\View\View.php(226): include()
 2 SYSTEMPATH\View\View.php(229): CodeIgniter\View\View->CodeIgniter\View\{closure}()
 3 SYSTEMPATH\Common.php(1188): CodeIgniter\View\View->render('userlist_view', [], true)
 4 APPPATH\Controllers\Sqldata.php(17): view('userlist_view', [...])
 5 SYSTEMPATH\CodeIgniter.php(919): App\Controllers\Sqldata->usersList()
 6 SYSTEMPATH\CodeIgniter.php(494): CodeIgniter\CodeIgniter->runController(Object(App\Controllers\Sqldata))
 7 SYSTEMPATH\CodeIgniter.php(353): CodeIgniter\CodeIgniter->handleRequest(null, Object(Config\Cache), false)
 8 FCPATH\index.php(79): CodeIgniter\CodeIgniter->run()
