ERROR - 2023-11-03 05:10:23 --> Error connecting to the database: mysqli_sql_exception: No connection could be made because the target machine actively refused it in C:\xampp\htdocs\clgproject\system\Database\MySQLi\Connection.php:184
Stack trace:
#0 C:\xampp\htdocs\clgproject\system\Database\MySQLi\Connection.php(184): mysqli->real_connect('localhost', 'root', Object(SensitiveParameterValue), 'officeauto', 3306, '', 0)
#1 C:\xampp\htdocs\clgproject\system\Database\BaseConnection.php(391): CodeIgniter\Database\MySQLi\Connection->connect(false)
#2 C:\xampp\htdocs\clgproject\system\Database\BaseConnection.php(574): CodeIgniter\Database\BaseConnection->initialize()
#3 C:\xampp\htdocs\clgproject\system\Database\BaseBuilder.php(1615): CodeIgniter\Database\BaseConnection->query('SELECT *\nFROM `...', Array, false)
#4 C:\xampp\htdocs\clgproject\app\Models\stdview_model.php(19): CodeIgniter\Database\BaseBuilder->get()
#5 C:\xampp\htdocs\clgproject\app\Controllers\Stdview.php(16): App\Models\stdview_model->stdmodel2()
#6 C:\xampp\htdocs\clgproject\system\CodeIgniter.php(919): App\Controllers\Stdview->index()
#7 C:\xampp\htdocs\clgproject\system\CodeIgniter.php(494): CodeIgniter\CodeIgniter->runController(Object(App\Controllers\Stdview))
#8 C:\xampp\htdocs\clgproject\system\CodeIgniter.php(353): CodeIgniter\CodeIgniter->handleRequest(NULL, Object(Config\Cache), false)
#9 C:\xampp\htdocs\clgproject\index.php(79): CodeIgniter\CodeIgniter->run()
#10 {main}

Next CodeIgniter\Database\Exceptions\DatabaseException: No connection could be made because the target machine actively refused it in C:\xampp\htdocs\clgproject\system\Database\MySQLi\Connection.php:229
Stack trace:
#0 C:\xampp\htdocs\clgproject\system\Database\BaseConnection.php(391): CodeIgniter\Database\MySQLi\Connection->connect(false)
#1 C:\xampp\htdocs\clgproject\system\Database\BaseConnection.php(574): CodeIgniter\Database\BaseConnection->initialize()
#2 C:\xampp\htdocs\clgproject\system\Database\BaseBuilder.php(1615): CodeIgniter\Database\BaseConnection->query('SELECT *\nFROM `...', Array, false)
#3 C:\xampp\htdocs\clgproject\app\Models\stdview_model.php(19): CodeIgniter\Database\BaseBuilder->get()
#4 C:\xampp\htdocs\clgproject\app\Controllers\Stdview.php(16): App\Models\stdview_model->stdmodel2()
#5 C:\xampp\htdocs\clgproject\system\CodeIgniter.php(919): App\Controllers\Stdview->index()
#6 C:\xampp\htdocs\clgproject\system\CodeIgniter.php(494): CodeIgniter\CodeIgniter->runController(Object(App\Controllers\Stdview))
#7 C:\xampp\htdocs\clgproject\system\CodeIgniter.php(353): CodeIgniter\CodeIgniter->handleRequest(NULL, Object(Config\Cache), false)
#8 C:\xampp\htdocs\clgproject\index.php(79): CodeIgniter\CodeIgniter->run()
#9 {main}
CRITICAL - 2023-11-03 05:10:23 --> Unable to connect to the database.
Main connection [MySQLi]: No connection could be made because the target machine actively refused it
in SYSTEMPATH\Database\BaseConnection.php on line 427.
 1 SYSTEMPATH\Database\BaseConnection.php(574): CodeIgniter\Database\BaseConnection->initialize()
 2 SYSTEMPATH\Database\BaseBuilder.php(1615): CodeIgniter\Database\BaseConnection->query('SELECT *
FROM `stdbasicinfo2`', [], false)
 3 APPPATH\Models\stdview_model.php(19): CodeIgniter\Database\BaseBuilder->get()
 4 APPPATH\Controllers\Stdview.php(16): App\Models\stdview_model->stdmodel2()
 5 SYSTEMPATH\CodeIgniter.php(919): App\Controllers\Stdview->index()
 6 SYSTEMPATH\CodeIgniter.php(494): CodeIgniter\CodeIgniter->runController(Object(App\Controllers\Stdview))
 7 SYSTEMPATH\CodeIgniter.php(353): CodeIgniter\CodeIgniter->handleRequest(null, Object(Config\Cache), false)
 8 FCPATH\index.php(79): CodeIgniter\CodeIgniter->run()
ERROR - 2023-11-03 05:10:27 --> Error connecting to the database: mysqli_sql_exception: No connection could be made because the target machine actively refused it in C:\xampp\htdocs\clgproject\system\Database\MySQLi\Connection.php:184
Stack trace:
#0 C:\xampp\htdocs\clgproject\system\Database\MySQLi\Connection.php(184): mysqli->real_connect('localhost', 'root', Object(SensitiveParameterValue), 'officeauto', 3306, '', 0)
#1 C:\xampp\htdocs\clgproject\system\Database\BaseConnection.php(391): CodeIgniter\Database\MySQLi\Connection->connect(false)
#2 C:\xampp\htdocs\clgproject\system\Database\BaseConnection.php(574): CodeIgniter\Database\BaseConnection->initialize()
#3 C:\xampp\htdocs\clgproject\system\Database\BaseBuilder.php(1615): CodeIgniter\Database\BaseConnection->query('SELECT *\nFROM `...', Array, false)
#4 C:\xampp\htdocs\clgproject\app\Models\stdview_model.php(19): CodeIgniter\Database\BaseBuilder->get()
#5 C:\xampp\htdocs\clgproject\app\Controllers\Stdview.php(16): App\Models\stdview_model->stdmodel2()
#6 C:\xampp\htdocs\clgproject\system\CodeIgniter.php(919): App\Controllers\Stdview->index()
#7 C:\xampp\htdocs\clgproject\system\CodeIgniter.php(494): CodeIgniter\CodeIgniter->runController(Object(App\Controllers\Stdview))
#8 C:\xampp\htdocs\clgproject\system\CodeIgniter.php(353): CodeIgniter\CodeIgniter->handleRequest(NULL, Object(Config\Cache), false)
#9 C:\xampp\htdocs\clgproject\index.php(79): CodeIgniter\CodeIgniter->run()
#10 {main}

Next CodeIgniter\Database\Exceptions\DatabaseException: No connection could be made because the target machine actively refused it in C:\xampp\htdocs\clgproject\system\Database\MySQLi\Connection.php:229
Stack trace:
#0 C:\xampp\htdocs\clgproject\system\Database\BaseConnection.php(391): CodeIgniter\Database\MySQLi\Connection->connect(false)
#1 C:\xampp\htdocs\clgproject\system\Database\BaseConnection.php(574): CodeIgniter\Database\BaseConnection->initialize()
#2 C:\xampp\htdocs\clgproject\system\Database\BaseBuilder.php(1615): CodeIgniter\Database\BaseConnection->query('SELECT *\nFROM `...', Array, false)
#3 C:\xampp\htdocs\clgproject\app\Models\stdview_model.php(19): CodeIgniter\Database\BaseBuilder->get()
#4 C:\xampp\htdocs\clgproject\app\Controllers\Stdview.php(16): App\Models\stdview_model->stdmodel2()
#5 C:\xampp\htdocs\clgproject\system\CodeIgniter.php(919): App\Controllers\Stdview->index()
#6 C:\xampp\htdocs\clgproject\system\CodeIgniter.php(494): CodeIgniter\CodeIgniter->runController(Object(App\Controllers\Stdview))
#7 C:\xampp\htdocs\clgproject\system\CodeIgniter.php(353): CodeIgniter\CodeIgniter->handleRequest(NULL, Object(Config\Cache), false)
#8 C:\xampp\htdocs\clgproject\index.php(79): CodeIgniter\CodeIgniter->run()
#9 {main}
CRITICAL - 2023-11-03 05:10:27 --> Unable to connect to the database.
Main connection [MySQLi]: No connection could be made because the target machine actively refused it
in SYSTEMPATH\Database\BaseConnection.php on line 427.
 1 SYSTEMPATH\Database\BaseConnection.php(574): CodeIgniter\Database\BaseConnection->initialize()
 2 SYSTEMPATH\Database\BaseBuilder.php(1615): CodeIgniter\Database\BaseConnection->query('SELECT *
FROM `stdbasicinfo2`', [], false)
 3 APPPATH\Models\stdview_model.php(19): CodeIgniter\Database\BaseBuilder->get()
 4 APPPATH\Controllers\Stdview.php(16): App\Models\stdview_model->stdmodel2()
 5 SYSTEMPATH\CodeIgniter.php(919): App\Controllers\Stdview->index()
 6 SYSTEMPATH\CodeIgniter.php(494): CodeIgniter\CodeIgniter->runController(Object(App\Controllers\Stdview))
 7 SYSTEMPATH\CodeIgniter.php(353): CodeIgniter\CodeIgniter->handleRequest(null, Object(Config\Cache), false)
 8 FCPATH\index.php(79): CodeIgniter\CodeIgniter->run()
CRITICAL - 2023-11-03 05:29:48 --> array_merge(): Argument #1 must be of type array, null given
in APPPATH\Models\stdview_model.php on line 38.
 1 APPPATH\Models\stdview_model.php(38): array_merge(null, null)
 2 APPPATH\Controllers\Stdview.php(25): App\Models\stdview_model->stdupdatemodel('444')
 3 SYSTEMPATH\CodeIgniter.php(919): App\Controllers\Stdview->update('444')
 4 SYSTEMPATH\CodeIgniter.php(494): CodeIgniter\CodeIgniter->runController(Object(App\Controllers\Stdview))
 5 SYSTEMPATH\CodeIgniter.php(353): CodeIgniter\CodeIgniter->handleRequest(null, Object(Config\Cache), false)
 6 FCPATH\index.php(79): CodeIgniter\CodeIgniter->run()
CRITICAL - 2023-11-03 05:32:57 --> array_merge(): Argument #1 must be of type array, null given
in APPPATH\Models\stdview_model.php on line 38.
 1 APPPATH\Models\stdview_model.php(38): array_merge(null, null)
 2 APPPATH\Controllers\Stdview.php(25): App\Models\stdview_model->stdupdatemodel('444')
 3 SYSTEMPATH\CodeIgniter.php(919): App\Controllers\Stdview->update('444')
 4 SYSTEMPATH\CodeIgniter.php(494): CodeIgniter\CodeIgniter->runController(Object(App\Controllers\Stdview))
 5 SYSTEMPATH\CodeIgniter.php(353): CodeIgniter\CodeIgniter->handleRequest(null, Object(Config\Cache), false)
 6 FCPATH\index.php(79): CodeIgniter\CodeIgniter->run()
CRITICAL - 2023-11-03 05:34:44 --> foreach() argument must be of type array|object, null given
in APPPATH\Views\stdupdate_view.php on line 115.
 1 APPPATH\Views\stdupdate_view.php(115): CodeIgniter\Debug\Exceptions->errorHandler(2, 'foreach() argument must be of type array|object, null given', 'C:\\xampp\\htdocs\\clgproject\\app\\Views\\stdupdate_view.php', 115)
 2 SYSTEMPATH\View\View.php(226): include('C:\\xampp\\htdocs\\clgproject\\app\\Views\\stdupdate_view.php')
 3 SYSTEMPATH\View\View.php(229): CodeIgniter\View\View->CodeIgniter\View\{closure}()
 4 SYSTEMPATH\Common.php(1188): CodeIgniter\View\View->render('stdupdate_view', [], true)
 5 APPPATH\Controllers\Stdview.php(26): view('stdupdate_view', [...])
 6 SYSTEMPATH\CodeIgniter.php(919): App\Controllers\Stdview->update('444')
 7 SYSTEMPATH\CodeIgniter.php(494): CodeIgniter\CodeIgniter->runController(Object(App\Controllers\Stdview))
 8 SYSTEMPATH\CodeIgniter.php(353): CodeIgniter\CodeIgniter->handleRequest(null, Object(Config\Cache), false)
 9 FCPATH\index.php(79): CodeIgniter\CodeIgniter->run()
ERROR - 2023-11-03 05:36:30 --> mysqli_sql_exception: Unknown column '$admno' in 'where clause' in C:\xampp\htdocs\clgproject\system\Database\MySQLi\Connection.php:306
Stack trace:
#0 C:\xampp\htdocs\clgproject\system\Database\MySQLi\Connection.php(306): mysqli->query('SELECT * FROM s...', 0)
#1 C:\xampp\htdocs\clgproject\system\Database\BaseConnection.php(692): CodeIgniter\Database\MySQLi\Connection->execute('SELECT * FROM s...')
#2 C:\xampp\htdocs\clgproject\system\Database\BaseConnection.php(606): CodeIgniter\Database\BaseConnection->simpleQuery('SELECT * FROM s...')
#3 C:\xampp\htdocs\clgproject\app\Models\stdview_model.php(33): CodeIgniter\Database\BaseConnection->query('SELECT * FROM s...')
#4 C:\xampp\htdocs\clgproject\app\Controllers\Stdview.php(25): App\Models\stdview_model->stdupdatemodel('444')
#5 C:\xampp\htdocs\clgproject\system\CodeIgniter.php(919): App\Controllers\Stdview->update('444')
#6 C:\xampp\htdocs\clgproject\system\CodeIgniter.php(494): CodeIgniter\CodeIgniter->runController(Object(App\Controllers\Stdview))
#7 C:\xampp\htdocs\clgproject\system\CodeIgniter.php(353): CodeIgniter\CodeIgniter->handleRequest(NULL, Object(Config\Cache), false)
#8 C:\xampp\htdocs\clgproject\index.php(79): CodeIgniter\CodeIgniter->run()
#9 {main}
CRITICAL - 2023-11-03 05:36:30 --> Unknown column '$admno' in 'where clause'
in SYSTEMPATH\Database\BaseConnection.php on line 646.
 1 APPPATH\Models\stdview_model.php(33): CodeIgniter\Database\BaseConnection->query('SELECT * FROM stdbasicinfo2 WHERE adno = $admno')
 2 APPPATH\Controllers\Stdview.php(25): App\Models\stdview_model->stdupdatemodel('444')
 3 SYSTEMPATH\CodeIgniter.php(919): App\Controllers\Stdview->update('444')
 4 SYSTEMPATH\CodeIgniter.php(494): CodeIgniter\CodeIgniter->runController(Object(App\Controllers\Stdview))
 5 SYSTEMPATH\CodeIgniter.php(353): CodeIgniter\CodeIgniter->handleRequest(null, Object(Config\Cache), false)
 6 FCPATH\index.php(79): CodeIgniter\CodeIgniter->run()
ERROR - 2023-11-03 05:36:49 --> mysqli_sql_exception: Unknown column '$admno' in 'where clause' in C:\xampp\htdocs\clgproject\system\Database\MySQLi\Connection.php:306
Stack trace:
#0 C:\xampp\htdocs\clgproject\system\Database\MySQLi\Connection.php(306): mysqli->query('SELECT * FROM s...', 0)
#1 C:\xampp\htdocs\clgproject\system\Database\BaseConnection.php(692): CodeIgniter\Database\MySQLi\Connection->execute('SELECT * FROM s...')
#2 C:\xampp\htdocs\clgproject\system\Database\BaseConnection.php(606): CodeIgniter\Database\BaseConnection->simpleQuery('SELECT * FROM s...')
#3 C:\xampp\htdocs\clgproject\app\Models\stdview_model.php(33): CodeIgniter\Database\BaseConnection->query('SELECT * FROM s...')
#4 C:\xampp\htdocs\clgproject\app\Controllers\Stdview.php(25): App\Models\stdview_model->stdupdatemodel('445')
#5 C:\xampp\htdocs\clgproject\system\CodeIgniter.php(919): App\Controllers\Stdview->update('445')
#6 C:\xampp\htdocs\clgproject\system\CodeIgniter.php(494): CodeIgniter\CodeIgniter->runController(Object(App\Controllers\Stdview))
#7 C:\xampp\htdocs\clgproject\system\CodeIgniter.php(353): CodeIgniter\CodeIgniter->handleRequest(NULL, Object(Config\Cache), false)
#8 C:\xampp\htdocs\clgproject\index.php(79): CodeIgniter\CodeIgniter->run()
#9 {main}
CRITICAL - 2023-11-03 05:36:49 --> Unknown column '$admno' in 'where clause'
in SYSTEMPATH\Database\BaseConnection.php on line 646.
 1 APPPATH\Models\stdview_model.php(33): CodeIgniter\Database\BaseConnection->query('SELECT * FROM stdbasicinfo2 WHERE adno = $admno')
 2 APPPATH\Controllers\Stdview.php(25): App\Models\stdview_model->stdupdatemodel('445')
 3 SYSTEMPATH\CodeIgniter.php(919): App\Controllers\Stdview->update('445')
 4 SYSTEMPATH\CodeIgniter.php(494): CodeIgniter\CodeIgniter->runController(Object(App\Controllers\Stdview))
 5 SYSTEMPATH\CodeIgniter.php(353): CodeIgniter\CodeIgniter->handleRequest(null, Object(Config\Cache), false)
 6 FCPATH\index.php(79): CodeIgniter\CodeIgniter->run()
ERROR - 2023-11-03 05:36:53 --> mysqli_sql_exception: Unknown column '$admno' in 'where clause' in C:\xampp\htdocs\clgproject\system\Database\MySQLi\Connection.php:306
Stack trace:
#0 C:\xampp\htdocs\clgproject\system\Database\MySQLi\Connection.php(306): mysqli->query('SELECT * FROM s...', 0)
#1 C:\xampp\htdocs\clgproject\system\Database\BaseConnection.php(692): CodeIgniter\Database\MySQLi\Connection->execute('SELECT * FROM s...')
#2 C:\xampp\htdocs\clgproject\system\Database\BaseConnection.php(606): CodeIgniter\Database\BaseConnection->simpleQuery('SELECT * FROM s...')
#3 C:\xampp\htdocs\clgproject\app\Models\stdview_model.php(33): CodeIgniter\Database\BaseConnection->query('SELECT * FROM s...')
#4 C:\xampp\htdocs\clgproject\app\Controllers\Stdview.php(25): App\Models\stdview_model->stdupdatemodel('444')
#5 C:\xampp\htdocs\clgproject\system\CodeIgniter.php(919): App\Controllers\Stdview->update('444')
#6 C:\xampp\htdocs\clgproject\system\CodeIgniter.php(494): CodeIgniter\CodeIgniter->runController(Object(App\Controllers\Stdview))
#7 C:\xampp\htdocs\clgproject\system\CodeIgniter.php(353): CodeIgniter\CodeIgniter->handleRequest(NULL, Object(Config\Cache), false)
#8 C:\xampp\htdocs\clgproject\index.php(79): CodeIgniter\CodeIgniter->run()
#9 {main}
CRITICAL - 2023-11-03 05:36:53 --> Unknown column '$admno' in 'where clause'
in SYSTEMPATH\Database\BaseConnection.php on line 646.
 1 APPPATH\Models\stdview_model.php(33): CodeIgniter\Database\BaseConnection->query('SELECT * FROM stdbasicinfo2 WHERE adno = $admno')
 2 APPPATH\Controllers\Stdview.php(25): App\Models\stdview_model->stdupdatemodel('444')
 3 SYSTEMPATH\CodeIgniter.php(919): App\Controllers\Stdview->update('444')
 4 SYSTEMPATH\CodeIgniter.php(494): CodeIgniter\CodeIgniter->runController(Object(App\Controllers\Stdview))
 5 SYSTEMPATH\CodeIgniter.php(353): CodeIgniter\CodeIgniter->handleRequest(null, Object(Config\Cache), false)
 6 FCPATH\index.php(79): CodeIgniter\CodeIgniter->run()
CRITICAL - 2023-11-03 05:39:18 --> foreach() argument must be of type array|object, null given
in APPPATH\Views\stdupdate_view.php on line 115.
 1 APPPATH\Views\stdupdate_view.php(115): CodeIgniter\Debug\Exceptions->errorHandler(2, 'foreach() argument must be of type array|object, null given', 'C:\\xampp\\htdocs\\clgproject\\app\\Views\\stdupdate_view.php', 115)
 2 SYSTEMPATH\View\View.php(226): include('C:\\xampp\\htdocs\\clgproject\\app\\Views\\stdupdate_view.php')
 3 SYSTEMPATH\View\View.php(229): CodeIgniter\View\View->CodeIgniter\View\{closure}()
 4 SYSTEMPATH\Common.php(1188): CodeIgniter\View\View->render('stdupdate_view', [], true)
 5 APPPATH\Controllers\Stdview.php(26): view('stdupdate_view', [...])
 6 SYSTEMPATH\CodeIgniter.php(919): App\Controllers\Stdview->update('444')
 7 SYSTEMPATH\CodeIgniter.php(494): CodeIgniter\CodeIgniter->runController(Object(App\Controllers\Stdview))
 8 SYSTEMPATH\CodeIgniter.php(353): CodeIgniter\CodeIgniter->handleRequest(null, Object(Config\Cache), false)
 9 FCPATH\index.php(79): CodeIgniter\CodeIgniter->run()
CRITICAL - 2023-11-03 05:39:19 --> foreach() argument must be of type array|object, null given
in APPPATH\Views\stdupdate_view.php on line 115.
 1 APPPATH\Views\stdupdate_view.php(115): CodeIgniter\Debug\Exceptions->errorHandler(2, 'foreach() argument must be of type array|object, null given', 'C:\\xampp\\htdocs\\clgproject\\app\\Views\\stdupdate_view.php', 115)
 2 SYSTEMPATH\View\View.php(226): include('C:\\xampp\\htdocs\\clgproject\\app\\Views\\stdupdate_view.php')
 3 SYSTEMPATH\View\View.php(229): CodeIgniter\View\View->CodeIgniter\View\{closure}()
 4 SYSTEMPATH\Common.php(1188): CodeIgniter\View\View->render('stdupdate_view', [], true)
 5 APPPATH\Controllers\Stdview.php(26): view('stdupdate_view', [...])
 6 SYSTEMPATH\CodeIgniter.php(919): App\Controllers\Stdview->update('444')
 7 SYSTEMPATH\CodeIgniter.php(494): CodeIgniter\CodeIgniter->runController(Object(App\Controllers\Stdview))
 8 SYSTEMPATH\CodeIgniter.php(353): CodeIgniter\CodeIgniter->handleRequest(null, Object(Config\Cache), false)
 9 FCPATH\index.php(79): CodeIgniter\CodeIgniter->run()
CRITICAL - 2023-11-03 05:40:08 --> foreach() argument must be of type array|object, null given
in APPPATH\Views\stdupdate_view.php on line 115.
 1 APPPATH\Views\stdupdate_view.php(115): CodeIgniter\Debug\Exceptions->errorHandler(2, 'foreach() argument must be of type array|object, null given', 'C:\\xampp\\htdocs\\clgproject\\app\\Views\\stdupdate_view.php', 115)
 2 SYSTEMPATH\View\View.php(226): include('C:\\xampp\\htdocs\\clgproject\\app\\Views\\stdupdate_view.php')
 3 SYSTEMPATH\View\View.php(229): CodeIgniter\View\View->CodeIgniter\View\{closure}()
 4 SYSTEMPATH\Common.php(1188): CodeIgniter\View\View->render('stdupdate_view', [], true)
 5 APPPATH\Controllers\Stdview.php(26): view('stdupdate_view', [...])
 6 SYSTEMPATH\CodeIgniter.php(919): App\Controllers\Stdview->update('444')
 7 SYSTEMPATH\CodeIgniter.php(494): CodeIgniter\CodeIgniter->runController(Object(App\Controllers\Stdview))
 8 SYSTEMPATH\CodeIgniter.php(353): CodeIgniter\CodeIgniter->handleRequest(null, Object(Config\Cache), false)
 9 FCPATH\index.php(79): CodeIgniter\CodeIgniter->run()
CRITICAL - 2023-11-03 05:40:09 --> foreach() argument must be of type array|object, null given
in APPPATH\Views\stdupdate_view.php on line 115.
 1 APPPATH\Views\stdupdate_view.php(115): CodeIgniter\Debug\Exceptions->errorHandler(2, 'foreach() argument must be of type array|object, null given', 'C:\\xampp\\htdocs\\clgproject\\app\\Views\\stdupdate_view.php', 115)
 2 SYSTEMPATH\View\View.php(226): include('C:\\xampp\\htdocs\\clgproject\\app\\Views\\stdupdate_view.php')
 3 SYSTEMPATH\View\View.php(229): CodeIgniter\View\View->CodeIgniter\View\{closure}()
 4 SYSTEMPATH\Common.php(1188): CodeIgniter\View\View->render('stdupdate_view', [], true)
 5 APPPATH\Controllers\Stdview.php(26): view('stdupdate_view', [...])
 6 SYSTEMPATH\CodeIgniter.php(919): App\Controllers\Stdview->update('444')
 7 SYSTEMPATH\CodeIgniter.php(494): CodeIgniter\CodeIgniter->runController(Object(App\Controllers\Stdview))
 8 SYSTEMPATH\CodeIgniter.php(353): CodeIgniter\CodeIgniter->handleRequest(null, Object(Config\Cache), false)
 9 FCPATH\index.php(79): CodeIgniter\CodeIgniter->run()
CRITICAL - 2023-11-03 05:40:09 --> foreach() argument must be of type array|object, null given
in APPPATH\Views\stdupdate_view.php on line 115.
 1 APPPATH\Views\stdupdate_view.php(115): CodeIgniter\Debug\Exceptions->errorHandler(2, 'foreach() argument must be of type array|object, null given', 'C:\\xampp\\htdocs\\clgproject\\app\\Views\\stdupdate_view.php', 115)
 2 SYSTEMPATH\View\View.php(226): include('C:\\xampp\\htdocs\\clgproject\\app\\Views\\stdupdate_view.php')
 3 SYSTEMPATH\View\View.php(229): CodeIgniter\View\View->CodeIgniter\View\{closure}()
 4 SYSTEMPATH\Common.php(1188): CodeIgniter\View\View->render('stdupdate_view', [], true)
 5 APPPATH\Controllers\Stdview.php(26): view('stdupdate_view', [...])
 6 SYSTEMPATH\CodeIgniter.php(919): App\Controllers\Stdview->update('444')
 7 SYSTEMPATH\CodeIgniter.php(494): CodeIgniter\CodeIgniter->runController(Object(App\Controllers\Stdview))
 8 SYSTEMPATH\CodeIgniter.php(353): CodeIgniter\CodeIgniter->handleRequest(null, Object(Config\Cache), false)
 9 FCPATH\index.php(79): CodeIgniter\CodeIgniter->run()
CRITICAL - 2023-11-03 05:40:09 --> foreach() argument must be of type array|object, null given
in APPPATH\Views\stdupdate_view.php on line 115.
 1 APPPATH\Views\stdupdate_view.php(115): CodeIgniter\Debug\Exceptions->errorHandler(2, 'foreach() argument must be of type array|object, null given', 'C:\\xampp\\htdocs\\clgproject\\app\\Views\\stdupdate_view.php', 115)
 2 SYSTEMPATH\View\View.php(226): include('C:\\xampp\\htdocs\\clgproject\\app\\Views\\stdupdate_view.php')
 3 SYSTEMPATH\View\View.php(229): CodeIgniter\View\View->CodeIgniter\View\{closure}()
 4 SYSTEMPATH\Common.php(1188): CodeIgniter\View\View->render('stdupdate_view', [], true)
 5 APPPATH\Controllers\Stdview.php(26): view('stdupdate_view', [...])
 6 SYSTEMPATH\CodeIgniter.php(919): App\Controllers\Stdview->update('444')
 7 SYSTEMPATH\CodeIgniter.php(494): CodeIgniter\CodeIgniter->runController(Object(App\Controllers\Stdview))
 8 SYSTEMPATH\CodeIgniter.php(353): CodeIgniter\CodeIgniter->handleRequest(null, Object(Config\Cache), false)
 9 FCPATH\index.php(79): CodeIgniter\CodeIgniter->run()
CRITICAL - 2023-11-03 06:09:56 --> Undefined array key "sfather"
in APPPATH\Views\stdupdate_view.php on line 362.
 1 APPPATH\Views\stdupdate_view.php(362): CodeIgniter\Debug\Exceptions->errorHandler(2, 'Undefined array key "sfather"', 'C:\\xampp\\htdocs\\clgproject\\app\\Views\\stdupdate_view.php', 362)
 2 SYSTEMPATH\View\View.php(226): include('C:\\xampp\\htdocs\\clgproject\\app\\Views\\stdupdate_view.php')
 3 SYSTEMPATH\View\View.php(229): CodeIgniter\View\View->CodeIgniter\View\{closure}()
 4 SYSTEMPATH\Common.php(1188): CodeIgniter\View\View->render('stdupdate_view', [], true)
 5 APPPATH\Controllers\Stdview.php(26): view('stdupdate_view', [...])
 6 SYSTEMPATH\CodeIgniter.php(919): App\Controllers\Stdview->update('444')
 7 SYSTEMPATH\CodeIgniter.php(494): CodeIgniter\CodeIgniter->runController(Object(App\Controllers\Stdview))
 8 SYSTEMPATH\CodeIgniter.php(353): CodeIgniter\CodeIgniter->handleRequest(null, Object(Config\Cache), false)
 9 FCPATH\index.php(79): CodeIgniter\CodeIgniter->run()
CRITICAL - 2023-11-03 06:13:29 --> Undefined array key "sfather"
in APPPATH\Views\stdupdate_view.php on line 365.
 1 APPPATH\Views\stdupdate_view.php(365): CodeIgniter\Debug\Exceptions->errorHandler(2, 'Undefined array key "sfather"', 'C:\\xampp\\htdocs\\clgproject\\app\\Views\\stdupdate_view.php', 365)
 2 SYSTEMPATH\View\View.php(226): include('C:\\xampp\\htdocs\\clgproject\\app\\Views\\stdupdate_view.php')
 3 SYSTEMPATH\View\View.php(229): CodeIgniter\View\View->CodeIgniter\View\{closure}()
 4 SYSTEMPATH\Common.php(1188): CodeIgniter\View\View->render('stdupdate_view', [], true)
 5 APPPATH\Controllers\Stdview.php(26): view('stdupdate_view', [...])
 6 SYSTEMPATH\CodeIgniter.php(919): App\Controllers\Stdview->update('444')
 7 SYSTEMPATH\CodeIgniter.php(494): CodeIgniter\CodeIgniter->runController(Object(App\Controllers\Stdview))
 8 SYSTEMPATH\CodeIgniter.php(353): CodeIgniter\CodeIgniter->handleRequest(null, Object(Config\Cache), false)
 9 FCPATH\index.php(79): CodeIgniter\CodeIgniter->run()
CRITICAL - 2023-11-03 06:17:06 --> Undefined array key "sfather"
in APPPATH\Views\stdupdate_view.php on line 362.
 1 APPPATH\Views\stdupdate_view.php(362): CodeIgniter\Debug\Exceptions->errorHandler(2, 'Undefined array key "sfather"', 'C:\\xampp\\htdocs\\clgproject\\app\\Views\\stdupdate_view.php', 362)
 2 SYSTEMPATH\View\View.php(226): include('C:\\xampp\\htdocs\\clgproject\\app\\Views\\stdupdate_view.php')
 3 SYSTEMPATH\View\View.php(229): CodeIgniter\View\View->CodeIgniter\View\{closure}()
 4 SYSTEMPATH\Common.php(1188): CodeIgniter\View\View->render('stdupdate_view', [], true)
 5 APPPATH\Controllers\Stdview.php(26): view('stdupdate_view', [...])
 6 SYSTEMPATH\CodeIgniter.php(919): App\Controllers\Stdview->update('444')
 7 SYSTEMPATH\CodeIgniter.php(494): CodeIgniter\CodeIgniter->runController(Object(App\Controllers\Stdview))
 8 SYSTEMPATH\CodeIgniter.php(353): CodeIgniter\CodeIgniter->handleRequest(null, Object(Config\Cache), false)
 9 FCPATH\index.php(79): CodeIgniter\CodeIgniter->run()
CRITICAL - 2023-11-03 06:17:25 --> Undefined array key "sfather"
in APPPATH\Views\stdupdate_view.php on line 362.
 1 APPPATH\Views\stdupdate_view.php(362): CodeIgniter\Debug\Exceptions->errorHandler(2, 'Undefined array key "sfather"', 'C:\\xampp\\htdocs\\clgproject\\app\\Views\\stdupdate_view.php', 362)
 2 SYSTEMPATH\View\View.php(226): include('C:\\xampp\\htdocs\\clgproject\\app\\Views\\stdupdate_view.php')
 3 SYSTEMPATH\View\View.php(229): CodeIgniter\View\View->CodeIgniter\View\{closure}()
 4 SYSTEMPATH\Common.php(1188): CodeIgniter\View\View->render('stdupdate_view', [], true)
 5 APPPATH\Controllers\Stdview.php(26): view('stdupdate_view', [...])
 6 SYSTEMPATH\CodeIgniter.php(919): App\Controllers\Stdview->update('444')
 7 SYSTEMPATH\CodeIgniter.php(494): CodeIgniter\CodeIgniter->runController(Object(App\Controllers\Stdview))
 8 SYSTEMPATH\CodeIgniter.php(353): CodeIgniter\CodeIgniter->handleRequest(null, Object(Config\Cache), false)
 9 FCPATH\index.php(79): CodeIgniter\CodeIgniter->run()
CRITICAL - 2023-11-03 06:17:28 --> Undefined array key "sfather"
in APPPATH\Views\stdupdate_view.php on line 362.
 1 APPPATH\Views\stdupdate_view.php(362): CodeIgniter\Debug\Exceptions->errorHandler(2, 'Undefined array key "sfather"', 'C:\\xampp\\htdocs\\clgproject\\app\\Views\\stdupdate_view.php', 362)
 2 SYSTEMPATH\View\View.php(226): include('C:\\xampp\\htdocs\\clgproject\\app\\Views\\stdupdate_view.php')
 3 SYSTEMPATH\View\View.php(229): CodeIgniter\View\View->CodeIgniter\View\{closure}()
 4 SYSTEMPATH\Common.php(1188): CodeIgniter\View\View->render('stdupdate_view', [], true)
 5 APPPATH\Controllers\Stdview.php(26): view('stdupdate_view', [...])
 6 SYSTEMPATH\CodeIgniter.php(919): App\Controllers\Stdview->update('444')
 7 SYSTEMPATH\CodeIgniter.php(494): CodeIgniter\CodeIgniter->runController(Object(App\Controllers\Stdview))
 8 SYSTEMPATH\CodeIgniter.php(353): CodeIgniter\CodeIgniter->handleRequest(null, Object(Config\Cache), false)
 9 FCPATH\index.php(79): CodeIgniter\CodeIgniter->run()
CRITICAL - 2023-11-03 06:17:50 --> Undefined array key "sfather"
in APPPATH\Views\stdupdate_view.php on line 362.
 1 APPPATH\Views\stdupdate_view.php(362): CodeIgniter\Debug\Exceptions->errorHandler(2, 'Undefined array key "sfather"', 'C:\\xampp\\htdocs\\clgproject\\app\\Views\\stdupdate_view.php', 362)
 2 SYSTEMPATH\View\View.php(226): include('C:\\xampp\\htdocs\\clgproject\\app\\Views\\stdupdate_view.php')
 3 SYSTEMPATH\View\View.php(229): CodeIgniter\View\View->CodeIgniter\View\{closure}()
 4 SYSTEMPATH\Common.php(1188): CodeIgniter\View\View->render('stdupdate_view', [], true)
 5 APPPATH\Controllers\Stdview.php(26): view('stdupdate_view', [...])
 6 SYSTEMPATH\CodeIgniter.php(919): App\Controllers\Stdview->update('444')
 7 SYSTEMPATH\CodeIgniter.php(494): CodeIgniter\CodeIgniter->runController(Object(App\Controllers\Stdview))
 8 SYSTEMPATH\CodeIgniter.php(353): CodeIgniter\CodeIgniter->handleRequest(null, Object(Config\Cache), false)
 9 FCPATH\index.php(79): CodeIgniter\CodeIgniter->run()
CRITICAL - 2023-11-03 06:18:17 --> Undefined array key "sfather"
in APPPATH\Views\stdupdate_view.php on line 362.
 1 APPPATH\Views\stdupdate_view.php(362): CodeIgniter\Debug\Exceptions->errorHandler(2, 'Undefined array key "sfather"', 'C:\\xampp\\htdocs\\clgproject\\app\\Views\\stdupdate_view.php', 362)
 2 SYSTEMPATH\View\View.php(226): include('C:\\xampp\\htdocs\\clgproject\\app\\Views\\stdupdate_view.php')
 3 SYSTEMPATH\View\View.php(229): CodeIgniter\View\View->CodeIgniter\View\{closure}()
 4 SYSTEMPATH\Common.php(1188): CodeIgniter\View\View->render('stdupdate_view', [], true)
 5 APPPATH\Controllers\Stdview.php(26): view('stdupdate_view', [...])
 6 SYSTEMPATH\CodeIgniter.php(919): App\Controllers\Stdview->update('444')
 7 SYSTEMPATH\CodeIgniter.php(494): CodeIgniter\CodeIgniter->runController(Object(App\Controllers\Stdview))
 8 SYSTEMPATH\CodeIgniter.php(353): CodeIgniter\CodeIgniter->handleRequest(null, Object(Config\Cache), false)
 9 FCPATH\index.php(79): CodeIgniter\CodeIgniter->run()
CRITICAL - 2023-11-03 06:19:47 --> foreach() argument must be of type array|object, bool given
in APPPATH\Views\stdupdate_view.php on line 115.
 1 APPPATH\Views\stdupdate_view.php(115): CodeIgniter\Debug\Exceptions->errorHandler(2, 'foreach() argument must be of type array|object, bool given', 'C:\\xampp\\htdocs\\clgproject\\app\\Views\\stdupdate_view.php', 115)
 2 SYSTEMPATH\View\View.php(226): include('C:\\xampp\\htdocs\\clgproject\\app\\Views\\stdupdate_view.php')
 3 SYSTEMPATH\View\View.php(229): CodeIgniter\View\View->CodeIgniter\View\{closure}()
 4 SYSTEMPATH\Common.php(1188): CodeIgniter\View\View->render('stdupdate_view', [], true)
 5 APPPATH\Controllers\Stdview.php(26): view('stdupdate_view', [...])
 6 SYSTEMPATH\CodeIgniter.php(919): App\Controllers\Stdview->update('regfrom1.css')
 7 SYSTEMPATH\CodeIgniter.php(494): CodeIgniter\CodeIgniter->runController(Object(App\Controllers\Stdview))
 8 SYSTEMPATH\CodeIgniter.php(353): CodeIgniter\CodeIgniter->handleRequest(null, Object(Config\Cache), false)
 9 FCPATH\index.php(79): CodeIgniter\CodeIgniter->run()
CRITICAL - 2023-11-03 06:21:10 --> Undefined array key "padres"
in APPPATH\Views\stdupdate_view.php on line 117.
 1 APPPATH\Views\stdupdate_view.php(117): CodeIgniter\Debug\Exceptions->errorHandler(2, 'Undefined array key "padres"', 'C:\\xampp\\htdocs\\clgproject\\app\\Views\\stdupdate_view.php', 117)
 2 SYSTEMPATH\View\View.php(226): include('C:\\xampp\\htdocs\\clgproject\\app\\Views\\stdupdate_view.php')
 3 SYSTEMPATH\View\View.php(229): CodeIgniter\View\View->CodeIgniter\View\{closure}()
 4 SYSTEMPATH\Common.php(1188): CodeIgniter\View\View->render('stdupdate_view', [], true)
 5 APPPATH\Controllers\Stdview.php(26): view('stdupdate_view', [...])
 6 SYSTEMPATH\CodeIgniter.php(919): App\Controllers\Stdview->update('444')
 7 SYSTEMPATH\CodeIgniter.php(494): CodeIgniter\CodeIgniter->runController(Object(App\Controllers\Stdview))
 8 SYSTEMPATH\CodeIgniter.php(353): CodeIgniter\CodeIgniter->handleRequest(null, Object(Config\Cache), false)
 9 FCPATH\index.php(79): CodeIgniter\CodeIgniter->run()
CRITICAL - 2023-11-03 06:21:48 --> Attempt to read property "padres" on array
in APPPATH\Views\stdupdate_view.php on line 117.
 1 APPPATH\Views\stdupdate_view.php(117): CodeIgniter\Debug\Exceptions->errorHandler(2, 'Attempt to read property "padres" on array', 'C:\\xampp\\htdocs\\clgproject\\app\\Views\\stdupdate_view.php', 117)
 2 SYSTEMPATH\View\View.php(226): include('C:\\xampp\\htdocs\\clgproject\\app\\Views\\stdupdate_view.php')
 3 SYSTEMPATH\View\View.php(229): CodeIgniter\View\View->CodeIgniter\View\{closure}()
 4 SYSTEMPATH\Common.php(1188): CodeIgniter\View\View->render('stdupdate_view', [], true)
 5 APPPATH\Controllers\Stdview.php(26): view('stdupdate_view', [...])
 6 SYSTEMPATH\CodeIgniter.php(919): App\Controllers\Stdview->update('444')
 7 SYSTEMPATH\CodeIgniter.php(494): CodeIgniter\CodeIgniter->runController(Object(App\Controllers\Stdview))
 8 SYSTEMPATH\CodeIgniter.php(353): CodeIgniter\CodeIgniter->handleRequest(null, Object(Config\Cache), false)
 9 FCPATH\index.php(79): CodeIgniter\CodeIgniter->run()
CRITICAL - 2023-11-03 06:21:48 --> Attempt to read property "padres" on array
in APPPATH\Views\stdupdate_view.php on line 117.
 1 APPPATH\Views\stdupdate_view.php(117): CodeIgniter\Debug\Exceptions->errorHandler(2, 'Attempt to read property "padres" on array', 'C:\\xampp\\htdocs\\clgproject\\app\\Views\\stdupdate_view.php', 117)
 2 SYSTEMPATH\View\View.php(226): include('C:\\xampp\\htdocs\\clgproject\\app\\Views\\stdupdate_view.php')
 3 SYSTEMPATH\View\View.php(229): CodeIgniter\View\View->CodeIgniter\View\{closure}()
 4 SYSTEMPATH\Common.php(1188): CodeIgniter\View\View->render('stdupdate_view', [], true)
 5 APPPATH\Controllers\Stdview.php(26): view('stdupdate_view', [...])
 6 SYSTEMPATH\CodeIgniter.php(919): App\Controllers\Stdview->update('444')
 7 SYSTEMPATH\CodeIgniter.php(494): CodeIgniter\CodeIgniter->runController(Object(App\Controllers\Stdview))
 8 SYSTEMPATH\CodeIgniter.php(353): CodeIgniter\CodeIgniter->handleRequest(null, Object(Config\Cache), false)
 9 FCPATH\index.php(79): CodeIgniter\CodeIgniter->run()
CRITICAL - 2023-11-03 06:21:49 --> Attempt to read property "padres" on array
in APPPATH\Views\stdupdate_view.php on line 117.
 1 APPPATH\Views\stdupdate_view.php(117): CodeIgniter\Debug\Exceptions->errorHandler(2, 'Attempt to read property "padres" on array', 'C:\\xampp\\htdocs\\clgproject\\app\\Views\\stdupdate_view.php', 117)
 2 SYSTEMPATH\View\View.php(226): include('C:\\xampp\\htdocs\\clgproject\\app\\Views\\stdupdate_view.php')
 3 SYSTEMPATH\View\View.php(229): CodeIgniter\View\View->CodeIgniter\View\{closure}()
 4 SYSTEMPATH\Common.php(1188): CodeIgniter\View\View->render('stdupdate_view', [], true)
 5 APPPATH\Controllers\Stdview.php(26): view('stdupdate_view', [...])
 6 SYSTEMPATH\CodeIgniter.php(919): App\Controllers\Stdview->update('444')
 7 SYSTEMPATH\CodeIgniter.php(494): CodeIgniter\CodeIgniter->runController(Object(App\Controllers\Stdview))
 8 SYSTEMPATH\CodeIgniter.php(353): CodeIgniter\CodeIgniter->handleRequest(null, Object(Config\Cache), false)
 9 FCPATH\index.php(79): CodeIgniter\CodeIgniter->run()
CRITICAL - 2023-11-03 06:21:58 --> Attempt to read property "padres" on array
in APPPATH\Views\stdupdate_view.php on line 117.
 1 APPPATH\Views\stdupdate_view.php(117): CodeIgniter\Debug\Exceptions->errorHandler(2, 'Attempt to read property "padres" on array', 'C:\\xampp\\htdocs\\clgproject\\app\\Views\\stdupdate_view.php', 117)
 2 SYSTEMPATH\View\View.php(226): include('C:\\xampp\\htdocs\\clgproject\\app\\Views\\stdupdate_view.php')
 3 SYSTEMPATH\View\View.php(229): CodeIgniter\View\View->CodeIgniter\View\{closure}()
 4 SYSTEMPATH\Common.php(1188): CodeIgniter\View\View->render('stdupdate_view', [], true)
 5 APPPATH\Controllers\Stdview.php(26): view('stdupdate_view', [...])
 6 SYSTEMPATH\CodeIgniter.php(919): App\Controllers\Stdview->update('444')
 7 SYSTEMPATH\CodeIgniter.php(494): CodeIgniter\CodeIgniter->runController(Object(App\Controllers\Stdview))
 8 SYSTEMPATH\CodeIgniter.php(353): CodeIgniter\CodeIgniter->handleRequest(null, Object(Config\Cache), false)
 9 FCPATH\index.php(79): CodeIgniter\CodeIgniter->run()
CRITICAL - 2023-11-03 06:23:18 --> foreach() argument must be of type array|object, bool given
in APPPATH\Views\stdupdate_view.php on line 116.
 1 APPPATH\Views\stdupdate_view.php(116): CodeIgniter\Debug\Exceptions->errorHandler(2, 'foreach() argument must be of type array|object, bool given', 'C:\\xampp\\htdocs\\clgproject\\app\\Views\\stdupdate_view.php', 116)
 2 SYSTEMPATH\View\View.php(226): include('C:\\xampp\\htdocs\\clgproject\\app\\Views\\stdupdate_view.php')
 3 SYSTEMPATH\View\View.php(229): CodeIgniter\View\View->CodeIgniter\View\{closure}()
 4 SYSTEMPATH\Common.php(1188): CodeIgniter\View\View->render('stdupdate_view', [], true)
 5 APPPATH\Controllers\Stdview.php(26): view('stdupdate_view', [...])
 6 SYSTEMPATH\CodeIgniter.php(919): App\Controllers\Stdview->update('regfrom1.css')
 7 SYSTEMPATH\CodeIgniter.php(494): CodeIgniter\CodeIgniter->runController(Object(App\Controllers\Stdview))
 8 SYSTEMPATH\CodeIgniter.php(353): CodeIgniter\CodeIgniter->handleRequest(null, Object(Config\Cache), false)
 9 FCPATH\index.php(79): CodeIgniter\CodeIgniter->run()
CRITICAL - 2023-11-03 06:23:46 --> foreach() argument must be of type array|object, bool given
in APPPATH\Views\stdupdate_view.php on line 116.
 1 APPPATH\Views\stdupdate_view.php(116): CodeIgniter\Debug\Exceptions->errorHandler(2, 'foreach() argument must be of type array|object, bool given', 'C:\\xampp\\htdocs\\clgproject\\app\\Views\\stdupdate_view.php', 116)
 2 SYSTEMPATH\View\View.php(226): include('C:\\xampp\\htdocs\\clgproject\\app\\Views\\stdupdate_view.php')
 3 SYSTEMPATH\View\View.php(229): CodeIgniter\View\View->CodeIgniter\View\{closure}()
 4 SYSTEMPATH\Common.php(1188): CodeIgniter\View\View->render('stdupdate_view', [], true)
 5 APPPATH\Controllers\Stdview.php(26): view('stdupdate_view', [...])
 6 SYSTEMPATH\CodeIgniter.php(919): App\Controllers\Stdview->update('regfrom1.css')
 7 SYSTEMPATH\CodeIgniter.php(494): CodeIgniter\CodeIgniter->runController(Object(App\Controllers\Stdview))
 8 SYSTEMPATH\CodeIgniter.php(353): CodeIgniter\CodeIgniter->handleRequest(null, Object(Config\Cache), false)
 9 FCPATH\index.php(79): CodeIgniter\CodeIgniter->run()
CRITICAL - 2023-11-03 06:23:57 --> foreach() argument must be of type array|object, bool given
in APPPATH\Views\stdupdate_view.php on line 116.
 1 APPPATH\Views\stdupdate_view.php(116): CodeIgniter\Debug\Exceptions->errorHandler(2, 'foreach() argument must be of type array|object, bool given', 'C:\\xampp\\htdocs\\clgproject\\app\\Views\\stdupdate_view.php', 116)
 2 SYSTEMPATH\View\View.php(226): include('C:\\xampp\\htdocs\\clgproject\\app\\Views\\stdupdate_view.php')
 3 SYSTEMPATH\View\View.php(229): CodeIgniter\View\View->CodeIgniter\View\{closure}()
 4 SYSTEMPATH\Common.php(1188): CodeIgniter\View\View->render('stdupdate_view', [], true)
 5 APPPATH\Controllers\Stdview.php(26): view('stdupdate_view', [...])
 6 SYSTEMPATH\CodeIgniter.php(919): App\Controllers\Stdview->update('regfrom1.css')
 7 SYSTEMPATH\CodeIgniter.php(494): CodeIgniter\CodeIgniter->runController(Object(App\Controllers\Stdview))
 8 SYSTEMPATH\CodeIgniter.php(353): CodeIgniter\CodeIgniter->handleRequest(null, Object(Config\Cache), false)
 9 FCPATH\index.php(79): CodeIgniter\CodeIgniter->run()
CRITICAL - 2023-11-03 06:24:12 --> foreach() argument must be of type array|object, bool given
in APPPATH\Views\stdupdate_view.php on line 116.
 1 APPPATH\Views\stdupdate_view.php(116): CodeIgniter\Debug\Exceptions->errorHandler(2, 'foreach() argument must be of type array|object, bool given', 'C:\\xampp\\htdocs\\clgproject\\app\\Views\\stdupdate_view.php', 116)
 2 SYSTEMPATH\View\View.php(226): include('C:\\xampp\\htdocs\\clgproject\\app\\Views\\stdupdate_view.php')
 3 SYSTEMPATH\View\View.php(229): CodeIgniter\View\View->CodeIgniter\View\{closure}()
 4 SYSTEMPATH\Common.php(1188): CodeIgniter\View\View->render('stdupdate_view', [], true)
 5 APPPATH\Controllers\Stdview.php(26): view('stdupdate_view', [...])
 6 SYSTEMPATH\CodeIgniter.php(919): App\Controllers\Stdview->update('regfrom1.css')
 7 SYSTEMPATH\CodeIgniter.php(494): CodeIgniter\CodeIgniter->runController(Object(App\Controllers\Stdview))
 8 SYSTEMPATH\CodeIgniter.php(353): CodeIgniter\CodeIgniter->handleRequest(null, Object(Config\Cache), false)
 9 FCPATH\index.php(79): CodeIgniter\CodeIgniter->run()
CRITICAL - 2023-11-03 06:25:59 --> Undefined array key "sfather"
in APPPATH\Views\stdupdate_view.php on line 114.
 1 APPPATH\Views\stdupdate_view.php(114): CodeIgniter\Debug\Exceptions->errorHandler(2, 'Undefined array key "sfather"', 'C:\\xampp\\htdocs\\clgproject\\app\\Views\\stdupdate_view.php', 114)
 2 SYSTEMPATH\View\View.php(226): include('C:\\xampp\\htdocs\\clgproject\\app\\Views\\stdupdate_view.php')
 3 SYSTEMPATH\View\View.php(229): CodeIgniter\View\View->CodeIgniter\View\{closure}()
 4 SYSTEMPATH\Common.php(1188): CodeIgniter\View\View->render('stdupdate_view', [], true)
 5 APPPATH\Controllers\Stdview.php(26): view('stdupdate_view', [...])
 6 SYSTEMPATH\CodeIgniter.php(919): App\Controllers\Stdview->update('445')
 7 SYSTEMPATH\CodeIgniter.php(494): CodeIgniter\CodeIgniter->runController(Object(App\Controllers\Stdview))
 8 SYSTEMPATH\CodeIgniter.php(353): CodeIgniter\CodeIgniter->handleRequest(null, Object(Config\Cache), false)
 9 FCPATH\index.php(79): CodeIgniter\CodeIgniter->run()
CRITICAL - 2023-11-03 06:26:03 --> Undefined array key "sfather"
in APPPATH\Views\stdupdate_view.php on line 114.
 1 APPPATH\Views\stdupdate_view.php(114): CodeIgniter\Debug\Exceptions->errorHandler(2, 'Undefined array key "sfather"', 'C:\\xampp\\htdocs\\clgproject\\app\\Views\\stdupdate_view.php', 114)
 2 SYSTEMPATH\View\View.php(226): include('C:\\xampp\\htdocs\\clgproject\\app\\Views\\stdupdate_view.php')
 3 SYSTEMPATH\View\View.php(229): CodeIgniter\View\View->CodeIgniter\View\{closure}()
 4 SYSTEMPATH\Common.php(1188): CodeIgniter\View\View->render('stdupdate_view', [], true)
 5 APPPATH\Controllers\Stdview.php(26): view('stdupdate_view', [...])
 6 SYSTEMPATH\CodeIgniter.php(919): App\Controllers\Stdview->update('444')
 7 SYSTEMPATH\CodeIgniter.php(494): CodeIgniter\CodeIgniter->runController(Object(App\Controllers\Stdview))
 8 SYSTEMPATH\CodeIgniter.php(353): CodeIgniter\CodeIgniter->handleRequest(null, Object(Config\Cache), false)
 9 FCPATH\index.php(79): CodeIgniter\CodeIgniter->run()
CRITICAL - 2023-11-03 06:29:15 --> Undefined array key "sfather"
in APPPATH\Views\stdupdate_view.php on line 114.
 1 APPPATH\Views\stdupdate_view.php(114): CodeIgniter\Debug\Exceptions->errorHandler(2, 'Undefined array key "sfather"', 'C:\\xampp\\htdocs\\clgproject\\app\\Views\\stdupdate_view.php', 114)
 2 SYSTEMPATH\View\View.php(226): include('C:\\xampp\\htdocs\\clgproject\\app\\Views\\stdupdate_view.php')
 3 SYSTEMPATH\View\View.php(229): CodeIgniter\View\View->CodeIgniter\View\{closure}()
 4 SYSTEMPATH\Common.php(1188): CodeIgniter\View\View->render('stdupdate_view', [], true)
 5 APPPATH\Controllers\Stdview.php(26): view('stdupdate_view', [...])
 6 SYSTEMPATH\CodeIgniter.php(919): App\Controllers\Stdview->update('445')
 7 SYSTEMPATH\CodeIgniter.php(494): CodeIgniter\CodeIgniter->runController(Object(App\Controllers\Stdview))
 8 SYSTEMPATH\CodeIgniter.php(353): CodeIgniter\CodeIgniter->handleRequest(null, Object(Config\Cache), false)
 9 FCPATH\index.php(79): CodeIgniter\CodeIgniter->run()
CRITICAL - 2023-11-03 06:29:47 --> Attempt to read property "sfather" on array
in APPPATH\Views\stdupdate_view.php on line 114.
 1 APPPATH\Views\stdupdate_view.php(114): CodeIgniter\Debug\Exceptions->errorHandler(2, 'Attempt to read property "sfather" on array', 'C:\\xampp\\htdocs\\clgproject\\app\\Views\\stdupdate_view.php', 114)
 2 SYSTEMPATH\View\View.php(226): include('C:\\xampp\\htdocs\\clgproject\\app\\Views\\stdupdate_view.php')
 3 SYSTEMPATH\View\View.php(229): CodeIgniter\View\View->CodeIgniter\View\{closure}()
 4 SYSTEMPATH\Common.php(1188): CodeIgniter\View\View->render('stdupdate_view', [], true)
 5 APPPATH\Controllers\Stdview.php(26): view('stdupdate_view', [...])
 6 SYSTEMPATH\CodeIgniter.php(919): App\Controllers\Stdview->update('445')
 7 SYSTEMPATH\CodeIgniter.php(494): CodeIgniter\CodeIgniter->runController(Object(App\Controllers\Stdview))
 8 SYSTEMPATH\CodeIgniter.php(353): CodeIgniter\CodeIgniter->handleRequest(null, Object(Config\Cache), false)
 9 FCPATH\index.php(79): CodeIgniter\CodeIgniter->run()
CRITICAL - 2023-11-03 06:29:48 --> Attempt to read property "sfather" on array
in APPPATH\Views\stdupdate_view.php on line 114.
 1 APPPATH\Views\stdupdate_view.php(114): CodeIgniter\Debug\Exceptions->errorHandler(2, 'Attempt to read property "sfather" on array', 'C:\\xampp\\htdocs\\clgproject\\app\\Views\\stdupdate_view.php', 114)
 2 SYSTEMPATH\View\View.php(226): include('C:\\xampp\\htdocs\\clgproject\\app\\Views\\stdupdate_view.php')
 3 SYSTEMPATH\View\View.php(229): CodeIgniter\View\View->CodeIgniter\View\{closure}()
 4 SYSTEMPATH\Common.php(1188): CodeIgniter\View\View->render('stdupdate_view', [], true)
 5 APPPATH\Controllers\Stdview.php(26): view('stdupdate_view', [...])
 6 SYSTEMPATH\CodeIgniter.php(919): App\Controllers\Stdview->update('445')
 7 SYSTEMPATH\CodeIgniter.php(494): CodeIgniter\CodeIgniter->runController(Object(App\Controllers\Stdview))
 8 SYSTEMPATH\CodeIgniter.php(353): CodeIgniter\CodeIgniter->handleRequest(null, Object(Config\Cache), false)
 9 FCPATH\index.php(79): CodeIgniter\CodeIgniter->run()
CRITICAL - 2023-11-03 06:39:28 --> Attempt to read property "sfather" on array
in APPPATH\Views\stdupdate_view.php on line 114.
 1 APPPATH\Views\stdupdate_view.php(114): CodeIgniter\Debug\Exceptions->errorHandler(2, 'Attempt to read property "sfather" on array', 'C:\\xampp\\htdocs\\clgproject\\app\\Views\\stdupdate_view.php', 114)
 2 SYSTEMPATH\View\View.php(226): include('C:\\xampp\\htdocs\\clgproject\\app\\Views\\stdupdate_view.php')
 3 SYSTEMPATH\View\View.php(229): CodeIgniter\View\View->CodeIgniter\View\{closure}()
 4 SYSTEMPATH\Common.php(1188): CodeIgniter\View\View->render('stdupdate_view', [], true)
 5 APPPATH\Controllers\Stdview.php(26): view('stdupdate_view', [...])
 6 SYSTEMPATH\CodeIgniter.php(919): App\Controllers\Stdview->update('445')
 7 SYSTEMPATH\CodeIgniter.php(494): CodeIgniter\CodeIgniter->runController(Object(App\Controllers\Stdview))
 8 SYSTEMPATH\CodeIgniter.php(353): CodeIgniter\CodeIgniter->handleRequest(null, Object(Config\Cache), false)
 9 FCPATH\index.php(79): CodeIgniter\CodeIgniter->run()
