WARNING - 2024-01-05 12:00:45 --> [DEPRECATED] Creation of dynamic property App\Controllers\Reports::$reportModelObj is deprecated in APPPATH\Controllers\Reports.php on line 12.
 1 SYSTEMPATH\CodeIgniter.php(891): App\Controllers\Reports->__construct()
 2 SYSTEMPATH\CodeIgniter.php(485): CodeIgniter\CodeIgniter->createController()
 3 SYSTEMPATH\CodeIgniter.php(353): CodeIgniter\CodeIgniter->handleRequest(null, Object(Config\Cache), false)
 4 FCPATH\index.php(79): CodeIgniter\CodeIgniter->run()
WARNING - 2024-01-05 12:01:40 --> [DEPRECATED] Creation of dynamic property App\Controllers\Reports::$reportModelObj is deprecated in APPPATH\Controllers\Reports.php on line 12.
 1 SYSTEMPATH\CodeIgniter.php(891): App\Controllers\Reports->__construct()
 2 SYSTEMPATH\CodeIgniter.php(485): CodeIgniter\CodeIgniter->createController()
 3 SYSTEMPATH\CodeIgniter.php(353): CodeIgniter\CodeIgniter->handleRequest(null, Object(Config\Cache), false)
 4 FCPATH\index.php(79): CodeIgniter\CodeIgniter->run()
INFO - 2024-01-05 12:01:40 --> Session: Class initialized using 'CodeIgniter\Session\Handlers\FileHandler' driver.
INFO - 2024-01-05 12:01:40 --> Session: Class initialized using 'CodeIgniter\Session\Handlers\FileHandler' driver.
INFO - 2024-01-05 12:01:55 --> Session: Class initialized using 'CodeIgniter\Session\Handlers\FileHandler' driver.
INFO - 2024-01-05 12:02:08 --> Session: Class initialized using 'CodeIgniter\Session\Handlers\FileHandler' driver.
INFO - 2024-01-05 12:02:21 --> Session: Class initialized using 'CodeIgniter\Session\Handlers\FileHandler' driver.
INFO - 2024-01-05 12:02:21 --> Session: Class initialized using 'CodeIgniter\Session\Handlers\FileHandler' driver.
WARNING - 2024-01-05 12:02:27 --> [DEPRECATED] Creation of dynamic property App\Controllers\Reports::$reportModelObj is deprecated in APPPATH\Controllers\Reports.php on line 12.
 1 SYSTEMPATH\CodeIgniter.php(891): App\Controllers\Reports->__construct()
 2 SYSTEMPATH\CodeIgniter.php(485): CodeIgniter\CodeIgniter->createController()
 3 SYSTEMPATH\CodeIgniter.php(353): CodeIgniter\CodeIgniter->handleRequest(null, Object(Config\Cache), false)
 4 FCPATH\index.php(79): CodeIgniter\CodeIgniter->run()
INFO - 2024-01-05 12:02:27 --> Session: Class initialized using 'CodeIgniter\Session\Handlers\FileHandler' driver.
WARNING - 2024-01-05 12:02:31 --> [DEPRECATED] Creation of dynamic property App\Controllers\Reports::$reportModelObj is deprecated in APPPATH\Controllers\Reports.php on line 12.
 1 SYSTEMPATH\CodeIgniter.php(891): App\Controllers\Reports->__construct()
 2 SYSTEMPATH\CodeIgniter.php(485): CodeIgniter\CodeIgniter->createController()
 3 SYSTEMPATH\CodeIgniter.php(353): CodeIgniter\CodeIgniter->handleRequest(null, Object(Config\Cache), false)
 4 FCPATH\index.php(79): CodeIgniter\CodeIgniter->run()
INFO - 2024-01-05 12:02:31 --> Session: Class initialized using 'CodeIgniter\Session\Handlers\FileHandler' driver.
WARNING - 2024-01-05 12:02:32 --> [DEPRECATED] Creation of dynamic property App\Controllers\Reports::$reportModelObj is deprecated in APPPATH\Controllers\Reports.php on line 12.
 1 SYSTEMPATH\CodeIgniter.php(891): App\Controllers\Reports->__construct()
 2 SYSTEMPATH\CodeIgniter.php(485): CodeIgniter\CodeIgniter->createController()
 3 SYSTEMPATH\CodeIgniter.php(353): CodeIgniter\CodeIgniter->handleRequest(null, Object(Config\Cache), false)
 4 FCPATH\index.php(79): CodeIgniter\CodeIgniter->run()
INFO - 2024-01-05 12:02:32 --> Session: Class initialized using 'CodeIgniter\Session\Handlers\FileHandler' driver.
WARNING - 2024-01-05 12:02:37 --> [DEPRECATED] Creation of dynamic property App\Controllers\Reports::$reportModelObj is deprecated in APPPATH\Controllers\Reports.php on line 12.
 1 SYSTEMPATH\CodeIgniter.php(891): App\Controllers\Reports->__construct()
 2 SYSTEMPATH\CodeIgniter.php(485): CodeIgniter\CodeIgniter->createController()
 3 SYSTEMPATH\CodeIgniter.php(353): CodeIgniter\CodeIgniter->handleRequest(null, Object(Config\Cache), false)
 4 FCPATH\index.php(79): CodeIgniter\CodeIgniter->run()
INFO - 2024-01-05 12:02:37 --> Session: Class initialized using 'CodeIgniter\Session\Handlers\FileHandler' driver.
WARNING - 2024-01-05 12:02:39 --> [DEPRECATED] Creation of dynamic property App\Controllers\Reports::$reportModelObj is deprecated in APPPATH\Controllers\Reports.php on line 12.
 1 SYSTEMPATH\CodeIgniter.php(891): App\Controllers\Reports->__construct()
 2 SYSTEMPATH\CodeIgniter.php(485): CodeIgniter\CodeIgniter->createController()
 3 SYSTEMPATH\CodeIgniter.php(353): CodeIgniter\CodeIgniter->handleRequest(null, Object(Config\Cache), false)
 4 FCPATH\index.php(79): CodeIgniter\CodeIgniter->run()
INFO - 2024-01-05 12:02:39 --> Session: Class initialized using 'CodeIgniter\Session\Handlers\FileHandler' driver.
INFO - 2024-01-05 12:04:18 --> Session: Class initialized using 'CodeIgniter\Session\Handlers\FileHandler' driver.
CRITICAL - 2024-01-05 12:05:08 --> Undefined property: stdClass::$admissionNO
in APPPATH\Views\studentFeeView.php on line 193.
 1 APPPATH\Views\studentFeeView.php(193): CodeIgniter\Debug\Exceptions->errorHandler(2, 'Undefined property: stdClass::$admissionNO', 'C:\\xampp\\htdocs\\College_Automation\\app\\Views\\studentFeeView.php', 193)
 2 SYSTEMPATH\View\View.php(226): include('C:\\xampp\\htdocs\\College_Automation\\app\\Views\\studentFeeView.php')
 3 SYSTEMPATH\View\View.php(229): CodeIgniter\View\View->CodeIgniter\View\{closure}()
 4 SYSTEMPATH\Common.php(1188): CodeIgniter\View\View->render('studentFeeView', [], true)
 5 APPPATH\Controllers\FeeManController.php(490): view('studentFeeView', [...])
 6 SYSTEMPATH\CodeIgniter.php(919): App\Controllers\FeeManController->studentFeeView()
 7 SYSTEMPATH\CodeIgniter.php(494): CodeIgniter\CodeIgniter->runController(Object(App\Controllers\FeeManController))
 8 SYSTEMPATH\CodeIgniter.php(353): CodeIgniter\CodeIgniter->handleRequest(null, Object(Config\Cache), false)
 9 FCPATH\index.php(79): CodeIgniter\CodeIgniter->run()
CRITICAL - 2024-01-05 12:05:15 --> Undefined property: stdClass::$admissionNO
in APPPATH\Views\studentFeeView.php on line 193.
 1 APPPATH\Views\studentFeeView.php(193): CodeIgniter\Debug\Exceptions->errorHandler(2, 'Undefined property: stdClass::$admissionNO', 'C:\\xampp\\htdocs\\College_Automation\\app\\Views\\studentFeeView.php', 193)
 2 SYSTEMPATH\View\View.php(226): include('C:\\xampp\\htdocs\\College_Automation\\app\\Views\\studentFeeView.php')
 3 SYSTEMPATH\View\View.php(229): CodeIgniter\View\View->CodeIgniter\View\{closure}()
 4 SYSTEMPATH\Common.php(1188): CodeIgniter\View\View->render('studentFeeView', [], true)
 5 APPPATH\Controllers\FeeManController.php(490): view('studentFeeView', [...])
 6 SYSTEMPATH\CodeIgniter.php(919): App\Controllers\FeeManController->studentFeeView()
 7 SYSTEMPATH\CodeIgniter.php(494): CodeIgniter\CodeIgniter->runController(Object(App\Controllers\FeeManController))
 8 SYSTEMPATH\CodeIgniter.php(353): CodeIgniter\CodeIgniter->handleRequest(null, Object(Config\Cache), false)
 9 FCPATH\index.php(79): CodeIgniter\CodeIgniter->run()
CRITICAL - 2024-01-05 12:05:16 --> Undefined property: stdClass::$admissionNO
in APPPATH\Views\studentFeeView.php on line 193.
 1 APPPATH\Views\studentFeeView.php(193): CodeIgniter\Debug\Exceptions->errorHandler(2, 'Undefined property: stdClass::$admissionNO', 'C:\\xampp\\htdocs\\College_Automation\\app\\Views\\studentFeeView.php', 193)
 2 SYSTEMPATH\View\View.php(226): include('C:\\xampp\\htdocs\\College_Automation\\app\\Views\\studentFeeView.php')
 3 SYSTEMPATH\View\View.php(229): CodeIgniter\View\View->CodeIgniter\View\{closure}()
 4 SYSTEMPATH\Common.php(1188): CodeIgniter\View\View->render('studentFeeView', [], true)
 5 APPPATH\Controllers\FeeManController.php(490): view('studentFeeView', [...])
 6 SYSTEMPATH\CodeIgniter.php(919): App\Controllers\FeeManController->studentFeeView()
 7 SYSTEMPATH\CodeIgniter.php(494): CodeIgniter\CodeIgniter->runController(Object(App\Controllers\FeeManController))
 8 SYSTEMPATH\CodeIgniter.php(353): CodeIgniter\CodeIgniter->handleRequest(null, Object(Config\Cache), false)
 9 FCPATH\index.php(79): CodeIgniter\CodeIgniter->run()
CRITICAL - 2024-01-05 12:05:16 --> Undefined property: stdClass::$admissionNO
in APPPATH\Views\studentFeeView.php on line 193.
 1 APPPATH\Views\studentFeeView.php(193): CodeIgniter\Debug\Exceptions->errorHandler(2, 'Undefined property: stdClass::$admissionNO', 'C:\\xampp\\htdocs\\College_Automation\\app\\Views\\studentFeeView.php', 193)
 2 SYSTEMPATH\View\View.php(226): include('C:\\xampp\\htdocs\\College_Automation\\app\\Views\\studentFeeView.php')
 3 SYSTEMPATH\View\View.php(229): CodeIgniter\View\View->CodeIgniter\View\{closure}()
 4 SYSTEMPATH\Common.php(1188): CodeIgniter\View\View->render('studentFeeView', [], true)
 5 APPPATH\Controllers\FeeManController.php(490): view('studentFeeView', [...])
 6 SYSTEMPATH\CodeIgniter.php(919): App\Controllers\FeeManController->studentFeeView()
 7 SYSTEMPATH\CodeIgniter.php(494): CodeIgniter\CodeIgniter->runController(Object(App\Controllers\FeeManController))
 8 SYSTEMPATH\CodeIgniter.php(353): CodeIgniter\CodeIgniter->handleRequest(null, Object(Config\Cache), false)
 9 FCPATH\index.php(79): CodeIgniter\CodeIgniter->run()
CRITICAL - 2024-01-05 12:05:16 --> Undefined property: stdClass::$admissionNO
in APPPATH\Views\studentFeeView.php on line 193.
 1 APPPATH\Views\studentFeeView.php(193): CodeIgniter\Debug\Exceptions->errorHandler(2, 'Undefined property: stdClass::$admissionNO', 'C:\\xampp\\htdocs\\College_Automation\\app\\Views\\studentFeeView.php', 193)
 2 SYSTEMPATH\View\View.php(226): include('C:\\xampp\\htdocs\\College_Automation\\app\\Views\\studentFeeView.php')
 3 SYSTEMPATH\View\View.php(229): CodeIgniter\View\View->CodeIgniter\View\{closure}()
 4 SYSTEMPATH\Common.php(1188): CodeIgniter\View\View->render('studentFeeView', [], true)
 5 APPPATH\Controllers\FeeManController.php(490): view('studentFeeView', [...])
 6 SYSTEMPATH\CodeIgniter.php(919): App\Controllers\FeeManController->studentFeeView()
 7 SYSTEMPATH\CodeIgniter.php(494): CodeIgniter\CodeIgniter->runController(Object(App\Controllers\FeeManController))
 8 SYSTEMPATH\CodeIgniter.php(353): CodeIgniter\CodeIgniter->handleRequest(null, Object(Config\Cache), false)
 9 FCPATH\index.php(79): CodeIgniter\CodeIgniter->run()
CRITICAL - 2024-01-05 12:05:17 --> Undefined property: stdClass::$admissionNO
in APPPATH\Views\studentFeeView.php on line 193.
 1 APPPATH\Views\studentFeeView.php(193): CodeIgniter\Debug\Exceptions->errorHandler(2, 'Undefined property: stdClass::$admissionNO', 'C:\\xampp\\htdocs\\College_Automation\\app\\Views\\studentFeeView.php', 193)
 2 SYSTEMPATH\View\View.php(226): include('C:\\xampp\\htdocs\\College_Automation\\app\\Views\\studentFeeView.php')
 3 SYSTEMPATH\View\View.php(229): CodeIgniter\View\View->CodeIgniter\View\{closure}()
 4 SYSTEMPATH\Common.php(1188): CodeIgniter\View\View->render('studentFeeView', [], true)
 5 APPPATH\Controllers\FeeManController.php(490): view('studentFeeView', [...])
 6 SYSTEMPATH\CodeIgniter.php(919): App\Controllers\FeeManController->studentFeeView()
 7 SYSTEMPATH\CodeIgniter.php(494): CodeIgniter\CodeIgniter->runController(Object(App\Controllers\FeeManController))
 8 SYSTEMPATH\CodeIgniter.php(353): CodeIgniter\CodeIgniter->handleRequest(null, Object(Config\Cache), false)
 9 FCPATH\index.php(79): CodeIgniter\CodeIgniter->run()
CRITICAL - 2024-01-05 12:05:19 --> Undefined property: stdClass::$admissionNO
in APPPATH\Views\studentFeeView.php on line 193.
 1 APPPATH\Views\studentFeeView.php(193): CodeIgniter\Debug\Exceptions->errorHandler(2, 'Undefined property: stdClass::$admissionNO', 'C:\\xampp\\htdocs\\College_Automation\\app\\Views\\studentFeeView.php', 193)
 2 SYSTEMPATH\View\View.php(226): include('C:\\xampp\\htdocs\\College_Automation\\app\\Views\\studentFeeView.php')
 3 SYSTEMPATH\View\View.php(229): CodeIgniter\View\View->CodeIgniter\View\{closure}()
 4 SYSTEMPATH\Common.php(1188): CodeIgniter\View\View->render('studentFeeView', [], true)
 5 APPPATH\Controllers\FeeManController.php(490): view('studentFeeView', [...])
 6 SYSTEMPATH\CodeIgniter.php(919): App\Controllers\FeeManController->studentFeeView()
 7 SYSTEMPATH\CodeIgniter.php(494): CodeIgniter\CodeIgniter->runController(Object(App\Controllers\FeeManController))
 8 SYSTEMPATH\CodeIgniter.php(353): CodeIgniter\CodeIgniter->handleRequest(null, Object(Config\Cache), false)
 9 FCPATH\index.php(79): CodeIgniter\CodeIgniter->run()
INFO - 2024-01-05 12:05:25 --> Session: Class initialized using 'CodeIgniter\Session\Handlers\FileHandler' driver.
CRITICAL - 2024-01-05 12:05:25 --> Undefined property: stdClass::$admissionNO
in APPPATH\Views\studentFeeView.php on line 193.
 1 APPPATH\Views\studentFeeView.php(193): CodeIgniter\Debug\Exceptions->errorHandler(2, 'Undefined property: stdClass::$admissionNO', 'C:\\xampp\\htdocs\\College_Automation\\app\\Views\\studentFeeView.php', 193)
 2 SYSTEMPATH\View\View.php(226): include('C:\\xampp\\htdocs\\College_Automation\\app\\Views\\studentFeeView.php')
 3 SYSTEMPATH\View\View.php(229): CodeIgniter\View\View->CodeIgniter\View\{closure}()
 4 SYSTEMPATH\Common.php(1188): CodeIgniter\View\View->render('studentFeeView', [], true)
 5 APPPATH\Controllers\FeeManController.php(499): view('studentFeeView', [...])
 6 SYSTEMPATH\CodeIgniter.php(919): App\Controllers\FeeManController->studentFeeView()
 7 SYSTEMPATH\CodeIgniter.php(494): CodeIgniter\CodeIgniter->runController(Object(App\Controllers\FeeManController))
 8 SYSTEMPATH\CodeIgniter.php(353): CodeIgniter\CodeIgniter->handleRequest(null, Object(Config\Cache), false)
 9 FCPATH\index.php(79): CodeIgniter\CodeIgniter->run()
INFO - 2024-01-05 12:06:37 --> Session: Class initialized using 'CodeIgniter\Session\Handlers\FileHandler' driver.
CRITICAL - 2024-01-05 12:06:37 --> Undefined property: stdClass::$admissionNO
in APPPATH\Views\studentFeeView.php on line 246.
 1 APPPATH\Views\studentFeeView.php(246): CodeIgniter\Debug\Exceptions->errorHandler(2, 'Undefined property: stdClass::$admissionNO', 'C:\\xampp\\htdocs\\College_Automation\\app\\Views\\studentFeeView.php', 246)
 2 SYSTEMPATH\View\View.php(226): include('C:\\xampp\\htdocs\\College_Automation\\app\\Views\\studentFeeView.php')
 3 SYSTEMPATH\View\View.php(229): CodeIgniter\View\View->CodeIgniter\View\{closure}()
 4 SYSTEMPATH\Common.php(1188): CodeIgniter\View\View->render('studentFeeView', [], true)
 5 APPPATH\Controllers\FeeManController.php(499): view('studentFeeView', [...])
 6 SYSTEMPATH\CodeIgniter.php(919): App\Controllers\FeeManController->studentFeeView()
 7 SYSTEMPATH\CodeIgniter.php(494): CodeIgniter\CodeIgniter->runController(Object(App\Controllers\FeeManController))
 8 SYSTEMPATH\CodeIgniter.php(353): CodeIgniter\CodeIgniter->handleRequest(null, Object(Config\Cache), false)
 9 FCPATH\index.php(79): CodeIgniter\CodeIgniter->run()
INFO - 2024-01-05 12:07:35 --> Session: Class initialized using 'CodeIgniter\Session\Handlers\FileHandler' driver.
CRITICAL - 2024-01-05 12:07:35 --> Undefined property: stdClass::$admissionNo
in APPPATH\Views\studentFeeView.php on line 193.
 1 APPPATH\Views\studentFeeView.php(193): CodeIgniter\Debug\Exceptions->errorHandler(2, 'Undefined property: stdClass::$admissionNo', 'C:\\xampp\\htdocs\\College_Automation\\app\\Views\\studentFeeView.php', 193)
 2 SYSTEMPATH\View\View.php(226): include('C:\\xampp\\htdocs\\College_Automation\\app\\Views\\studentFeeView.php')
 3 SYSTEMPATH\View\View.php(229): CodeIgniter\View\View->CodeIgniter\View\{closure}()
 4 SYSTEMPATH\Common.php(1188): CodeIgniter\View\View->render('studentFeeView', [], true)
 5 APPPATH\Controllers\FeeManController.php(499): view('studentFeeView', [...])
 6 SYSTEMPATH\CodeIgniter.php(919): App\Controllers\FeeManController->studentFeeView()
 7 SYSTEMPATH\CodeIgniter.php(494): CodeIgniter\CodeIgniter->runController(Object(App\Controllers\FeeManController))
 8 SYSTEMPATH\CodeIgniter.php(353): CodeIgniter\CodeIgniter->handleRequest(null, Object(Config\Cache), false)
 9 FCPATH\index.php(79): CodeIgniter\CodeIgniter->run()
INFO - 2024-01-05 12:07:37 --> Session: Class initialized using 'CodeIgniter\Session\Handlers\FileHandler' driver.
CRITICAL - 2024-01-05 12:07:37 --> Undefined property: stdClass::$admissionNo
in APPPATH\Views\studentFeeView.php on line 193.
 1 APPPATH\Views\studentFeeView.php(193): CodeIgniter\Debug\Exceptions->errorHandler(2, 'Undefined property: stdClass::$admissionNo', 'C:\\xampp\\htdocs\\College_Automation\\app\\Views\\studentFeeView.php', 193)
 2 SYSTEMPATH\View\View.php(226): include('C:\\xampp\\htdocs\\College_Automation\\app\\Views\\studentFeeView.php')
 3 SYSTEMPATH\View\View.php(229): CodeIgniter\View\View->CodeIgniter\View\{closure}()
 4 SYSTEMPATH\Common.php(1188): CodeIgniter\View\View->render('studentFeeView', [], true)
 5 APPPATH\Controllers\FeeManController.php(499): view('studentFeeView', [...])
 6 SYSTEMPATH\CodeIgniter.php(919): App\Controllers\FeeManController->studentFeeView()
 7 SYSTEMPATH\CodeIgniter.php(494): CodeIgniter\CodeIgniter->runController(Object(App\Controllers\FeeManController))
 8 SYSTEMPATH\CodeIgniter.php(353): CodeIgniter\CodeIgniter->handleRequest(null, Object(Config\Cache), false)
 9 FCPATH\index.php(79): CodeIgniter\CodeIgniter->run()
INFO - 2024-01-05 12:07:50 --> Session: Class initialized using 'CodeIgniter\Session\Handlers\FileHandler' driver.
INFO - 2024-01-05 12:07:58 --> Session: Class initialized using 'CodeIgniter\Session\Handlers\FileHandler' driver.
INFO - 2024-01-05 12:08:27 --> Session: Class initialized using 'CodeIgniter\Session\Handlers\FileHandler' driver.
INFO - 2024-01-05 12:08:29 --> Session: Class initialized using 'CodeIgniter\Session\Handlers\FileHandler' driver.
INFO - 2024-01-05 12:08:30 --> Session: Class initialized using 'CodeIgniter\Session\Handlers\FileHandler' driver.
INFO - 2024-01-05 12:08:32 --> Session: Class initialized using 'CodeIgniter\Session\Handlers\FileHandler' driver.
INFO - 2024-01-05 12:10:15 --> Session: Class initialized using 'CodeIgniter\Session\Handlers\FileHandler' driver.
INFO - 2024-01-05 12:10:15 --> Session: Class initialized using 'CodeIgniter\Session\Handlers\FileHandler' driver.
INFO - 2024-01-05 12:10:36 --> Session: Class initialized using 'CodeIgniter\Session\Handlers\FileHandler' driver.
INFO - 2024-01-05 12:10:37 --> Session: Class initialized using 'CodeIgniter\Session\Handlers\FileHandler' driver.
INFO - 2024-01-05 12:10:50 --> Session: Class initialized using 'CodeIgniter\Session\Handlers\FileHandler' driver.
INFO - 2024-01-05 12:10:50 --> Session: Class initialized using 'CodeIgniter\Session\Handlers\FileHandler' driver.
INFO - 2024-01-05 12:13:37 --> Session: Class initialized using 'CodeIgniter\Session\Handlers\FileHandler' driver.
INFO - 2024-01-05 12:14:54 --> Session: Class initialized using 'CodeIgniter\Session\Handlers\FileHandler' driver.
WARNING - 2024-01-05 12:15:03 --> [DEPRECATED] Creation of dynamic property App\Controllers\Reports::$reportModelObj is deprecated in APPPATH\Controllers\Reports.php on line 12.
 1 SYSTEMPATH\CodeIgniter.php(891): App\Controllers\Reports->__construct()
 2 SYSTEMPATH\CodeIgniter.php(485): CodeIgniter\CodeIgniter->createController()
 3 SYSTEMPATH\CodeIgniter.php(353): CodeIgniter\CodeIgniter->handleRequest(null, Object(Config\Cache), false)
 4 FCPATH\index.php(79): CodeIgniter\CodeIgniter->run()
INFO - 2024-01-05 12:15:03 --> Session: Class initialized using 'CodeIgniter\Session\Handlers\FileHandler' driver.
INFO - 2024-01-05 12:16:00 --> Session: Class initialized using 'CodeIgniter\Session\Handlers\FileHandler' driver.
INFO - 2024-01-05 12:16:01 --> Session: Class initialized using 'CodeIgniter\Session\Handlers\FileHandler' driver.
INFO - 2024-01-05 12:16:07 --> Session: Class initialized using 'CodeIgniter\Session\Handlers\FileHandler' driver.
WARNING - 2024-01-05 12:16:27 --> [DEPRECATED] Creation of dynamic property App\Controllers\Reports::$reportModelObj is deprecated in APPPATH\Controllers\Reports.php on line 12.
 1 SYSTEMPATH\CodeIgniter.php(891): App\Controllers\Reports->__construct()
 2 SYSTEMPATH\CodeIgniter.php(485): CodeIgniter\CodeIgniter->createController()
 3 SYSTEMPATH\CodeIgniter.php(353): CodeIgniter\CodeIgniter->handleRequest(null, Object(Config\Cache), false)
 4 FCPATH\index.php(79): CodeIgniter\CodeIgniter->run()
INFO - 2024-01-05 12:16:27 --> Session: Class initialized using 'CodeIgniter\Session\Handlers\FileHandler' driver.
WARNING - 2024-01-05 12:17:29 --> [DEPRECATED] Creation of dynamic property App\Controllers\Reports::$reportModelObj is deprecated in APPPATH\Controllers\Reports.php on line 12.
 1 SYSTEMPATH\CodeIgniter.php(891): App\Controllers\Reports->__construct()
 2 SYSTEMPATH\CodeIgniter.php(485): CodeIgniter\CodeIgniter->createController()
 3 SYSTEMPATH\CodeIgniter.php(353): CodeIgniter\CodeIgniter->handleRequest(null, Object(Config\Cache), false)
 4 FCPATH\index.php(79): CodeIgniter\CodeIgniter->run()
INFO - 2024-01-05 12:17:29 --> Session: Class initialized using 'CodeIgniter\Session\Handlers\FileHandler' driver.
INFO - 2024-01-05 12:17:30 --> Session: Class initialized using 'CodeIgniter\Session\Handlers\FileHandler' driver.
INFO - 2024-01-05 12:17:30 --> Session: Class initialized using 'CodeIgniter\Session\Handlers\FileHandler' driver.
INFO - 2024-01-05 12:17:38 --> Session: Class initialized using 'CodeIgniter\Session\Handlers\FileHandler' driver.
INFO - 2024-01-05 12:18:01 --> Session: Class initialized using 'CodeIgniter\Session\Handlers\FileHandler' driver.
INFO - 2024-01-05 12:18:23 --> Session: Class initialized using 'CodeIgniter\Session\Handlers\FileHandler' driver.
INFO - 2024-01-05 12:18:23 --> Session: Class initialized using 'CodeIgniter\Session\Handlers\FileHandler' driver.
INFO - 2024-01-05 12:18:26 --> Session: Class initialized using 'CodeIgniter\Session\Handlers\FileHandler' driver.
INFO - 2024-01-05 12:18:26 --> Session: Class initialized using 'CodeIgniter\Session\Handlers\FileHandler' driver.
INFO - 2024-01-05 12:18:29 --> Session: Class initialized using 'CodeIgniter\Session\Handlers\FileHandler' driver.
INFO - 2024-01-05 12:18:29 --> Session: Class initialized using 'CodeIgniter\Session\Handlers\FileHandler' driver.
INFO - 2024-01-05 12:18:39 --> Session: Class initialized using 'CodeIgniter\Session\Handlers\FileHandler' driver.
INFO - 2024-01-05 12:18:39 --> Session: Class initialized using 'CodeIgniter\Session\Handlers\FileHandler' driver.
INFO - 2024-01-05 12:21:22 --> Session: Class initialized using 'CodeIgniter\Session\Handlers\FileHandler' driver.
INFO - 2024-01-05 12:22:35 --> Session: Class initialized using 'CodeIgniter\Session\Handlers\FileHandler' driver.
INFO - 2024-01-05 12:22:37 --> Session: Class initialized using 'CodeIgniter\Session\Handlers\FileHandler' driver.
WARNING - 2024-01-05 12:22:38 --> [DEPRECATED] Creation of dynamic property App\Controllers\Reports::$reportModelObj is deprecated in APPPATH\Controllers\Reports.php on line 12.
 1 SYSTEMPATH\CodeIgniter.php(891): App\Controllers\Reports->__construct()
 2 SYSTEMPATH\CodeIgniter.php(485): CodeIgniter\CodeIgniter->createController()
 3 SYSTEMPATH\CodeIgniter.php(353): CodeIgniter\CodeIgniter->handleRequest(null, Object(Config\Cache), false)
 4 FCPATH\index.php(79): CodeIgniter\CodeIgniter->run()
WARNING - 2024-01-05 12:23:20 --> [DEPRECATED] Creation of dynamic property App\Controllers\Reports::$reportModelObj is deprecated in APPPATH\Controllers\Reports.php on line 12.
 1 SYSTEMPATH\CodeIgniter.php(891): App\Controllers\Reports->__construct()
 2 SYSTEMPATH\CodeIgniter.php(485): CodeIgniter\CodeIgniter->createController()
 3 SYSTEMPATH\CodeIgniter.php(353): CodeIgniter\CodeIgniter->handleRequest(null, Object(Config\Cache), false)
 4 FCPATH\index.php(79): CodeIgniter\CodeIgniter->run()
WARNING - 2024-01-05 12:23:22 --> [DEPRECATED] Creation of dynamic property App\Controllers\Reports::$reportModelObj is deprecated in APPPATH\Controllers\Reports.php on line 12.
 1 SYSTEMPATH\CodeIgniter.php(891): App\Controllers\Reports->__construct()
 2 SYSTEMPATH\CodeIgniter.php(485): CodeIgniter\CodeIgniter->createController()
 3 SYSTEMPATH\CodeIgniter.php(353): CodeIgniter\CodeIgniter->handleRequest(null, Object(Config\Cache), false)
 4 FCPATH\index.php(79): CodeIgniter\CodeIgniter->run()
INFO - 2024-01-05 12:23:23 --> Session: Class initialized using 'CodeIgniter\Session\Handlers\FileHandler' driver.
WARNING - 2024-01-05 12:23:26 --> [DEPRECATED] Creation of dynamic property App\Controllers\Reports::$reportModelObj is deprecated in APPPATH\Controllers\Reports.php on line 12.
 1 SYSTEMPATH\CodeIgniter.php(891): App\Controllers\Reports->__construct()
 2 SYSTEMPATH\CodeIgniter.php(485): CodeIgniter\CodeIgniter->createController()
 3 SYSTEMPATH\CodeIgniter.php(353): CodeIgniter\CodeIgniter->handleRequest(null, Object(Config\Cache), false)
 4 FCPATH\index.php(79): CodeIgniter\CodeIgniter->run()
WARNING - 2024-01-05 12:23:57 --> [DEPRECATED] Creation of dynamic property App\Controllers\Reports::$reportModelObj is deprecated in APPPATH\Controllers\Reports.php on line 12.
 1 SYSTEMPATH\CodeIgniter.php(891): App\Controllers\Reports->__construct()
 2 SYSTEMPATH\CodeIgniter.php(485): CodeIgniter\CodeIgniter->createController()
 3 SYSTEMPATH\CodeIgniter.php(353): CodeIgniter\CodeIgniter->handleRequest(null, Object(Config\Cache), false)
 4 FCPATH\index.php(79): CodeIgniter\CodeIgniter->run()
WARNING - 2024-01-05 12:25:57 --> [DEPRECATED] Creation of dynamic property App\Controllers\Reports::$reportModelObj is deprecated in APPPATH\Controllers\Reports.php on line 12.
 1 SYSTEMPATH\CodeIgniter.php(891): App\Controllers\Reports->__construct()
 2 SYSTEMPATH\CodeIgniter.php(485): CodeIgniter\CodeIgniter->createController()
 3 SYSTEMPATH\CodeIgniter.php(353): CodeIgniter\CodeIgniter->handleRequest(null, Object(Config\Cache), false)
 4 FCPATH\index.php(79): CodeIgniter\CodeIgniter->run()
INFO - 2024-01-05 12:25:57 --> Session: Class initialized using 'CodeIgniter\Session\Handlers\FileHandler' driver.
