ERROR - 2023-11-04 17:44:45 --> Error connecting to the database: mysqli_sql_exception: No connection could be made because the target machine actively refused it in C:\xampp\htdocs\clgproject\system\Database\MySQLi\Connection.php:184
Stack trace:
#0 C:\xampp\htdocs\clgproject\system\Database\MySQLi\Connection.php(184): mysqli->real_connect('localhost', 'root', Object(SensitiveParameterValue), 'officeauto', 3306, '', 0)
#1 C:\xampp\htdocs\clgproject\system\Database\BaseConnection.php(391): CodeIgniter\Database\MySQLi\Connection->connect(false)
#2 C:\xampp\htdocs\clgproject\system\Database\BaseConnection.php(574): CodeIgniter\Database\BaseConnection->initialize()
#3 C:\xampp\htdocs\clgproject\system\Database\BaseBuilder.php(1615): CodeIgniter\Database\BaseConnection->query('SELECT *\nFROM `...', Array, false)
#4 C:\xampp\htdocs\clgproject\app\Models\stdview_model.php(19): CodeIgniter\Database\BaseBuilder->get()
#5 C:\xampp\htdocs\clgproject\app\Controllers\Stdview.php(16): App\Models\stdview_model->stdmodel2()
#6 C:\xampp\htdocs\clgproject\system\CodeIgniter.php(919): App\Controllers\Stdview->index()
#7 C:\xampp\htdocs\clgproject\system\CodeIgniter.php(494): CodeIgniter\CodeIgniter->runController(Object(App\Controllers\Stdview))
#8 C:\xampp\htdocs\clgproject\system\CodeIgniter.php(353): CodeIgniter\CodeIgniter->handleRequest(NULL, Object(Config\Cache), false)
#9 C:\xampp\htdocs\clgproject\index.php(79): CodeIgniter\CodeIgniter->run()
#10 {main}

Next CodeIgniter\Database\Exceptions\DatabaseException: No connection could be made because the target machine actively refused it in C:\xampp\htdocs\clgproject\system\Database\MySQLi\Connection.php:229
Stack trace:
#0 C:\xampp\htdocs\clgproject\system\Database\BaseConnection.php(391): CodeIgniter\Database\MySQLi\Connection->connect(false)
#1 C:\xampp\htdocs\clgproject\system\Database\BaseConnection.php(574): CodeIgniter\Database\BaseConnection->initialize()
#2 C:\xampp\htdocs\clgproject\system\Database\BaseBuilder.php(1615): CodeIgniter\Database\BaseConnection->query('SELECT *\nFROM `...', Array, false)
#3 C:\xampp\htdocs\clgproject\app\Models\stdview_model.php(19): CodeIgniter\Database\BaseBuilder->get()
#4 C:\xampp\htdocs\clgproject\app\Controllers\Stdview.php(16): App\Models\stdview_model->stdmodel2()
#5 C:\xampp\htdocs\clgproject\system\CodeIgniter.php(919): App\Controllers\Stdview->index()
#6 C:\xampp\htdocs\clgproject\system\CodeIgniter.php(494): CodeIgniter\CodeIgniter->runController(Object(App\Controllers\Stdview))
#7 C:\xampp\htdocs\clgproject\system\CodeIgniter.php(353): CodeIgniter\CodeIgniter->handleRequest(NULL, Object(Config\Cache), false)
#8 C:\xampp\htdocs\clgproject\index.php(79): CodeIgniter\CodeIgniter->run()
#9 {main}
CRITICAL - 2023-11-04 17:44:45 --> Unable to connect to the database.
Main connection [MySQLi]: No connection could be made because the target machine actively refused it
in SYSTEMPATH\Database\BaseConnection.php on line 427.
 1 SYSTEMPATH\Database\BaseConnection.php(574): CodeIgniter\Database\BaseConnection->initialize()
 2 SYSTEMPATH\Database\BaseBuilder.php(1615): CodeIgniter\Database\BaseConnection->query('SELECT *
FROM `stdbasicinfo2`', [], false)
 3 APPPATH\Models\stdview_model.php(19): CodeIgniter\Database\BaseBuilder->get()
 4 APPPATH\Controllers\Stdview.php(16): App\Models\stdview_model->stdmodel2()
 5 SYSTEMPATH\CodeIgniter.php(919): App\Controllers\Stdview->index()
 6 SYSTEMPATH\CodeIgniter.php(494): CodeIgniter\CodeIgniter->runController(Object(App\Controllers\Stdview))
 7 SYSTEMPATH\CodeIgniter.php(353): CodeIgniter\CodeIgniter->handleRequest(null, Object(Config\Cache), false)
 8 FCPATH\index.php(79): CodeIgniter\CodeIgniter->run()
ERROR - 2023-11-04 17:44:49 --> Error connecting to the database: mysqli_sql_exception: No connection could be made because the target machine actively refused it in C:\xampp\htdocs\clgproject\system\Database\MySQLi\Connection.php:184
Stack trace:
#0 C:\xampp\htdocs\clgproject\system\Database\MySQLi\Connection.php(184): mysqli->real_connect('localhost', 'root', Object(SensitiveParameterValue), 'officeauto', 3306, '', 0)
#1 C:\xampp\htdocs\clgproject\system\Database\BaseConnection.php(391): CodeIgniter\Database\MySQLi\Connection->connect(false)
#2 C:\xampp\htdocs\clgproject\system\Database\BaseConnection.php(574): CodeIgniter\Database\BaseConnection->initialize()
#3 C:\xampp\htdocs\clgproject\system\Database\BaseBuilder.php(1615): CodeIgniter\Database\BaseConnection->query('SELECT *\nFROM `...', Array, false)
#4 C:\xampp\htdocs\clgproject\app\Models\stdview_model.php(19): CodeIgniter\Database\BaseBuilder->get()
#5 C:\xampp\htdocs\clgproject\app\Controllers\Stdview.php(16): App\Models\stdview_model->stdmodel2()
#6 C:\xampp\htdocs\clgproject\system\CodeIgniter.php(919): App\Controllers\Stdview->index()
#7 C:\xampp\htdocs\clgproject\system\CodeIgniter.php(494): CodeIgniter\CodeIgniter->runController(Object(App\Controllers\Stdview))
#8 C:\xampp\htdocs\clgproject\system\CodeIgniter.php(353): CodeIgniter\CodeIgniter->handleRequest(NULL, Object(Config\Cache), false)
#9 C:\xampp\htdocs\clgproject\index.php(79): CodeIgniter\CodeIgniter->run()
#10 {main}

Next CodeIgniter\Database\Exceptions\DatabaseException: No connection could be made because the target machine actively refused it in C:\xampp\htdocs\clgproject\system\Database\MySQLi\Connection.php:229
Stack trace:
#0 C:\xampp\htdocs\clgproject\system\Database\BaseConnection.php(391): CodeIgniter\Database\MySQLi\Connection->connect(false)
#1 C:\xampp\htdocs\clgproject\system\Database\BaseConnection.php(574): CodeIgniter\Database\BaseConnection->initialize()
#2 C:\xampp\htdocs\clgproject\system\Database\BaseBuilder.php(1615): CodeIgniter\Database\BaseConnection->query('SELECT *\nFROM `...', Array, false)
#3 C:\xampp\htdocs\clgproject\app\Models\stdview_model.php(19): CodeIgniter\Database\BaseBuilder->get()
#4 C:\xampp\htdocs\clgproject\app\Controllers\Stdview.php(16): App\Models\stdview_model->stdmodel2()
#5 C:\xampp\htdocs\clgproject\system\CodeIgniter.php(919): App\Controllers\Stdview->index()
#6 C:\xampp\htdocs\clgproject\system\CodeIgniter.php(494): CodeIgniter\CodeIgniter->runController(Object(App\Controllers\Stdview))
#7 C:\xampp\htdocs\clgproject\system\CodeIgniter.php(353): CodeIgniter\CodeIgniter->handleRequest(NULL, Object(Config\Cache), false)
#8 C:\xampp\htdocs\clgproject\index.php(79): CodeIgniter\CodeIgniter->run()
#9 {main}
CRITICAL - 2023-11-04 17:44:49 --> Unable to connect to the database.
Main connection [MySQLi]: No connection could be made because the target machine actively refused it
in SYSTEMPATH\Database\BaseConnection.php on line 427.
 1 SYSTEMPATH\Database\BaseConnection.php(574): CodeIgniter\Database\BaseConnection->initialize()
 2 SYSTEMPATH\Database\BaseBuilder.php(1615): CodeIgniter\Database\BaseConnection->query('SELECT *
FROM `stdbasicinfo2`', [], false)
 3 APPPATH\Models\stdview_model.php(19): CodeIgniter\Database\BaseBuilder->get()
 4 APPPATH\Controllers\Stdview.php(16): App\Models\stdview_model->stdmodel2()
 5 SYSTEMPATH\CodeIgniter.php(919): App\Controllers\Stdview->index()
 6 SYSTEMPATH\CodeIgniter.php(494): CodeIgniter\CodeIgniter->runController(Object(App\Controllers\Stdview))
 7 SYSTEMPATH\CodeIgniter.php(353): CodeIgniter\CodeIgniter->handleRequest(null, Object(Config\Cache), false)
 8 FCPATH\index.php(79): CodeIgniter\CodeIgniter->run()
ERROR - 2023-11-04 17:58:56 --> mysqli_sql_exception: Table 'officeauto.stdbasicinfo2' doesn't exist in engine in C:\xampp\htdocs\clgproject\system\Database\MySQLi\Connection.php:306
Stack trace:
#0 C:\xampp\htdocs\clgproject\system\Database\MySQLi\Connection.php(306): mysqli->query('SELECT *\nFROM `...', 0)
#1 C:\xampp\htdocs\clgproject\system\Database\BaseConnection.php(692): CodeIgniter\Database\MySQLi\Connection->execute('SELECT *\nFROM `...')
#2 C:\xampp\htdocs\clgproject\system\Database\BaseConnection.php(606): CodeIgniter\Database\BaseConnection->simpleQuery('SELECT *\nFROM `...')
#3 C:\xampp\htdocs\clgproject\system\Database\BaseBuilder.php(1615): CodeIgniter\Database\BaseConnection->query('SELECT *\nFROM `...', Array, false)
#4 C:\xampp\htdocs\clgproject\app\Models\stdview_model.php(19): CodeIgniter\Database\BaseBuilder->get()
#5 C:\xampp\htdocs\clgproject\app\Controllers\Stdview.php(16): App\Models\stdview_model->stdmodel2()
#6 C:\xampp\htdocs\clgproject\system\CodeIgniter.php(919): App\Controllers\Stdview->index()
#7 C:\xampp\htdocs\clgproject\system\CodeIgniter.php(494): CodeIgniter\CodeIgniter->runController(Object(App\Controllers\Stdview))
#8 C:\xampp\htdocs\clgproject\system\CodeIgniter.php(353): CodeIgniter\CodeIgniter->handleRequest(NULL, Object(Config\Cache), false)
#9 C:\xampp\htdocs\clgproject\index.php(79): CodeIgniter\CodeIgniter->run()
#10 {main}
CRITICAL - 2023-11-04 17:58:56 --> Table 'officeauto.stdbasicinfo2' doesn't exist in engine
in SYSTEMPATH\Database\BaseConnection.php on line 646.
 1 SYSTEMPATH\Database\BaseBuilder.php(1615): CodeIgniter\Database\BaseConnection->query('SELECT *
FROM `stdbasicinfo2`', [], false)
 2 APPPATH\Models\stdview_model.php(19): CodeIgniter\Database\BaseBuilder->get()
 3 APPPATH\Controllers\Stdview.php(16): App\Models\stdview_model->stdmodel2()
 4 SYSTEMPATH\CodeIgniter.php(919): App\Controllers\Stdview->index()
 5 SYSTEMPATH\CodeIgniter.php(494): CodeIgniter\CodeIgniter->runController(Object(App\Controllers\Stdview))
 6 SYSTEMPATH\CodeIgniter.php(353): CodeIgniter\CodeIgniter->handleRequest(null, Object(Config\Cache), false)
 7 FCPATH\index.php(79): CodeIgniter\CodeIgniter->run()
ERROR - 2023-11-04 17:58:58 --> mysqli_sql_exception: Table 'officeauto.stdbasicinfo2' doesn't exist in engine in C:\xampp\htdocs\clgproject\system\Database\MySQLi\Connection.php:306
Stack trace:
#0 C:\xampp\htdocs\clgproject\system\Database\MySQLi\Connection.php(306): mysqli->query('SELECT *\nFROM `...', 0)
#1 C:\xampp\htdocs\clgproject\system\Database\BaseConnection.php(692): CodeIgniter\Database\MySQLi\Connection->execute('SELECT *\nFROM `...')
#2 C:\xampp\htdocs\clgproject\system\Database\BaseConnection.php(606): CodeIgniter\Database\BaseConnection->simpleQuery('SELECT *\nFROM `...')
#3 C:\xampp\htdocs\clgproject\system\Database\BaseBuilder.php(1615): CodeIgniter\Database\BaseConnection->query('SELECT *\nFROM `...', Array, false)
#4 C:\xampp\htdocs\clgproject\app\Models\stdview_model.php(19): CodeIgniter\Database\BaseBuilder->get()
#5 C:\xampp\htdocs\clgproject\app\Controllers\Stdview.php(16): App\Models\stdview_model->stdmodel2()
#6 C:\xampp\htdocs\clgproject\system\CodeIgniter.php(919): App\Controllers\Stdview->index()
#7 C:\xampp\htdocs\clgproject\system\CodeIgniter.php(494): CodeIgniter\CodeIgniter->runController(Object(App\Controllers\Stdview))
#8 C:\xampp\htdocs\clgproject\system\CodeIgniter.php(353): CodeIgniter\CodeIgniter->handleRequest(NULL, Object(Config\Cache), false)
#9 C:\xampp\htdocs\clgproject\index.php(79): CodeIgniter\CodeIgniter->run()
#10 {main}
CRITICAL - 2023-11-04 17:58:58 --> Table 'officeauto.stdbasicinfo2' doesn't exist in engine
in SYSTEMPATH\Database\BaseConnection.php on line 646.
 1 SYSTEMPATH\Database\BaseBuilder.php(1615): CodeIgniter\Database\BaseConnection->query('SELECT *
FROM `stdbasicinfo2`', [], false)
 2 APPPATH\Models\stdview_model.php(19): CodeIgniter\Database\BaseBuilder->get()
 3 APPPATH\Controllers\Stdview.php(16): App\Models\stdview_model->stdmodel2()
 4 SYSTEMPATH\CodeIgniter.php(919): App\Controllers\Stdview->index()
 5 SYSTEMPATH\CodeIgniter.php(494): CodeIgniter\CodeIgniter->runController(Object(App\Controllers\Stdview))
 6 SYSTEMPATH\CodeIgniter.php(353): CodeIgniter\CodeIgniter->handleRequest(null, Object(Config\Cache), false)
 7 FCPATH\index.php(79): CodeIgniter\CodeIgniter->run()
ERROR - 2023-11-04 18:00:29 --> mysqli_sql_exception: Table 'officeauto.stdbasicinfo2' doesn't exist in engine in C:\xampp\htdocs\clgproject\system\Database\MySQLi\Connection.php:306
Stack trace:
#0 C:\xampp\htdocs\clgproject\system\Database\MySQLi\Connection.php(306): mysqli->query('SELECT *\nFROM `...', 0)
#1 C:\xampp\htdocs\clgproject\system\Database\BaseConnection.php(692): CodeIgniter\Database\MySQLi\Connection->execute('SELECT *\nFROM `...')
#2 C:\xampp\htdocs\clgproject\system\Database\BaseConnection.php(606): CodeIgniter\Database\BaseConnection->simpleQuery('SELECT *\nFROM `...')
#3 C:\xampp\htdocs\clgproject\system\Database\BaseBuilder.php(1615): CodeIgniter\Database\BaseConnection->query('SELECT *\nFROM `...', Array, false)
#4 C:\xampp\htdocs\clgproject\app\Models\stdview_model.php(19): CodeIgniter\Database\BaseBuilder->get()
#5 C:\xampp\htdocs\clgproject\app\Controllers\Stdview.php(16): App\Models\stdview_model->stdmodel2()
#6 C:\xampp\htdocs\clgproject\system\CodeIgniter.php(919): App\Controllers\Stdview->index()
#7 C:\xampp\htdocs\clgproject\system\CodeIgniter.php(494): CodeIgniter\CodeIgniter->runController(Object(App\Controllers\Stdview))
#8 C:\xampp\htdocs\clgproject\system\CodeIgniter.php(353): CodeIgniter\CodeIgniter->handleRequest(NULL, Object(Config\Cache), false)
#9 C:\xampp\htdocs\clgproject\index.php(79): CodeIgniter\CodeIgniter->run()
#10 {main}
CRITICAL - 2023-11-04 18:00:29 --> Table 'officeauto.stdbasicinfo2' doesn't exist in engine
in SYSTEMPATH\Database\BaseConnection.php on line 646.
 1 SYSTEMPATH\Database\BaseBuilder.php(1615): CodeIgniter\Database\BaseConnection->query('SELECT *
FROM `stdbasicinfo2`', [], false)
 2 APPPATH\Models\stdview_model.php(19): CodeIgniter\Database\BaseBuilder->get()
 3 APPPATH\Controllers\Stdview.php(16): App\Models\stdview_model->stdmodel2()
 4 SYSTEMPATH\CodeIgniter.php(919): App\Controllers\Stdview->index()
 5 SYSTEMPATH\CodeIgniter.php(494): CodeIgniter\CodeIgniter->runController(Object(App\Controllers\Stdview))
 6 SYSTEMPATH\CodeIgniter.php(353): CodeIgniter\CodeIgniter->handleRequest(null, Object(Config\Cache), false)
 7 FCPATH\index.php(79): CodeIgniter\CodeIgniter->run()
